Log file open, 02/26/18 19:19:42
LogWindows: Failed to load 'aqProf.dll' (GetLastError=126)
LogWindows: File 'aqProf.dll' does not exist
LogWindows: Failed to load 'VSPerf140.dll' (GetLastError=126)
LogWindows: File 'VSPerf140.dll' does not exist
LogWindows: Failed to load 'VtuneApi.dll' (GetLastError=126)
LogWindows: File 'VtuneApi.dll' does not exist
LogWindows: Failed to load 'VtuneApi32e.dll' (GetLastError=126)
LogWindows: File 'VtuneApi32e.dll' does not exist
LogInit: Display: Running engine for game: Scine01
LogPlatformFile: Not using cached read wrapper
LogInit: Display: RandInit(1670437800) SRandInit(1670437800).
LogInit: Read version file with build ID '3709383'
LogInit: Overriding engine version to CL 3832480, compatible CL 3709383
LogInit: Registered custom module enumerator with build ID '3709383'
LogTaskGraph: Started task graph with 5 named threads and 14 total threads with 3 sets of task threads.
LogStats: Stats thread started at 0.280231
LogD3D11RHI: Aftermath initialized
LogModuleManager: Display: Found up-to-date module file ../../../Engine/Plugins/2D/Paper2D/Binaries/Win64/UE4Editor-Paper2D.dll (API version 3709383).
LogModuleManager: Display: Found up-to-date module file ../../../Engine/Plugins/2D/Paper2D/Binaries/Win64/UE4Editor-Paper2DEditor.dll (API version 3709383).
LogModuleManager: Display: Found up-to-date module file ../../../Engine/Plugins/2D/Paper2D/Binaries/Win64/UE4Editor-PaperSpriteSheetImporter.dll (API version 3709383).
LogModuleManager: Display: Found up-to-date module file ../../../Engine/Plugins/2D/Paper2D/Binaries/Win64/UE4Editor-PaperTiledImporter.dll (API version 3709383).
LogModuleManager: Display: Found up-to-date module file ../../../Engine/Plugins/2D/Paper2D/Binaries/Win64/UE4Editor-SmartSnapping.dll (API version 3709383).
LogModuleManager: Display: Found up-to-date module file ../../../Engine/Plugins/Blendables/LightPropagationVolume/Binaries/Win64/UE4Editor-LightPropagationVolumeRuntime.dll (API version 3709383).
LogModuleManager: Display: Found up-to-date module file ../../../Engine/Plugins/Blendables/LightPropagationVolume/Binaries/Win64/UE4Editor-LightPropagationVolumeEditor.dll (API version 3709383).
LogModuleManager: Display: Found up-to-date module file ../../../Engine/Plugins/Developer/GitSourceControl/Binaries/Win64/UE4Editor-GitSourceControl.dll (API version 3709383).
LogModuleManager: Display: Found up-to-date module file ../../../Engine/Plugins/Developer/PerforceSourceControl/Binaries/Win64/UE4Editor-PerforceSourceControl.dll (API version 3709383).
LogModuleManager: Display: Found up-to-date module file ../../../Engine/Plugins/Developer/SubversionSourceControl/Binaries/Win64/UE4Editor-SubversionSourceControl.dll (API version 3709383).
LogModuleManager: Display: Found up-to-date module file ../../../Engine/Plugins/Developer/UObjectPlugin/Binaries/Win64/UE4Editor-UObjectPlugin.dll (API version 3709383).
LogModuleManager: Display: Found up-to-date module file ../../../Engine/Plugins/Developer/VisualStudioCodeSourceCodeAccess/Binaries/Win64/UE4Editor-VisualStudioCodeSourceCodeAccess.dll (API version 3709383).
LogModuleManager: Display: Found up-to-date module file ../../../Engine/Plugins/Developer/VisualStudioSourceCodeAccess/Binaries/Win64/UE4Editor-VisualStudioSourceCodeAccess.dll (API version 3709383).
LogModuleManager: Display: Found up-to-date module file ../../../Engine/Plugins/Editor/AssetManagerEditor/Binaries/Win64/UE4Editor-AssetManagerEditor.dll (API version 3709383).
LogModuleManager: Display: Found up-to-date module file ../../../Engine/Plugins/Editor/AudioCapture/Binaries/Win64/UE4Editor-AudioCapture.dll (API version 3709383).
LogModuleManager: Display: Found up-to-date module file ../../../Engine/Plugins/Editor/FacialAnimation/Binaries/Win64/UE4Editor-FacialAnimation.dll (API version 3709383).
LogModuleManager: Display: Found up-to-date module file ../../../Engine/Plugins/Editor/FacialAnimation/Binaries/Win64/UE4Editor-FacialAnimationEditor.dll (API version 3709383).
LogModuleManager: Display: Found up-to-date module file ../../../Engine/Plugins/Editor/GameplayTagsEditor/Binaries/Win64/UE4Editor-GameplayTagsEditor.dll (API version 3709383).
LogModuleManager: Display: Found up-to-date module file ../../../Engine/Plugins/Editor/MobileLauncherProfileWizard/Binaries/Win64/UE4Editor-MobileLauncherProfileWizard.dll (API version 3709383).
LogModuleManager: Display: Found up-to-date module file ../../../Engine/Plugins/Editor/PluginBrowser/Binaries/Win64/UE4Editor-PluginBrowser.dll (API version 3709383).
LogModuleManager: Display: Found up-to-date module file ../../../Engine/Plugins/Editor/SpeedTreeImporter/Binaries/Win64/UE4Editor-SpeedTreeImporter.dll (API version 3709383).
LogModuleManager: Display: Found up-to-date module file ../../../Engine/Plugins/Experimental/AlembicImporter/Binaries/Win64/UE4Editor-AlembicImporter.dll (API version 3709383).
LogModuleManager: Display: Found up-to-date module file ../../../Engine/Plugins/Experimental/AlembicImporter/Binaries/Win64/UE4Editor-AlembicLibrary.dll (API version 3709383).
LogModuleManager: Display: Found up-to-date module file ../../../Engine/Plugins/Experimental/CharacterAI/Binaries/Win64/UE4Editor-CharacterAI.dll (API version 3709383).
LogModuleManager: Display: Found up-to-date module file ../../../Engine/Plugins/Experimental/HTML5Networking/Binaries/Win64/UE4Editor-HTML5Networking.dll (API version 3709383).
LogModuleManager: Display: Found up-to-date module file ../../../Engine/Plugins/Media/AndroidMedia/Binaries/Win64/UE4Editor-AndroidMediaEditor.dll (API version 3709383).
LogModuleManager: Display: Found up-to-date module file ../../../Engine/Plugins/Media/AndroidMedia/Binaries/Win64/UE4Editor-AndroidMediaFactory.dll (API version 3709383).
LogModuleManager: Display: Found up-to-date module file ../../../Engine/Plugins/Media/AvfMedia/Binaries/Win64/UE4Editor-AvfMediaEditor.dll (API version 3709383).
LogModuleManager: Display: Found up-to-date module file ../../../Engine/Plugins/Media/AvfMedia/Binaries/Win64/UE4Editor-AvfMediaFactory.dll (API version 3709383).
LogModuleManager: Display: Found up-to-date module file ../../../Engine/Plugins/Media/AvfMedia/Binaries/Win64/UE4Editor-AvfMediaFactory.dll (API version 3709383).
LogModuleManager: Display: Found up-to-date module file ../../../Engine/Plugins/Media/ImgMedia/Binaries/Win64/UE4Editor-ImgMedia.dll (API version 3709383).
LogModuleManager: Display: Found up-to-date module file ../../../Engine/Plugins/Media/ImgMedia/Binaries/Win64/UE4Editor-ImgMediaEditor.dll (API version 3709383).
LogModuleManager: Display: Found up-to-date module file ../../../Engine/Plugins/Media/ImgMedia/Binaries/Win64/UE4Editor-ImgMediaFactory.dll (API version 3709383).
LogModuleManager: Display: Found up-to-date module file ../../../Engine/Plugins/Media/ImgMedia/Binaries/Win64/UE4Editor-ImgMediaFactory.dll (API version 3709383).
LogModuleManager: Display: Found up-to-date module file ../../../Engine/Plugins/Media/ImgMedia/Binaries/Win64/UE4Editor-OpenExrWrapper.dll (API version 3709383).
LogModuleManager: Display: Found up-to-date module file ../../../Engine/Plugins/Media/MediaCompositing/Binaries/Win64/UE4Editor-MediaCompositing.dll (API version 3709383).
LogModuleManager: Display: Found up-to-date module file ../../../Engine/Plugins/Media/MediaCompositing/Binaries/Win64/UE4Editor-MediaCompositingEditor.dll (API version 3709383).
LogModuleManager: Display: Found up-to-date module file ../../../Engine/Plugins/Media/MediaPlayerEditor/Binaries/Win64/UE4Editor-MediaPlayerEditor.dll (API version 3709383).
LogModuleManager: Display: Found up-to-date module file ../../../Engine/Plugins/Media/WmfMedia/Binaries/Win64/UE4Editor-WmfMedia.dll (API version 3709383).
LogModuleManager: Display: Found up-to-date module file ../../../Engine/Plugins/Media/WmfMedia/Binaries/Win64/UE4Editor-WmfMediaEditor.dll (API version 3709383).
LogModuleManager: Display: Found up-to-date module file ../../../Engine/Plugins/Media/WmfMedia/Binaries/Win64/UE4Editor-WmfMediaFactory.dll (API version 3709383).
LogModuleManager: Display: Found up-to-date module file ../../../Engine/Plugins/Media/WmfMedia/Binaries/Win64/UE4Editor-WmfMediaFactory.dll (API version 3709383).
LogModuleManager: Display: Found up-to-date module file ../../../Engine/Plugins/Messaging/TcpMessaging/Binaries/Win64/UE4Editor-TcpMessaging.dll (API version 3709383).
LogModuleManager: Display: Found up-to-date module file ../../../Engine/Plugins/Messaging/UdpMessaging/Binaries/Win64/UE4Editor-UdpMessaging.dll (API version 3709383).
LogModuleManager: Display: Found up-to-date module file ../../../Engine/Plugins/MovieScene/ActorSequence/Binaries/Win64/UE4Editor-ActorSequence.dll (API version 3709383).
LogModuleManager: Display: Found up-to-date module file ../../../Engine/Plugins/MovieScene/LevelSequenceEditor/Binaries/Win64/UE4Editor-LevelSequenceEditor.dll (API version 3709383).
LogModuleManager: Display: Found up-to-date module file ../../../Engine/Plugins/MovieScene/MatineeToLevelSequence/Binaries/Win64/UE4Editor-MatineeToLevelSequence.dll (API version 3709383).
LogModuleManager: Display: Found up-to-date module file ../../../Engine/Plugins/Online/OnlineSubsystem/Binaries/Win64/UE4Editor-OnlineSubsystem.dll (API version 3709383).
LogModuleManager: Display: Found up-to-date module file ../../../Engine/Plugins/Runtime/AndroidPermission/Binaries/Win64/UE4Editor-AndroidPermission.dll (API version 3709383).
LogModuleManager: Display: Found up-to-date module file ../../../Engine/Plugins/Online/OnlineSubsystemNull/Binaries/Win64/UE4Editor-OnlineSubsystemNull.dll (API version 3709383).
LogModuleManager: Display: Found up-to-date module file ../../../Engine/Plugins/Online/OnlineSubsystemUtils/Binaries/Win64/UE4Editor-OnlineSubsystemUtils.dll (API version 3709383).
LogModuleManager: Display: Found up-to-date module file ../../../Engine/Plugins/Online/OnlineSubsystemUtils/Binaries/Win64/UE4Editor-OnlineBlueprintSupport.dll (API version 3709383).
LogModuleManager: Display: Found up-to-date module file ../../../Engine/Plugins/Runtime/AndroidDeviceProfileSelector/Binaries/Win64/UE4Editor-AndroidDeviceProfileSelector.dll (API version 3709383).
LogModuleManager: Display: Found up-to-date module file ../../../Engine/Plugins/Runtime/AppleARKit/Binaries/Win64/UE4Editor-AppleARKit.dll (API version 3709383).
LogModuleManager: Display: Found up-to-date module file ../../../Engine/Plugins/Runtime/ArchVisCharacter/Binaries/Win64/UE4Editor-ArchVisCharacter.dll (API version 3709383).
LogModuleManager: Display: Found up-to-date module file ../../../Engine/Plugins/Runtime/CableComponent/Binaries/Win64/UE4Editor-CableComponent.dll (API version 3709383).
LogModuleManager: Display: Found up-to-date module file ../../../Engine/Plugins/Runtime/CustomMeshComponent/Binaries/Win64/UE4Editor-CustomMeshComponent.dll (API version 3709383).
LogModuleManager: Display: Found up-to-date module file ../../../Engine/Plugins/Runtime/ExampleDeviceProfileSelector/Binaries/Win64/UE4Editor-ExampleDeviceProfileSelector.dll (API version 3709383).
LogModuleManager: Display: Found up-to-date module file ../../../Engine/Plugins/Runtime/ImmediatePhysics/Binaries/Win64/UE4Editor-ImmediatePhysics.dll (API version 3709383).
LogModuleManager: Display: Found up-to-date module file ../../../Engine/Plugins/Runtime/ImmediatePhysics/Binaries/Win64/UE4Editor-ImmediatePhysicsEditor.dll (API version 3709383).
LogModuleManager: Display: Found up-to-date module file ../../../Engine/Plugins/Runtime/LocationServicesBPLibrary/Binaries/Win64/UE4Editor-LocationServicesBPLibrary.dll (API version 3709383).
LogModuleManager: Display: Found up-to-date module file ../../../Engine/Plugins/Runtime/MobilePatchingUtils/Binaries/Win64/UE4Editor-MobilePatchingUtils.dll (API version 3709383).
LogModuleManager: Display: Found up-to-date module file ../../../Engine/Plugins/Runtime/Oculus/OculusVR/Binaries/Win64/UE4Editor-OculusHMD.dll (API version 3709383).
LogModuleManager: Display: Found up-to-date module file ../../../Engine/Plugins/Runtime/Oculus/OculusVR/Binaries/Win64/UE4Editor-OculusInput.dll (API version 3709383).
LogModuleManager: Display: Found up-to-date module file ../../../Engine/Plugins/Runtime/Oculus/OculusVR/Binaries/Win64/UE4Editor-OculusEditor.dll (API version 3709383).
LogModuleManager: Display: Found up-to-date module file ../../../Engine/Plugins/Runtime/PhysXVehicles/Binaries/Win64/UE4Editor-PhysXVehicles.dll (API version 3709383).
LogModuleManager: Display: Found up-to-date module file ../../../Engine/Plugins/Runtime/PhysXVehicles/Binaries/Win64/UE4Editor-PhysXVehiclesEditor.dll (API version 3709383).
LogModuleManager: Display: Found up-to-date module file ../../../Engine/Plugins/Runtime/ProceduralMeshComponent/Binaries/Win64/UE4Editor-ProceduralMeshComponent.dll (API version 3709383).
LogModuleManager: Display: Found up-to-date module file ../../../Engine/Plugins/Runtime/ProceduralMeshComponent/Binaries/Win64/UE4Editor-ProceduralMeshComponentEditor.dll (API version 3709383).
LogModuleManager: Display: Found up-to-date module file ../../../Engine/Plugins/Runtime/RuntimePhysXCooking/Binaries/Win64/UE4Editor-RuntimePhysXCooking.dll (API version 3709383).
LogModuleManager: Display: Found up-to-date module file ../../../Engine/Plugins/Runtime/Steam/SteamVR/Binaries/Win64/UE4Editor-SteamVR.dll (API version 3709383).
LogModuleManager: Display: Found up-to-date module file ../../../Engine/Plugins/Runtime/Steam/SteamVR/Binaries/Win64/UE4Editor-SteamVRController.dll (API version 3709383).
LogModuleManager: Display: Found up-to-date module file ../../../Engine/Plugins/Runtime/WindowsMoviePlayer/Binaries/Win64/UE4Editor-WindowsMoviePlayer.dll (API version 3709383).
LogPluginManager: Mounting plugin Paper2D
LogPluginManager: Mounting plugin LightPropagationVolume
LogPluginManager: Mounting plugin CodeLiteSourceCodeAccess
LogPluginManager: Mounting plugin GitSourceControl
LogPluginManager: Mounting plugin KDevelopSourceCodeAccess
LogPluginManager: Mounting plugin NullSourceCodeAccess
LogPluginManager: Mounting plugin PerforceSourceControl
LogPluginManager: Mounting plugin SubversionSourceControl
LogPluginManager: Mounting plugin UObjectPlugin
LogPluginManager: Mounting plugin VisualStudioCodeSourceCodeAccess
LogPluginManager: Mounting plugin VisualStudioSourceCodeAccess
LogPluginManager: Mounting plugin XCodeSourceCodeAccess
LogPluginManager: Mounting plugin AssetManagerEditor
LogPluginManager: Mounting plugin AudioCapture
LogPluginManager: Mounting plugin FacialAnimation
LogPluginManager: Mounting plugin GameplayTagsEditor
LogPluginManager: Mounting plugin MobileLauncherProfileWizard
LogPluginManager: Mounting plugin PluginBrowser
LogPluginManager: Mounting plugin SpeedTreeImporter
LogPluginManager: Mounting plugin AlembicImporter
LogPluginManager: Mounting plugin CharacterAI
LogPluginManager: Mounting plugin HTML5Networking
LogPluginManager: Mounting plugin AndroidMedia
LogPluginManager: Mounting plugin AvfMedia
LogPluginManager: Mounting plugin ImgMedia
LogPluginManager: Mounting plugin MediaCompositing
LogPluginManager: Mounting plugin MediaPlayerEditor
LogPluginManager: Mounting plugin WmfMedia
LogPluginManager: Mounting plugin TcpMessaging
LogPluginManager: Mounting plugin UdpMessaging
LogPluginManager: Mounting plugin ActorSequence
LogPluginManager: Mounting plugin LevelSequenceEditor
LogPluginManager: Mounting plugin MatineeToLevelSequence
LogPluginManager: Mounting plugin OnlineSubsystemGooglePlay
LogPluginManager: Mounting plugin OnlineSubsystemIOS
LogPluginManager: Mounting plugin OnlineSubsystem
LogPluginManager: Mounting plugin OnlineSubsystemNull
LogPluginManager: Mounting plugin OnlineSubsystemUtils
LogPluginManager: Mounting plugin AndroidDeviceProfileSelector
LogPluginManager: Mounting plugin AndroidMoviePlayer
LogPluginManager: Mounting plugin AndroidPermission
LogPluginManager: Mounting plugin AppleARKit
LogPluginManager: Mounting plugin AppleMoviePlayer
LogPluginManager: Mounting plugin ArchVisCharacter
LogPluginManager: Mounting plugin CableComponent
LogPluginManager: Mounting plugin CustomMeshComponent
LogPluginManager: Mounting plugin ExampleDeviceProfileSelector
LogPluginManager: Mounting plugin GoogleCloudMessaging
LogPluginManager: Mounting plugin ImmediatePhysics
LogPluginManager: Mounting plugin IOSDeviceProfileSelector
LogPluginManager: Mounting plugin LinuxDeviceProfileSelector
LogPluginManager: Mounting plugin LocationServicesBPLibrary
LogPluginManager: Mounting plugin MobilePatchingUtils
LogPluginManager: Mounting plugin OculusVR
LogPluginManager: Plugin shader directory ../../../Engine/Plugins/Runtime/Oculus/OculusVR/Shaders found
LogPluginManager: Mapping shader source directory ../../../Engine/Plugins/Runtime/Oculus/OculusVR/Shaders to virtual directory /Plugin/OculusVR
LogPluginManager: Mounting plugin PhysXVehicles
LogPluginManager: Mounting plugin ProceduralMeshComponent
LogPluginManager: Mounting plugin RuntimePhysXCooking
LogPluginManager: Mounting plugin SteamVR
LogPluginManager: Mounting plugin WindowsMoviePlayer
LogInit: Using libcurl 7.47.1
LogInit:  - built for x86_64-pc-win32
LogInit:  - supports SSL with OpenSSL/1.0.2g
LogInit:  - supports HTTP deflate (compression) using libz 1.2.8
LogInit:  - other features:
LogInit:      CURL_VERSION_SSL
LogInit:      CURL_VERSION_LIBZ
LogInit:      CURL_VERSION_IPV6
LogInit:      CURL_VERSION_ASYNCHDNS
LogInit:      CURL_VERSION_LARGEFILE
LogInit:      CURL_VERSION_IDN
LogInit:  CurlRequestOptions (configurable via config and command line):
LogInit:  - bVerifyPeer = false  - Libcurl will NOT verify peer certificate
LogInit:  - bUseHttpProxy = false  - Libcurl will NOT use HTTP proxy
LogInit:  - bDontReuseConnections = false  - Libcurl will reuse connections
LogInit:  - CertBundlePath = nullptr  - Libcurl will use whatever was configured at build time.
LogInit: Build: ++UE4+Release-4.18-CL-3832480
LogInit: Engine Version: 4.18.3-3832480+++UE4+Release-4.18
LogInit: Compatible Engine Version: 4.18.0-3709383+++UE4+Release-4.18
LogInit: Net CL: 3709383
LogDevObjectVersion: Number of dev versions registered: 16
LogDevObjectVersion:   Dev-Blueprints (B0D832E4-1F89-4F0D-ACCF-7EB736FD4AA2): 10
LogDevObjectVersion:   Dev-Build (E1C64328-A22C-4D53-A36C-8E866417BD8C): 0
LogDevObjectVersion:   Dev-Core (375EC13C-06E4-48FB-B500-84F0262A717E): 2
LogDevObjectVersion:   Dev-Editor (E4B068ED-F494-42E9-A231-DA0B2E46BB41): 20
LogDevObjectVersion:   Dev-Framework (CFFC743F-43B0-4480-9391-14DF171D2073): 30
LogDevObjectVersion:   Dev-Mobile (B02B49B5-BB20-44E9-A304-32B752E40360): 0
LogDevObjectVersion:   Dev-Networking (A4E4105C-59A1-49B5-A7C5-40C4547EDFEE): 0
LogDevObjectVersion:   Dev-Online (39C831C9-5AE6-47DC-9A44-9C173E1C8E7C): 0
LogDevObjectVersion:   Dev-Physics (78F01B33-EBEA-4F98-B9B4-84EACCB95AA2): 0
LogDevObjectVersion:   Dev-Platform (6631380F-2D4D-43E0-8009-CF276956A95A): 0
LogDevObjectVersion:   Dev-Rendering (12F88B9F-8875-4AFC-A67C-D90C383ABD29): 20
LogDevObjectVersion:   Dev-Sequencer (7B5AE74C-D270-4C10-A958-57980B212A5A): 4
LogDevObjectVersion:   Dev-VR (D7296918-1DD6-4BDD-9DE2-64A83CC13884): 0
LogDevObjectVersion:   Dev-LoadTimes (C2A15278-BFE7-4AFE-6C17-90FF531DF755): 1
LogDevObjectVersion:   Private-Geometry (6EACA3D4-40EC-4CC1-B786-8BED09428FC5): 1
LogDevObjectVersion:   Dev-AnimPhys (29E575DD-E0A3-4627-9D10-D276232CDCEA): 12
LogInit: Compiled (64-bit): Jan 12 2018 02:04:55
LogInit: Compiled with Visual C++: 19.00.24215.01
LogInit: Build Configuration: Development
LogInit: Branch Name: ++UE4+Release-4.18
LogInit: Command line: -EpicPortal 
LogInit: Base directory: C:/Program Files/Epic Games/UE_4.18/Engine/Binaries/Win64/
LogInit: Installed Engine Build: 1
LogInit: Presizing for max 8388607 objects, including 0 objects not considered by GC, pre-allocating 0 bytes for permanent pool.
LogInit: Object subsystem initialized
[2018.02.26-16.19.46:818][  0]LogInit: Selected Device Profile: [Windows]
[2018.02.26-16.19.46:818][  0]LogInit: Applying CVar settings loaded from the selected device profile: [Windows]
[2018.02.26-16.19.46:882][  0]LogInit: Computer: VIKING78COMP
[2018.02.26-16.19.46:882][  0]LogInit: User: Viking78
[2018.02.26-16.19.46:882][  0]LogInit: CPU Page size=4096, Cores=4
[2018.02.26-16.19.46:882][  0]LogInit: High frequency timer resolution =3.215354 MHz
[2018.02.26-16.19.46:883][  0]LogMemory: Memory total: Physical=16.0GB (16GB approx)
[2018.02.26-16.19.46:883][  0]LogMemory: Platform Memory Stats for Windows
[2018.02.26-16.19.46:883][  0]LogMemory: Process Physical Memory: 274.38 MB used, 274.38 MB peak
[2018.02.26-16.19.46:883][  0]LogMemory: Process Virtual Memory: 269.60 MB used, 269.60 MB peak
[2018.02.26-16.19.46:883][  0]LogMemory: Physical Memory: 8788.77 MB used,  7558.95 MB free, 16347.72 MB total
[2018.02.26-16.19.46:883][  0]LogMemory: Virtual Memory: 677.06 MB used,  7558.95 MB free, 134217728.00 MB total
[2018.02.26-16.19.47:711][  0]LogInit: Using OS detected language (ru-RU).
[2018.02.26-16.19.47:711][  0]LogInit: Using OS detected locale (ru-RU).
[2018.02.26-16.19.47:950][  0]LogTextLocalizationManager: No localization for 'ru-RU' exists, so 'en' will be used for the language.
[2018.02.26-16.19.47:951][  0]LogTextLocalizationManager: No localization for 'ru-RU' exists, so 'en' will be used for the locale.
[2018.02.26-16.19.49:919][  0]LogInit: Setting process to per monitor DPI aware
[2018.02.26-16.19.58:389][  0]LogD3D11RHI: D3D11 adapters:
[2018.02.26-16.19.58:576][  0]LogD3D11RHI:    0. 'NVIDIA GeForce GTX 650 Ti' (Feature Level 11_0)
[2018.02.26-16.19.58:576][  0]LogD3D11RHI:       995/0/8173 MB DedicatedVideo/DedicatedSystem/SharedSystem, Outputs:2, VendorId:0x10de
[2018.02.26-16.19.58:583][  0]LogD3D11RHI:    1. 'Microsoft Basic Render Driver' (Feature Level 11_0)
[2018.02.26-16.19.58:583][  0]LogD3D11RHI:       0/0/8173 MB DedicatedVideo/DedicatedSystem/SharedSystem, Outputs:0, VendorId:0x1414
[2018.02.26-16.19.58:583][  0]LogD3D11RHI: Chosen D3D11 Adapter: 0
[2018.02.26-16.19.58:609][  0]LogD3D11RHI: Creating new Direct3DDevice
[2018.02.26-16.19.58:609][  0]LogD3D11RHI:     GPU DeviceId: 0x11c6 (for the marketing name, search the web for "GPU Device Id")
[2018.02.26-16.19.58:609][  0]LogWindows: EnumDisplayDevices:
[2018.02.26-16.19.58:610][  0]LogWindows:    0. 'NVIDIA GeForce GTX 650 Ti' (P:1 D:1)
[2018.02.26-16.19.58:610][  0]LogWindows:    1. 'NVIDIA GeForce GTX 650 Ti' (P:0 D:1)
[2018.02.26-16.19.58:611][  0]LogWindows:    2. 'NVIDIA GeForce GTX 650 Ti' (P:0 D:0)
[2018.02.26-16.19.58:613][  0]LogWindows:    3. 'NVIDIA GeForce GTX 650 Ti' (P:0 D:0)
[2018.02.26-16.19.58:613][  0]LogWindows: DebugString: GetVideoDriverDetailsInvalid PrimaryIsNotTheChoosenAdapter GetVideoDriverDetailsInvalid PrimaryIsNotTheChoosenAdapter GetVideoDriverDetailsInvalid PrimaryIsNotTheChoosenAdapter GetVideoDriverDetailsInvalid PrimaryIsNotTheChoosenAdapter FoundDriverCount:0 
[2018.02.26-16.19.58:613][  0]LogD3D11RHI:     Adapter Name: NVIDIA GeForce GTX 650 Ti
[2018.02.26-16.19.58:613][  0]LogD3D11RHI:   Driver Version: Unknown (internal:Unknown, unified:Unknown)
[2018.02.26-16.19.58:613][  0]LogD3D11RHI:      Driver Date: Unknown
[2018.02.26-16.19.58:614][  0]LogRHI: Texture pool is 696 MB (70% of 995 MB)
[2018.02.26-16.19.58:714][  0]LogD3D11RHI: Async texture creation enabled
[2018.02.26-16.19.58:743][  0]LogD3D11RHI: GPU Timing Frequency: 1000.000000 (Debug: 2 1)
[2018.02.26-16.19.58:806][  0]LogShaderCompilers: Guid format shader working directory is -25 characters bigger than the processId version (../../../../../../Users/Viking78/Documents/Unreal Projects/PapasP/Scine01/Intermediate/Shaders/WorkingDirectory/37808/).
[2018.02.26-16.19.58:806][  0]LogShaderCompilers: Cleaned the shader compiler working directory 'C:/Users/Viking78/AppData/Local/Temp/UnrealShaderWorkingDir/ED78D21B4BC9E6802205F8A3F61623C0/'.
[2018.02.26-16.19.58:806][  0]LogShaderCompilers: Display: Using Local Shader Compiler.
[2018.02.26-16.20.05:729][  0]LogTemp: Display: Loaded TP AllDesktopTargetPlatform
[2018.02.26-16.20.05:827][  0]LogTemp: Display: Loaded TP MacClientTargetPlatform
[2018.02.26-16.20.05:924][  0]LogTemp: Display: Loaded TP MacNoEditorTargetPlatform
[2018.02.26-16.20.06:023][  0]LogTemp: Display: Loaded TP MacServerTargetPlatform
[2018.02.26-16.20.06:145][  0]LogTemp: Display: Loaded TP MacTargetPlatform
[2018.02.26-16.20.06:243][  0]LogTemp: Display: Loaded TP WindowsClientTargetPlatform
[2018.02.26-16.20.06:341][  0]LogTemp: Display: Loaded TP WindowsNoEditorTargetPlatform
[2018.02.26-16.20.06:437][  0]LogTemp: Display: Loaded TP WindowsServerTargetPlatform
[2018.02.26-16.20.06:526][  0]LogTemp: Display: Loaded TP WindowsTargetPlatform
[2018.02.26-16.20.06:626][  0]LogTemp: Display: Loaded TP Android_ASTCTargetPlatform
[2018.02.26-16.20.06:716][  0]LogTemp: Display: Loaded TP Android_ATCTargetPlatform
[2018.02.26-16.20.06:812][  0]LogTemp: Display: Loaded TP Android_DXTTargetPlatform
[2018.02.26-16.20.06:905][  0]LogTemp: Display: Loaded TP Android_ETC1TargetPlatform
[2018.02.26-16.20.06:996][  0]LogTemp: Display: Loaded TP Android_ETC2TargetPlatform
[2018.02.26-16.20.07:193][  0]LogTemp: Display: Loaded TP Android_MultiTargetPlatform
[2018.02.26-16.20.07:193][  0]LogTemp: Display: Loaded TP Android_PVRTCTargetPlatform
[2018.02.26-16.20.07:314][  0]LogTemp: Display: Loaded TP AndroidTargetPlatform
[2018.02.26-16.20.07:392][  0]LogTemp: Display: Loaded TP HTML5TargetPlatform
[2018.02.26-16.20.07:553][  0]LogTemp: Display: Loaded TP IOSTargetPlatform
[2018.02.26-16.20.07:601][  0]LogTemp: Display: Loaded TP TVOSTargetPlatform
[2018.02.26-16.20.07:694][  0]LogTemp: Display: Loaded TP LinuxClientTargetPlatform
[2018.02.26-16.20.07:784][  0]LogTemp: Display: Loaded TP LinuxNoEditorTargetPlatform
[2018.02.26-16.20.07:879][  0]LogTemp: Display: Loaded TP LinuxServerTargetPlatform
[2018.02.26-16.20.07:989][  0]LogTemp: Display: Loaded TP LinuxTargetPlatform
[2018.02.26-16.20.07:989][  0]LogTargetPlatformManager: Display: Building Assets For Windows
[2018.02.26-16.20.08:974][  0]LogDerivedDataCache: Display: Max Cache Size: 512 MB
[2018.02.26-16.20.09:275][  0]LogDerivedDataCache: Loaded boot cache 0.30s 74MB C:/Users/Viking78/AppData/Local/UnrealEngine/4.18/DerivedDataCache/Boot.ddc.
[2018.02.26-16.20.09:275][  0]LogDerivedDataCache: Display: Loaded Boot cache: C:/Users/Viking78/AppData/Local/UnrealEngine/4.18/DerivedDataCache/Boot.ddc
[2018.02.26-16.20.09:275][  0]LogDerivedDataCache: FDerivedDataBackendGraph:  Pak pak cache file ../../../../../../Users/Viking78/Documents/Unreal Projects/PapasP/Scine01/DerivedDataCache/DDC.ddp not found, will not use a pak cache.
[2018.02.26-16.20.09:275][  0]LogDerivedDataCache: Unable to find inner node Pak for hierarchical cache Hierarchy.
[2018.02.26-16.20.09:275][  0]LogDerivedDataCache: FDerivedDataBackendGraph:  CompressedPak pak cache file ../../../../../../Users/Viking78/Documents/Unreal Projects/PapasP/Scine01/DerivedDataCache/Compressed.ddp not found, will not use a pak cache.
[2018.02.26-16.20.09:275][  0]LogDerivedDataCache: Unable to find inner node CompressedPak for hierarchical cache Hierarchy.
[2018.02.26-16.20.09:304][  0]LogDerivedDataCache: Display: Pak cache opened for reading ../../../Engine/DerivedDataCache/Compressed.ddp.
[2018.02.26-16.20.09:317][  0]LogDerivedDataCache: Using Local data cache path C:/Users/Viking78/AppData/Local/UnrealEngine/Common/DerivedDataCache: Writable
[2018.02.26-16.20.09:333][  0]LogMaterial: Verifying Global Shaders for PCD3D_SM5
[2018.02.26-16.20.09:334][  0]LogSlate: Using Freetype 2.6.0
[2018.02.26-16.20.09:414][  0]LogSlate: SlateFontCache - WITH_FREETYPE: 1, WITH_HARFBUZZ: 1
[2018.02.26-16.20.09:414][  0]LogSlate: SlateFontCache - WITH_FREETYPE: 1, WITH_HARFBUZZ: 1
[2018.02.26-16.20.11:688][  0]LogInit: Selected Device Profile: [Windows]
[2018.02.26-16.20.12:368][  0]LogSimplygon: Simplygon DLL not present - disabling.
[2018.02.26-16.20.12:454][  0]LogMeshReduction: Using SimplygonSwarm for distributed automatic mesh merging
[2018.02.26-16.20.12:454][  0]LogMeshReduction: Using QuadricMeshReduction for automatic static mesh reduction
[2018.02.26-16.20.12:454][  0]LogMeshReduction: No automatic skeletal mesh reduction module available
[2018.02.26-16.20.12:454][  0]LogMeshReduction: No automatic mesh merging module available
[2018.02.26-16.20.12:454][  0]LogMeshMerging: No automatic mesh merging module available
[2018.02.26-16.20.12:524][  0]LogNetVersion: Scine01 , NetCL: 3709383, EngineNetVer: 2, GameNetVer: 0 (Checksum: 602720952)
[2018.02.26-16.20.13:048][  0]LogAssetRegistry: FAssetRegistry took 0.0412 seconds to start up
[2018.02.26-16.20.15:023][  0]LogPackageLocalizationCache: Processed 7 localized package path(s) for 1 prioritized culture(s) in 0.132030 seconds
[2018.02.26-16.20.15:048][  0]LogUObjectArray: 35870 objects as part of root set at end of initial load.
[2018.02.26-16.20.15:048][  0]LogUObjectAllocator: 7363704 out of 0 bytes used by permanent object pool.
[2018.02.26-16.20.15:048][  0]LogUObjectArray: CloseDisregardForGC: 0/0 objects in disregard for GC pool
[2018.02.26-16.20.15:464][  0]LogInit: WinSock: version 1.1 (2.2), MaxSocks=32767, MaxUdp=65467
[2018.02.26-16.20.59:728][  0]LogTcpMessaging: Initializing TcpMessaging bridge
[2018.02.26-16.21.00:031][  0]LogUdpMessaging: Initializing bridge on interface 0.0.0.0:0 to multicast group 230.0.0.1:6666.
[2018.02.26-16.21.03:665][  0]LogMaterial: Uniform references updated for custom material expression Custom.
[2018.02.26-16.21.04:542][  0]SourceControl: Source control is disabled
[2018.02.26-16.21.04:542][  0]SourceControl: Source control is disabled
[2018.02.26-16.21.04:656][  0]SourceControl: Source control is disabled
[2018.02.26-16.21.04:767][  0]SourceControl: Source control is disabled
[2018.02.26-16.21.06:799][  0]LogAndroidPermission: UAndroidPermissionCallbackProxy::GetInstance
[2018.02.26-16.21.07:373][  0]LogOcInput: OculusInput pre-init called
[2018.02.26-16.21.08:073][  0]LogEngine: Initializing Engine...
[2018.02.26-16.21.08:076][  0]LogHMD: Failed to initialize OpenVR with code 110
[2018.02.26-16.21.08:131][  0]LogMaterial: Missing cached shader map for material MAT_LevelColorationLitLightmapUV, compiling. Is special engine material.
[2018.02.26-16.21.09:343][  0]LogMaterial: Missing cached shader map for material ShadedLevelColorationLitMaterial, compiling. Is special engine material.
[2018.02.26-16.21.11:021][  0]LogMaterial: Missing cached shader map for material ShadedLevelColorationUnlitMateri, compiling. Is special engine material.
[2018.02.26-16.21.12:141][  0]LogMaterial: Missing cached shader map for material VertexColorMaterial, compiling. 
[2018.02.26-16.21.12:809][  0]LogMaterial: Missing cached shader map for material VertexColorViewMode_ColorOnly, compiling. 
[2018.02.26-16.21.12:902][  0]LogMaterial: Missing cached shader map for material VertexColorViewMode_AlphaAsColor, compiling. 
[2018.02.26-16.21.12:972][  0]LogMaterial: Missing cached shader map for material VertexColorViewMode_RedOnly, compiling. 
[2018.02.26-16.21.13:046][  0]LogMaterial: Missing cached shader map for material VertexColorViewMode_GreenOnly, compiling. 
[2018.02.26-16.21.13:149][  0]LogMaterial: Missing cached shader map for material VertexColorViewMode_BlueOnly, compiling. 
[2018.02.26-16.21.13:240][  0]LogMaterial: Missing cached shader map for material RemoveSurfaceMaterial, compiling. 
[2018.02.26-16.21.13:280][  0]LogMaterial: Missing cached shader map for material DebugMeshMaterial, compiling. 
[2018.02.26-16.21.13:367][  0]LogMaterial: Missing cached shader map for material M_InvalidLightmapSettings, compiling. 
[2018.02.26-16.21.13:592][  0]LogMaterial: Missing cached shader map for material GizmoMaterial, compiling. 
[2018.02.26-16.21.13:655][  0]LogMaterial: Missing cached shader map for material PhAT_JointLimitMaterial, compiling. 
[2018.02.26-16.21.13:786][  0]LogMaterial: Missing cached shader map for material GeomMaterial, compiling. 
[2018.02.26-16.21.13:876][  0]LogMaterial: Missing cached shader map for material EditorBrushMaterial, compiling. 
[2018.02.26-16.21.13:950][  0]LogMaterial: Missing cached shader map for material BoneWeightMaterial, compiling. 
[2018.02.26-16.21.14:455][  0]LogMaterial: Missing cached shader map for material ClothMaterial, compiling. 
[2018.02.26-16.21.14:540][  0]LogMaterial: Missing cached shader map for material ClothMaterial_WF, compiling. 
[2018.02.26-16.21.14:606][  0]LogMaterial: Missing cached shader map for material DebugEditorMaterial, compiling. 
[2018.02.26-16.21.14:675][  0]LogMaterial: Missing cached shader map for material PreviewShadowIndicatorMaterial, compiling. 
[2018.02.26-16.21.15:057][  0]LogStats: UGameplayTagsManager::ConstructGameplayTagTree: Construct from data asset -  0.000 s
[2018.02.26-16.21.15:057][  0]LogStats: UGameplayTagsManager::ConstructGameplayTagTree: GameplayTagTreeChangedEvent.Broadcast -  0.000 s
[2018.02.26-16.21.15:586][  0]LogAIModule: Creating AISystem for world Untitled
[2018.02.26-16.21.15:621][  0]LogInit: XAudio2 using 'Наушники (Устройство с поддержкой High Definition Audio)' : 2 channels at 48 kHz using 16 bits per sample (channel mask 0x3)
[2018.02.26-16.21.15:656][  0]LogInit: FAudioDevice initialized.
[2018.02.26-16.21.15:889][  0]LogDerivedDataCache: Saved boot cache 0.23s 74MB C:/Users/Viking78/AppData/Local/UnrealEngine/4.18/DerivedDataCache/Boot.ddc.
[2018.02.26-16.21.15:919][  0]LogInit: Texture streaming: Enabled
[2018.02.26-16.21.16:338][  0]LogEngineSessionManager: EngineSessionManager initialized
[2018.02.26-16.21.16:923][  0]LogInit: Transaction tracking system initialized
[2018.02.26-16.21.18:261][  0]BlueprintLog: New page: Editor Load
[2018.02.26-16.21.22:151][  0]LocalizationService: Localization service is disabled
[2018.02.26-16.21.25:453][  0]LogConsoleResponse: Display: 
[2018.02.26-16.21.25:598][  0]LogMaterial: Missing cached shader map for material Cross_Mat, compiling. 
[2018.02.26-16.21.25:654][  0]LogMaterial: Missing cached shader map for material PhAT_BoneSelectedMaterial, compiling. 
[2018.02.26-16.21.25:704][  0]LogMaterial: Missing cached shader map for material PhAT_ElemSelectedMaterial, compiling. 
[2018.02.26-16.21.25:742][  0]LogMaterial: Missing cached shader map for material PhAT_NoCollisionMaterial, compiling. 
[2018.02.26-16.21.25:785][  0]LogMaterial: Missing cached shader map for material PhAT_UnselectedMaterial, compiling. 
[2018.02.26-16.21.25:865][  0]LogMaterial: Missing cached shader map for material Tick_Mat, compiling. 
[2018.02.26-16.21.26:048][  0]LogMaterial: Missing cached shader map for material WidgetGridVertexColorMaterial_Ma, compiling. 
[2018.02.26-16.21.26:191][  0]LogMaterial: Missing cached shader map for material WidgetMaterial, compiling. 
[2018.02.26-16.21.26:296][  0]LogMaterial: Missing cached shader map for material WidgetMaterial_Current, compiling. 
[2018.02.26-16.21.26:369][  0]LogMaterial: Missing cached shader map for material WidgetMaterial_X, compiling. 
[2018.02.26-16.21.26:484][  0]LogMaterial: Missing cached shader map for material WidgetMaterial_Y, compiling. 
[2018.02.26-16.21.26:585][  0]LogMaterial: Missing cached shader map for material WidgetMaterial_Z, compiling. 
[2018.02.26-16.21.26:665][  0]LogMaterial: Missing cached shader map for material WidgetVertexColorMaterial, compiling. 
[2018.02.26-16.21.26:950][  0]LogMaterial: Missing cached shader map for material LevelGridMaterial, compiling. 
[2018.02.26-16.21.27:400][  0]LogMaterial: Missing cached shader map for material BlinkingCaret, compiling. 
[2018.02.26-16.21.27:945][  0]LogMaterial: Missing cached shader map for material M_StreamingPause, compiling. 
[2018.02.26-16.21.28:111][  0]LogCook: Display: Max memory allowance for cook 16384mb min free memory 0mb
[2018.02.26-16.21.28:112][  0]LogFileCache: Scanning file cache for directory 'C:/Users/Viking78/Documents/Unreal Projects/PapasP/Scine01/Content/' took 0.04s
[2018.02.26-16.21.28:112][  0]LogCook: Display: Mobile HDR setting 1
[2018.02.26-16.21.28:112][  0]LogGameplayTags: Display: UGameplayTagsManager::DoneAddingNativeTags. DelegateIsBound: 0
[2018.02.26-16.21.35:499][  0]SourceControl: Source control is disabled
[2018.02.26-16.21.35:499][  0]Cmd: MAP LOAD FILE="../../../Engine/Content/Maps/Templates/Template_Default.umap" TEMPLATE=1 SHOWPROGRESS=1 FEATURELEVEL=3
[2018.02.26-16.21.35:500][  0]LightingResults: New page: Lighting Build
[2018.02.26-16.21.35:600][  0]MapCheck: New page: Map Check
[2018.02.26-16.21.35:600][  0]LightingResults: New page: Lighting Build
[2018.02.26-16.21.36:171][  0]LogMaterial: Missing cached shader map for material M_Sky_Panning_Clouds2, compiling. 
[2018.02.26-16.21.36:253][  0]LogAIModule: Creating AISystem for world Untitled_1
[2018.02.26-16.21.36:290][  0]LogEditorServer: Finished looking for orphan Actors (0.000 secs)
[2018.02.26-16.21.36:327][  0]Cmd: MAP CHECKDEP NOCLEARLOG
[2018.02.26-16.21.36:427][  0]MapCheck: Map check complete: 0 Error(s), 0 Warning(s), took 99.313ms to complete.
[2018.02.26-16.21.36:427][  0]LogFileHelpers: Loading map 'Template_Default' took 0.927
[2018.02.26-16.21.36:829][  0]LogCollectionManager: Loaded 0 collections in 0.003116 seconds
[2018.02.26-16.21.36:983][  0]LogFileCache: Scanning file cache for directory 'C:/Users/Viking78/Documents/Unreal Projects/PapasP/Scine01/Saved/Collections/' took 0.01s
[2018.02.26-16.21.36:983][  0]LogFileCache: Scanning file cache for directory 'C:/Users/Viking78/Documents/Unreal Projects/PapasP/Scine01/Content/Developers/Viking78/Collections/' took 0.01s
[2018.02.26-16.21.36:983][  0]LogFileCache: Scanning file cache for directory 'C:/Users/Viking78/Documents/Unreal Projects/PapasP/Scine01/Content/Collections/' took 0.01s
[2018.02.26-16.21.36:983][  0]LogCollectionManager: Rebuilt the GUID cache for 0 collections in 0.000000 seconds
[2018.02.26-16.21.36:999][  0]LogContentBrowser: Native class hierarchy populated in 0.0149 seconds. Added 2363 classes and 519 folders.
[2018.02.26-16.21.37:181][  0]LogContentBrowser: Native class hierarchy updated for 'WidgetCarousel' in 0.0003 seconds. Added 0 classes and 0 folders.
[2018.02.26-16.21.39:217][  0]LogContentBrowser: Native class hierarchy updated for 'AddContentDialog' in 0.0005 seconds. Added 0 classes and 0 folders.
[2018.02.26-16.21.39:622][  0]LogContentBrowser: Native class hierarchy updated for 'SceneOutliner' in 0.0008 seconds. Added 1 classes and 2 folders.
[2018.02.26-16.21.39:706][  0]LogSlate: Took 0.000454 seconds to synchronously load lazily loaded font '../../../Engine/Content/Slate/Fonts/Roboto-Regular.ttf' (155K)
[2018.02.26-16.21.39:713][  0]LogSlate: Took 0.001281 seconds to synchronously load lazily loaded font '../../../Engine/Content/Slate/Fonts/Roboto-Bold.ttf' (160K)
[2018.02.26-16.21.39:852][  0]LogSlate: Took 0.070241 seconds to synchronously load lazily loaded font '../../../Engine/Content/Editor/Slate/Fonts/FontAwesome.ttf' (139K)
[2018.02.26-16.21.40:306][  0]LogMaterial: Missing cached shader map for material LevelGridMaterial2, compiling. 
[2018.02.26-16.21.40:702][  0]LogRenderer: Reallocating scene render targets to support 1208x580 Format 9 NumSamples 1 (Frame:1).
[2018.02.26-16.21.41:799][  0]LogContentBrowser: Native class hierarchy updated for 'HierarchicalLODOutliner' in 0.0014 seconds. Added 1 classes and 2 folders.
[2018.02.26-16.21.41:799][  0]LogLoad: (Engine Initialization) Total time: 123.09 seconds
[2018.02.26-16.21.41:799][  0]LogLoad: (Engine Initialization) Total Blueprint compile time: 0.00 seconds
[2018.02.26-16.21.41:799][  0]LogExternalProfiler: No external profilers were discovered.  External profiling features will not be available.
[2018.02.26-16.21.42:207][  0]LogContentStreaming: Texture pool size now 800 MB
[2018.02.26-16.21.49:074][  7]LogAssetRegistry: Asset discovery search completed in 96.0536 seconds
[2018.02.26-16.21.49:081][  7]LogCollectionManager: Rebuilt the object cache for 0 collections in 0.000001 seconds (found 0 objects)
[2018.02.26-16.21.49:081][  7]LogCollectionManager: Fixed up redirectors for 0 collections in 0.000149 seconds (updated 0 objects)
[2018.02.26-16.22.02:503][339]LogEditorViewport: Clicking on Actor (LMB): BP_Sky_Sphere_C (Sky Sphere)
[2018.02.26-16.22.02:541][339]LogEditorViewport: Clicking on Actor (LMB): StaticMeshActor (Floor)
[2018.02.26-16.22.02:662][339]LogEditorViewport: Clicking on Actor (LMB): BP_Sky_Sphere_C (Sky Sphere)
[2018.02.26-16.22.06:229][583]LogEditorViewport: Clicking on Actor (LMB): SkyLight (SkyLight)
[2018.02.26-16.22.11:426][787]LogEditorViewport: Clicking on Actor (LMB): BP_Sky_Sphere_C (Sky Sphere)
[2018.02.26-16.22.58:606][ 10]LogEditorViewport: Clicking on Actor (LMB): BP_Sky_Sphere_C (Sky Sphere)
[2018.02.26-16.23.05:374][343]Cmd: DELETE
[2018.02.26-16.23.05:374][343]Cmd: ACTOR DELETE
[2018.02.26-16.23.05:430][343]LogEditorActor: Deleted Actor: Character
[2018.02.26-16.23.05:458][343]LogEditorActor: Deleted 1 Actors (0.065 secs)
[2018.02.26-16.25.36:238][571]Cmd: BRUSH ADD SELECTNEWBRUSH
[2018.02.26-16.25.36:307][571]Cmd: BRUSH ADD SELECTNEWBRUSH
[2018.02.26-16.25.36:331][571]LogEditorViewport: Clicking on Actor (LMB): PlayerStart (Player Start)
[2018.02.26-16.25.36:422][571]LogEditorViewport: Clicking on Actor (LMB): StaticMeshActor (Floor)
[2018.02.26-16.25.42:417][574]LogEditorViewport: Clicking on Actor (LMB): StaticMeshActor (Floor)
[2018.02.26-16.25.47:321][768]LogEditorViewport: Clicking on Actor (LMB): StaticMeshActor (Floor)
[2018.02.26-16.25.56:529][361]Cmd: DELETE
[2018.02.26-16.25.56:529][361]Cmd: ACTOR DELETE
[2018.02.26-16.25.56:531][361]LogEditorActor: Deleted Actor: Brush
[2018.02.26-16.25.56:551][361]LogEditorActor: Deleted 1 Actors (0.022 secs)
[2018.02.26-16.26.13:115][915]LogEditorViewport: Clicking Background
[2018.02.26-16.26.13:259][915]LogEditorViewport: Clicking Background
[2018.02.26-16.26.13:309][915]LogEditorViewport: Clicking Background
[2018.02.26-16.26.13:346][915]LogEditorViewport: Clicking Background
[2018.02.26-16.26.22:591][460]LogEditorViewport: Clicking Background
[2018.02.26-16.26.27:301][551]LogEditorViewport: Clicking Background
[2018.02.26-16.26.28:112][594]LogEditorViewport: Clicking Background
[2018.02.26-16.27.42:226][125]LogEditorViewport: Clicking Background
[2018.02.26-16.27.51:662][322]LogRenderer: Reallocating scene render targets to support 1232x936 Format 9 NumSamples 1 (Frame:16647).
[2018.02.26-16.29.10:190][144]Cmd: TRANSACTION UNDO
[2018.02.26-16.29.10:190][144]LogEditorTransaction: Undo Modifier [Triangulate]
[2018.02.26-16.29.10:317][144]LogSlate: Took 0.000448 seconds to synchronously load lazily loaded font '../../../Engine/Content/Slate/Fonts/Roboto-Light.ttf' (159K)
[2018.02.26-16.29.39:556][ 22]LogEditorViewport: Clicking on Actor (LMB): BP_Sky_Sphere_C (Sky Sphere)
[2018.02.26-16.30.38:837][777]LogGeometryMode: Warning: Unable to find 1 Poly(s) in new BSP
[2018.02.26-16.30.38:837][777]LogGeometryMode: Warning: Unable to resolve BoxBrush Brush in new BSP, see above
[2018.02.26-16.30.38:837][777]LogGeometryMode: Warning: Unable to find all previously selected geometry data, resetting selection
[2018.02.26-16.30.40:017][844]LogEditorViewport: Clicking on Actor (LMB): BP_Sky_Sphere_C (Sky Sphere)
[2018.02.26-16.31.13:589][227]LogEditorViewport: Clicking on Actor (LMB): BP_Sky_Sphere_C (Sky Sphere)
[2018.02.26-16.31.25:945][618]LogEditorViewport: Clicking on Actor (LMB): BP_Sky_Sphere_C (Sky Sphere)
[2018.02.26-16.31.25:977][618]Cmd: SELECT NONE
[2018.02.26-16.31.25:997][618]LogEditorViewport: Clicking on Actor (LMB): BP_Sky_Sphere_C (Sky Sphere)
[2018.02.26-16.31.26:126][619]Cmd: SELECT NONE
[2018.02.26-16.33.09:722][758]LogSlate: Took 0.000211 seconds to synchronously load lazily loaded font '../../../Engine/Content/Slate/Fonts/Roboto-Light.ttf' (159K)
[2018.02.26-16.33.09:940][758]LogFactory: FactoryCreateFile: Texture with TextureFactory (0 0 G:/Exchange/_MAIN TEXTURES/Etnies_Park_Center_3k.hdr)
[2018.02.26-16.33.10:457][758]LogTexture: Display: Building textures: Etnies_Park_Center_3k (RGBA16F, 3200X1600)
[2018.02.26-16.33.26:052][758]LogSlate: Took 0.000272 seconds to synchronously load lazily loaded font '../../../Engine/Content/Slate/Fonts/Roboto-Light.ttf' (159K)
[2018.02.26-16.33.37:853][969]LogContentBrowser: Native class hierarchy updated for 'TextureEditor' in 0.0005 seconds. Added 1 classes and 2 folders.
[2018.02.26-16.34.03:772][100]LogEditorViewport: Clicking on Actor (context menu): BP_Sky_Sphere_C (Sky Sphere)
[2018.02.26-16.34.56:309][479]LogEditorViewport: Clicking on Actor (context menu): BP_Sky_Sphere_C (Sky Sphere)
[2018.02.26-16.35.08:711][695]LogEditorViewport: Clicking on Actor (LMB): BP_Sky_Sphere_C (Sky Sphere)
[2018.02.26-16.40.37:380][725]LogSavePackage: Save=45.29ms
[2018.02.26-16.40.37:380][725]LogSavePackage: Moving '../../../../../../Users/Viking78/Documents/Unreal Projects/PapasP/Scine01/Saved/Untitled_1_Auto1B412B8C2474FB71E68887E93AB011945.tmp' to '../../../../../../Users/Viking78/Documents/Unreal Projects/PapasP/Scine01/Saved/Autosaves/Temp/Untitled_1_Auto1.umap'
[2018.02.26-16.40.37:382][725]LogSavePackage: Display: Finished SavePackage ../../../../../../Users/Viking78/Documents/Unreal Projects/PapasP/Scine01/Saved/Autosaves/Temp/Untitled_1_Auto1.umap
[2018.02.26-16.40.37:388][725]LogFileHelpers: Editor autosave (incl. sublevels) for '/Temp/Untitled_1' took 0.100
[2018.02.26-16.40.37:388][725]LogFileHelpers: Editor autosave (incl. sublevels) for all levels took 0.100
[2018.02.26-16.40.37:405][725]OBJ SavePackage: Generating thumbnails for [1] asset(s) in package [/Game/Etnies_Park_Center_3k] ([1] browsable assets)...
[2018.02.26-16.40.37:414][725]OBJ SavePackage:     Rendered thumbnail for [TextureCube /Game/Etnies_Park_Center_3k.Etnies_Park_Center_3k]
[2018.02.26-16.40.37:414][725]OBJ SavePackage: Finished generating thumbnails for package [/Game/Etnies_Park_Center_3k]
[2018.02.26-16.40.37:488][725]LogSavePackage: Save=71.03ms
[2018.02.26-16.40.37:488][725]LogSavePackage: Moving '../../../../../../Users/Viking78/Documents/Unreal Projects/PapasP/Scine01/Saved/Etnies_Park_Center_3k_Auto1E80FBEC44DFF1B217DBB97B0685D33EA.tmp' to '../../../../../../Users/Viking78/Documents/Unreal Projects/PapasP/Scine01/Saved/Autosaves/Game/Etnies_Park_Center_3k_Auto1.uasset'
[2018.02.26-16.40.37:489][725]LogSavePackage: Display: Finished SavePackage ../../../../../../Users/Viking78/Documents/Unreal Projects/PapasP/Scine01/Saved/Autosaves/Game/Etnies_Park_Center_3k_Auto1.uasset
[2018.02.26-16.40.37:490][725]LogFileHelpers: Auto-saving content packages took 0.100
[2018.02.26-17.27.02:650][ 77]LogInit: XAudio2 using 'Динамики (Устройство с поддержкой High Definition Audio)' : 2 channels at 44.1 kHz using 16 bits per sample (channel mask 0x3)
[2018.02.26-18.33.08:149][951]LogInit: XAudio2 using 'Наушники (Устройство с поддержкой High Definition Audio)' : 2 channels at 48 kHz using 16 bits per sample (channel mask 0x3)
[2018.02.26-18.55.05:498][903]LogWindowsTextInputMethodSystem: Display: IME system now deactivated.
[2018.02.26-18.55.05:499][903]LogWindowsTextInputMethodSystem: Display: IME system now deactivated.
[2018.02.26-18.56.19:830][847]LogEditorViewport: Clicking on Actor (context menu): BP_Sky_Sphere_C (Sky Sphere)
[2018.02.26-18.56.21:388][968]LogEditorViewport: Clicking on Actor (LMB): BP_Sky_Sphere_C (Sky Sphere)
[2018.02.26-18.56.21:434][968]LogEditorViewport: Clicking on Component (LMB): StaticMeshComponent (Sky Sphere mesh)
[2018.02.26-18.56.29:266][446]LogEditorViewport: Clicking on Actor (context menu): StaticMeshActor (Floor)
[2018.02.26-18.56.43:196][344]LogEditorViewport: Clicking on Actor (LMB): BP_Sky_Sphere_C (Sky Sphere)
[2018.02.26-18.56.44:210][407]LogEditorViewport: Clicking on Actor (LMB): BP_Sky_Sphere_C (Sky Sphere)
[2018.02.26-18.57.31:509][732]LogEditorViewport: Clicking on Actor (LMB): BP_Sky_Sphere_C (Sky Sphere)
[2018.02.26-18.58.15:067][714]LogSlate: Took 0.029655 seconds to synchronously load lazily loaded font '../../../Engine/Content/Editor/Slate/Fonts/Roboto-Italic.ttf' (157K)
[2018.02.26-18.58.57:227][474]LogEditorViewport: Clicking on Actor (context menu): BP_Sky_Sphere_C (Sky Sphere)
[2018.02.26-18.59.35:427][134]Cmd: OBJ SAVEPACKAGE PACKAGE="/Game/Etnies_Park_Center_3k" FILE="../../../../../../Users/Viking78/Documents/Unreal Projects/PapasP/Scine01/Content/Etnies_Park_Center_3k.uasset" SILENT=true
[2018.02.26-18.59.35:875][134]LogSavePackage: Save=443.74ms
[2018.02.26-18.59.35:875][134]LogSavePackage: Moving '../../../../../../Users/Viking78/Documents/Unreal Projects/PapasP/Scine01/Saved/Etnies_Park_Center_3k9E213CE6488A4992B9487D8D3737976C.tmp' to '../../../../../../Users/Viking78/Documents/Unreal Projects/PapasP/Scine01/Content/Etnies_Park_Center_3k.uasset'
[2018.02.26-18.59.35:889][134]LogSavePackage: Display: Finished SavePackage ../../../../../../Users/Viking78/Documents/Unreal Projects/PapasP/Scine01/Content/Etnies_Park_Center_3k.uasset
[2018.02.26-18.59.44:744][134]LogWindowsTextInputMethodSystem: Display: IME system now deactivated.
[2018.02.26-18.59.44:744][134]LogWindowsTextInputMethodSystem: Display: IME system now deactivated.
[2018.02.26-18.59.51:588][134]Cmd: OBJ SAVEPACKAGE PACKAGE="/Game/Scine01" FILE="../../../../../../Users/Viking78/Documents/Unreal Projects/PapasP/Scine01/Content/Scine01.umap" SILENT=true AUTOSAVING=false KEEPDIRTY=false
[2018.02.26-18.59.51:730][134]LogSavePackage: Save=114.78ms
[2018.02.26-18.59.51:730][134]LogSavePackage: Moving '../../../../../../Users/Viking78/Documents/Unreal Projects/PapasP/Scine01/Saved/Scine0103B47ECD4771D6FB0E904DA1346DA0A9.tmp' to '../../../../../../Users/Viking78/Documents/Unreal Projects/PapasP/Scine01/Content/Scine01.umap'
[2018.02.26-18.59.51:748][134]LogSavePackage: Display: Finished SavePackage ../../../../../../Users/Viking78/Documents/Unreal Projects/PapasP/Scine01/Content/Scine01.umap
[2018.02.26-18.59.51:784][134]LogFileHelpers: Saving map 'Scine01' took 0.276
[2018.02.26-18.59.51:868][134]LogWindowsTextInputMethodSystem: Display: IME system now deactivated.
[2018.02.26-18.59.52:218][135]Cmd: QUIT_EDITOR
[2018.02.26-18.59.53:094][135]LogExit: Preparing to exit.
[2018.02.26-18.59.53:772][135]LogDirectoryWatcher: A directory notification for 'C:/Users/Viking78/Documents/Unreal Projects/PapasP/Scine01/Content/' was aborted.
[2018.02.26-18.59.53:880][135]LogExit: Editor shut down
[2018.02.26-18.59.53:929][135]LogExit: Transaction tracking system shut down
[2018.02.26-18.59.54:214][135]LogDirectoryWatcher: A directory notification for '../../../Engine/Content/' was aborted.
[2018.02.26-18.59.54:215][135]LogDirectoryWatcher: A directory notification for '../../../../../../Users/Viking78/Documents/Unreal Projects/PapasP/Scine01/Content/' was aborted.
[2018.02.26-18.59.54:215][135]LogDirectoryWatcher: A directory notification for '../../../Engine/Plugins/2D/Paper2D/Content/' was aborted.
[2018.02.26-18.59.54:215][135]LogDirectoryWatcher: A directory notification for '../../../Engine/Plugins/Media/MediaCompositing/Content/' was aborted.
[2018.02.26-18.59.54:215][135]LogDirectoryWatcher: A directory notification for '../../../Engine/Plugins/Runtime/AppleARKit/Content/' was aborted.
[2018.02.26-18.59.54:215][135]LogDirectoryWatcher: A directory notification for '../../../Engine/Plugins/Runtime/Oculus/OculusVR/Content/' was aborted.
[2018.02.26-18.59.54:215][135]LogDirectoryWatcher: A directory notification for '../../../Engine/Plugins/Runtime/Steam/SteamVR/Content/' was aborted.
[2018.02.26-18.59.54:368][135]LogExit: Object subsystem successfully closed.
[2018.02.26-18.59.54:453][135]LogD3D11RHI: Shutdown
[2018.02.26-18.59.54:454][135]LogD3D11RHI: CleanupD3DDevice
[2018.02.26-18.59.54:461][135]LogD3D11RHI: ~FD3D11DynamicRHI
[2018.02.26-18.59.54:522][135]LogModuleManager: Shutting down and abandoning module TextureEditor (552)
[2018.02.26-18.59.54:522][135]LogModuleManager: Shutting down and abandoning module HierarchicalLODOutliner (550)
[2018.02.26-18.59.54:522][135]LogModuleManager: Shutting down and abandoning module SceneOutliner (548)
[2018.02.26-18.59.54:522][135]LogModuleManager: Shutting down and abandoning module AddContentDialog (546)
[2018.02.26-18.59.54:522][135]LogDirectoryWatcher: A directory notification for 'C:/Program Files/Epic Games/UE_4.18/FeaturePacks/' was aborted.
[2018.02.26-18.59.54:531][135]LogModuleManager: Shutting down and abandoning module WidgetCarousel (545)
[2018.02.26-18.59.54:531][135]LogModuleManager: Shutting down and abandoning module EditorWidgets (542)
[2018.02.26-18.59.54:531][135]LogModuleManager: Shutting down and abandoning module CollectionManager (540)
[2018.02.26-18.59.54:531][135]LogDirectoryWatcher: A directory notification for 'C:/Users/Viking78/Documents/Unreal Projects/PapasP/Scine01/Content/Collections/' was aborted.
[2018.02.26-18.59.54:531][135]LogDirectoryWatcher: A directory notification for 'C:/Users/Viking78/Documents/Unreal Projects/PapasP/Scine01/Content/Developers/Viking78/Collections/' was aborted.
[2018.02.26-18.59.54:531][135]LogDirectoryWatcher: A directory notification for 'C:/Users/Viking78/Documents/Unreal Projects/PapasP/Scine01/Saved/Collections/' was aborted.
[2018.02.26-18.59.54:531][135]LogModuleManager: Shutting down and abandoning module HierarchicalLODUtilities (538)
[2018.02.26-18.59.54:531][135]LogModuleManager: Shutting down and abandoning module StatsViewer (536)
[2018.02.26-18.59.54:531][135]LogModuleManager: Shutting down and abandoning module FoliageEdit (534)
[2018.02.26-18.59.54:531][135]LogModuleManager: Shutting down and abandoning module LandscapeEditor (532)
[2018.02.26-18.59.54:531][135]LogModuleManager: Shutting down and abandoning module MeshPaintMode (530)
[2018.02.26-18.59.54:531][135]LogModuleManager: Shutting down and abandoning module SceneDepthPickerMode (528)
[2018.02.26-18.59.54:532][135]LogModuleManager: Shutting down and abandoning module ActorPickerMode (526)
[2018.02.26-18.59.54:532][135]LogModuleManager: Shutting down and abandoning module GeometryMode (524)
[2018.02.26-18.59.54:532][135]LogModuleManager: Shutting down and abandoning module TextureAlignMode (522)
[2018.02.26-18.59.54:532][135]LogModuleManager: Shutting down and abandoning module BspMode (520)
[2018.02.26-18.59.54:532][135]LogModuleManager: Shutting down and abandoning module PIEPreviewDeviceProfileSelector (518)
[2018.02.26-18.59.54:532][135]LogModuleManager: Shutting down and abandoning module HardwareSurvey (516)
[2018.02.26-18.59.54:532][135]LogModuleManager: Shutting down and abandoning module SequenceRecorderSections (514)
[2018.02.26-18.59.54:532][135]LogModuleManager: Shutting down and abandoning module AutomationWorker (512)
[2018.02.26-18.59.54:532][135]LogModuleManager: Shutting down and abandoning module MatineeToLevelSequence (510)
[2018.02.26-18.59.54:532][135]LogModuleManager: Shutting down and abandoning module LevelSequenceEditor (508)
[2018.02.26-18.59.54:532][135]LogModuleManager: Shutting down and abandoning module PlacementMode (507)
[2018.02.26-18.59.54:532][135]LogModuleManager: Shutting down and abandoning module WmfMediaFactory (504)
[2018.02.26-18.59.54:532][135]LogModuleManager: Shutting down and abandoning module WmfMediaEditor (502)
[2018.02.26-18.59.54:532][135]LogModuleManager: Shutting down and abandoning module OpenExrWrapper (500)
[2018.02.26-18.59.54:532][135]LogModuleManager: Shutting down and abandoning module ImgMediaFactory (498)
[2018.02.26-18.59.54:532][135]LogModuleManager: Shutting down and abandoning module ImgMediaEditor (496)
[2018.02.26-18.59.54:532][135]LogModuleManager: Shutting down and abandoning module AvfMediaFactory (494)
[2018.02.26-18.59.54:532][135]LogModuleManager: Shutting down and abandoning module AvfMediaEditor (492)
[2018.02.26-18.59.54:532][135]LogModuleManager: Shutting down and abandoning module AndroidMediaFactory (490)
[2018.02.26-18.59.54:533][135]LogModuleManager: Shutting down and abandoning module AndroidMediaEditor (488)
[2018.02.26-18.59.54:533][135]LogModuleManager: Shutting down and abandoning module CharacterAI (486)
[2018.02.26-18.59.54:533][135]LogModuleManager: Shutting down and abandoning module AudioCapture (484)
[2018.02.26-18.59.54:533][135]LogModuleManager: Shutting down and abandoning module SequenceRecorder (483)
[2018.02.26-18.59.54:533][135]LogModuleManager: Shutting down and abandoning module SmartSnapping (480)
[2018.02.26-18.59.54:533][135]LogModuleManager: Shutting down and abandoning module SessionServices (478)
[2018.02.26-18.59.54:533][135]LogModuleManager: Shutting down and abandoning module ViewportSnapping (476)
[2018.02.26-18.59.54:533][135]LogModuleManager: Shutting down and abandoning module ViewportInteraction (474)
[2018.02.26-18.59.54:533][135]LogModuleManager: Shutting down and abandoning module ClothPainter (472)
[2018.02.26-18.59.54:533][135]LogModuleManager: Shutting down and abandoning module SkeletalMeshEditor (471)
[2018.02.26-18.59.54:534][135]LogModuleManager: Shutting down and abandoning module LogVisualizer (468)
[2018.02.26-18.59.54:535][135]LogModuleManager: Shutting down and abandoning module IntroTutorials (466)
[2018.02.26-18.59.54:536][135]LogModuleManager: Shutting down and abandoning module GameProjectGeneration (465)
[2018.02.26-18.59.54:536][135]LogModuleManager: Shutting down and abandoning module IOSPlatformEditor (462)
[2018.02.26-18.59.54:536][135]LogModuleManager: Shutting down and abandoning module HTML5PlatformEditor (460)
[2018.02.26-18.59.54:536][135]LogModuleManager: Shutting down and abandoning module AndroidPlatformEditor (458)
[2018.02.26-18.59.54:536][135]LogModuleManager: Shutting down and abandoning module AndroidDeviceDetection (457)
[2018.02.26-18.59.55:064][135]LogModuleManager: Shutting down and abandoning module WindowsPlatformEditor (454)
[2018.02.26-18.59.55:064][135]LogModuleManager: Shutting down and abandoning module IOSRuntimeSettings (452)
[2018.02.26-18.59.55:064][135]LogModuleManager: Shutting down and abandoning module AndroidRuntimeSettings (450)
[2018.02.26-18.59.55:064][135]LogModuleManager: Shutting down and abandoning module InputBindingEditor (448)
[2018.02.26-18.59.55:064][135]LogModuleManager: Shutting down and abandoning module MergeActors (446)
[2018.02.26-18.59.55:064][135]LogModuleManager: Shutting down and abandoning module SizeMap (444)
[2018.02.26-18.59.55:064][135]LogModuleManager: Shutting down and abandoning module TreeMap (442)
[2018.02.26-18.59.55:064][135]LogModuleManager: Shutting down and abandoning module ReferenceViewer (440)
[2018.02.26-18.59.55:064][135]LogModuleManager: Shutting down and abandoning module LocalizationDashboard (438)
[2018.02.26-18.59.55:064][135]LogModuleManager: Shutting down and abandoning module LocalizationService (437)
[2018.02.26-18.59.55:064][135]LogModuleManager: Shutting down and abandoning module HardwareTargeting (434)
[2018.02.26-18.59.55:064][135]LogModuleManager: Shutting down and abandoning module DeviceProfileEditor (432)
[2018.02.26-18.59.55:064][135]LogModuleManager: Shutting down and abandoning module UndoHistory (430)
[2018.02.26-18.59.55:064][135]LogModuleManager: Shutting down and abandoning module XmlParser (428)
[2018.02.26-18.59.55:064][135]LogModuleManager: Shutting down and abandoning module Blutility (426)
[2018.02.26-18.59.55:064][135]LogModuleManager: Shutting down and abandoning module ProjectSettingsViewer (424)
[2018.02.26-18.59.55:065][135]LogModuleManager: Shutting down and abandoning module ProjectTargetPlatformEditor (423)
[2018.02.26-18.59.55:065][135]LogModuleManager: Shutting down and abandoning module EditorSettingsViewer (420)
[2018.02.26-18.59.55:066][135]LogModuleManager: Shutting down and abandoning module SettingsEditor (418)
[2018.02.26-18.59.55:066][135]LogModuleManager: Shutting down and abandoning module ProjectLauncher (416)
[2018.02.26-18.59.55:066][135]LogModuleManager: Shutting down and abandoning module SessionFrontend (414)
[2018.02.26-18.59.55:066][135]LogModuleManager: Shutting down and abandoning module ProfilerClient (412)
[2018.02.26-18.59.55:067][135]LogModuleManager: Shutting down and abandoning module DeviceManager (410)
[2018.02.26-18.59.55:067][135]LogModuleManager: Shutting down and abandoning module TargetDeviceServices (409)
[2018.02.26-18.59.55:121][135]LogModuleManager: Shutting down and abandoning module AutomationController (406)
[2018.02.26-18.59.55:121][135]LogModuleManager: Shutting down and abandoning module AutomationWindow (404)
[2018.02.26-18.59.55:121][135]LogModuleManager: Shutting down and abandoning module Layers (402)
[2018.02.26-18.59.55:121][135]LogModuleManager: Shutting down and abandoning module ComponentVisualizers (400)
[2018.02.26-18.59.55:121][135]LogModuleManager: Shutting down and abandoning module DetailCustomizations (398)
[2018.02.26-18.59.55:122][135]LogModuleManager: Shutting down and abandoning module PackagesDialog (396)
[2018.02.26-18.59.55:122][135]LogModuleManager: Shutting down and abandoning module Persona (394)
[2018.02.26-18.59.55:122][135]LogModuleManager: Shutting down and abandoning module AdvancedPreviewScene (393)
[2018.02.26-18.59.55:122][135]LogModuleManager: Shutting down and abandoning module AnimGraph (391)
[2018.02.26-18.59.55:122][135]LogModuleManager: Shutting down and abandoning module Kismet (388)
[2018.02.26-18.59.55:123][135]LogModuleManager: Shutting down and abandoning module ClassViewer (386)
[2018.02.26-18.59.55:123][135]LogModuleManager: Shutting down and abandoning module Toolbox (384)
[2018.02.26-18.59.55:123][135]LogModuleManager: Shutting down and abandoning module ModuleUI (382)
[2018.02.26-18.59.55:123][135]LogModuleManager: Shutting down and abandoning module MovieSceneTools (380)
[2018.02.26-18.59.55:123][135]LogModuleManager: Shutting down and abandoning module OutputLog (378)
[2018.02.26-18.59.55:123][135]LogModuleManager: Shutting down and abandoning module GammaUI (376)
[2018.02.26-18.59.55:123][135]LogModuleManager: Shutting down and abandoning module Documentation (374)
[2018.02.26-18.59.55:123][135]LogModuleManager: Shutting down and abandoning module MovieSceneTracks (372)
[2018.02.26-18.59.55:123][135]LogModuleManager: Shutting down and abandoning module MovieScene (370)
[2018.02.26-18.59.55:123][135]LogModuleManager: Shutting down and abandoning module StreamingPauseRendering (368)
[2018.02.26-18.59.55:123][135]LogModuleManager: Shutting down and abandoning module LauncherPlatform (366)
[2018.02.26-18.59.55:123][135]LogModuleManager: Shutting down and abandoning module AnalyticsET (364)
[2018.02.26-18.59.55:123][135]LogModuleManager: Shutting down and abandoning module PortalServices (362)
[2018.02.26-18.59.55:123][135]LogModuleManager: Shutting down and abandoning module PortalRpc (360)
[2018.02.26-18.59.55:123][135]LogModuleManager: Shutting down and abandoning module MessagingRpc (358)
[2018.02.26-18.59.55:123][135]LogModuleManager: Shutting down and abandoning module AIModule (356)
[2018.02.26-18.59.55:123][135]LogModuleManager: Shutting down and abandoning module GameplayDebugger (355)
[2018.02.26-18.59.55:123][135]LogModuleManager: Shutting down and abandoning module AITestSuite (353)
[2018.02.26-18.59.55:123][135]LogModuleManager: Shutting down and abandoning module DesktopPlatform (350)
[2018.02.26-18.59.55:123][135]LogModuleManager: Shutting down and abandoning module ProfilerService (348)
[2018.02.26-18.59.55:220][135]LogModuleManager: Shutting down and abandoning module TaskGraph (346)
[2018.02.26-18.59.55:220][135]LogModuleManager: Shutting down and abandoning module SteamVRController (344)
[2018.02.26-18.59.55:220][135]LogModuleManager: Shutting down and abandoning module ProceduralMeshComponentEditor (342)
[2018.02.26-18.59.55:220][135]LogModuleManager: Shutting down and abandoning module ProceduralMeshComponent (340)
[2018.02.26-18.59.55:220][135]LogModuleManager: Shutting down and abandoning module OculusInput (338)
[2018.02.26-18.59.55:220][135]LogModuleManager: Shutting down and abandoning module MobilePatchingUtils (336)
[2018.02.26-18.59.55:220][135]LogModuleManager: Shutting down and abandoning module CustomMeshComponent (334)
[2018.02.26-18.59.55:220][135]LogModuleManager: Shutting down and abandoning module CableComponent (332)
[2018.02.26-18.59.55:220][135]LogModuleManager: Shutting down and abandoning module ArchVisCharacter (330)
[2018.02.26-18.59.55:220][135]LogModuleManager: Shutting down and abandoning module AndroidPermission (328)
[2018.02.26-18.59.55:220][135]LogModuleManager: Shutting down and abandoning module ActorSequence (324)
[2018.02.26-18.59.55:220][135]LogModuleManager: Shutting down and abandoning module MediaPlayerEditor (322)
[2018.02.26-18.59.55:221][135]LogModuleManager: Shutting down and abandoning module MediaCompositingEditor (320)
[2018.02.26-18.59.55:221][135]LogModuleManager: Shutting down and abandoning module MediaCompositing (318)
[2018.02.26-18.59.55:221][135]LogModuleManager: Shutting down and abandoning module HTML5Networking (316)
[2018.02.26-18.59.55:221][135]LogModuleManager: Shutting down and abandoning module AlembicImporter (314)
[2018.02.26-18.59.55:221][135]LogModuleManager: Shutting down and abandoning module AlembicLibrary (313)
[2018.02.26-18.59.55:221][135]LogModuleManager: Shutting down and abandoning module GeometryCache (312)
[2018.02.26-18.59.55:221][135]LogModuleManager: Shutting down and abandoning module GeometryCacheEd (311)
[2018.02.26-18.59.55:221][135]LogModuleManager: Shutting down and abandoning module SpeedTreeImporter (306)
[2018.02.26-18.59.55:221][135]LogModuleManager: Shutting down and abandoning module PluginBrowser (304)
[2018.02.26-18.59.55:221][135]LogModuleManager: Shutting down and abandoning module MobileLauncherProfileWizard (302)
[2018.02.26-18.59.55:221][135]LogModuleManager: Shutting down and abandoning module VisualStudioSourceCodeAccess (300)
[2018.02.26-18.59.55:221][135]LogModuleManager: Shutting down and abandoning module VisualStudioCodeSourceCodeAccess (298)
[2018.02.26-18.59.55:221][135]LogModuleManager: Shutting down and abandoning module UObjectPlugin (296)
[2018.02.26-18.59.55:221][135]LogModuleManager: Shutting down and abandoning module SubversionSourceControl (294)
[2018.02.26-18.59.55:221][135]LogModuleManager: Shutting down and abandoning module PerforceSourceControl (292)
[2018.02.26-18.59.55:221][135]LogModuleManager: Shutting down and abandoning module GitSourceControl (290)
[2018.02.26-18.59.55:221][135]LogModuleManager: Shutting down and abandoning module SourceControl (289)
[2018.02.26-18.59.55:221][135]LogModuleManager: Shutting down and abandoning module LightPropagationVolumeEditor (286)
[2018.02.26-18.59.55:221][135]LogModuleManager: Shutting down and abandoning module PaperTiledImporter (284)
[2018.02.26-18.59.55:221][135]LogModuleManager: Shutting down and abandoning module PaperSpriteSheetImporter (282)
[2018.02.26-18.59.55:221][135]LogModuleManager: Shutting down and abandoning module Paper2DEditor (280)
[2018.02.26-18.59.55:221][135]LogModuleManager: Shutting down and abandoning module MeshPaint (279)
[2018.02.26-18.59.55:221][135]LogModuleManager: Shutting down and abandoning module LevelEditor (277)
[2018.02.26-18.59.55:223][135]LogModuleManager: Shutting down and abandoning module PixelInspectorModule (276)
[2018.02.26-18.59.55:223][135]LogModuleManager: Shutting down and abandoning module MainFrame (274)
[2018.02.26-18.59.55:224][135]LogModuleManager: Shutting down and abandoning module HotReload (273)
[2018.02.26-18.59.55:224][135]LogModuleManager: Shutting down and abandoning module RuntimePhysXCooking (268)
[2018.02.26-18.59.55:224][135]LogModuleManager: Shutting down and abandoning module PhysXVehiclesEditor (266)
[2018.02.26-18.59.55:224][135]LogModuleManager: Shutting down and abandoning module PhysXVehicles (264)
[2018.02.26-18.59.55:224][135]LogModuleManager: Shutting down and abandoning module OculusEditor (262)
[2018.02.26-18.59.55:224][135]LogModuleManager: Shutting down and abandoning module LocationServicesBPLibrary (260)
[2018.02.26-18.59.55:224][135]LogModuleManager: Shutting down and abandoning module ImmediatePhysicsEditor (258)
[2018.02.26-18.59.55:225][135]LogModuleManager: Shutting down and abandoning module ImmediatePhysics (256)
[2018.02.26-18.59.55:225][135]LogModuleManager: Shutting down and abandoning module UdpMessaging (254)
[2018.02.26-18.59.55:326][135]LogModuleManager: Shutting down and abandoning module TcpMessaging (252)
[2018.02.26-18.59.55:427][135]LogModuleManager: Shutting down and abandoning module GameplayTagsEditor (250)
[2018.02.26-18.59.55:427][135]LogModuleManager: Shutting down and abandoning module FacialAnimationEditor (248)
[2018.02.26-18.59.55:427][135]LogModuleManager: Shutting down and abandoning module FacialAnimation (246)
[2018.02.26-18.59.55:427][135]LogModuleManager: Shutting down and abandoning module AssetManagerEditor (244)
[2018.02.26-18.59.55:427][135]LogModuleManager: Shutting down and abandoning module GraphEditor (243)
[2018.02.26-18.59.55:428][135]LogModuleManager: Shutting down and abandoning module ContentBrowser (241)
[2018.02.26-18.59.55:430][135]LogModuleManager: Shutting down and abandoning module LightPropagationVolumeRuntime (238)
[2018.02.26-18.59.55:430][135]LogModuleManager: Shutting down and abandoning module Paper2D (236)
[2018.02.26-18.59.55:430][135]LogModuleManager: Shutting down and abandoning module WindowsMoviePlayer (234)
[2018.02.26-18.59.55:430][135]LogModuleManager: Shutting down and abandoning module WmfMedia (232)
[2018.02.26-18.59.55:433][135]LogModuleManager: Shutting down and abandoning module ImgMedia (230)
[2018.02.26-18.59.55:433][135]LogModuleManager: Shutting down and abandoning module PacketHandler (228)
[2018.02.26-18.59.55:433][135]LogModuleManager: Shutting down and abandoning module ClothingSystemEditor (226)
[2018.02.26-18.59.55:433][135]LogModuleManager: Shutting down and abandoning module ClothingSystemRuntime (224)
[2018.02.26-18.59.55:433][135]LogModuleManager: Shutting down and abandoning module MediaAssets (222)
[2018.02.26-18.59.55:433][135]LogModuleManager: Shutting down and abandoning module Media (221)
[2018.02.26-18.59.55:440][135]LogModuleManager: Shutting down and abandoning module Overlay (218)
[2018.02.26-18.59.55:440][135]LogModuleManager: Shutting down and abandoning module OverlayEditor (217)
[2018.02.26-18.59.55:440][135]LogModuleManager: Shutting down and abandoning module VREditor (214)
[2018.02.26-18.59.55:440][135]LogModuleManager: Shutting down and abandoning module StringTableEditor (212)
[2018.02.26-18.59.55:440][135]LogModuleManager: Shutting down and abandoning module GameplayTasksEditor (210)
[2018.02.26-18.59.55:440][135]LogModuleManager: Shutting down and abandoning module BehaviorTreeEditor (208)
[2018.02.26-18.59.55:440][135]LogModuleManager: Shutting down and abandoning module FunctionalTesting (206)
[2018.02.26-18.59.55:440][135]LogModuleManager: Shutting down and abandoning module CollisionAnalyzer (204)
[2018.02.26-18.59.55:440][135]LogModuleManager: Shutting down and abandoning module WorkspaceMenuStructure (203)
[2018.02.26-18.59.55:440][135]LogModuleManager: Shutting down and abandoning module UMG (200)
[2018.02.26-18.59.55:440][135]LogModuleManager: Shutting down and abandoning module UMGEditor (199)
[2018.02.26-18.59.55:440][135]LogModuleManager: Shutting down and abandoning module Sequencer (198)
[2018.02.26-18.59.55:441][135]LogModuleManager: Shutting down and abandoning module MessageLog (195)
[2018.02.26-18.59.55:441][135]LogModuleManager: Shutting down and abandoning module SlateReflector (190)
[2018.02.26-18.59.55:441][135]LogModuleManager: Shutting down and abandoning module Slate (188)
[2018.02.26-18.59.55:441][135]LogModuleManager: Shutting down and abandoning module EditorStyle (186)
[2018.02.26-18.59.55:448][135]LogModuleManager: Shutting down and abandoning module MRMesh (184)
[2018.02.26-18.59.55:449][135]LogModuleManager: Shutting down and abandoning module SourceCodeAccess (182)
[2018.02.26-18.59.55:449][135]LogModuleManager: Shutting down and abandoning module HeadMountedDisplay (180)
[2018.02.26-18.59.55:449][135]LogModuleManager: Shutting down and abandoning module XAudio2 (178)
[2018.02.26-18.59.55:449][135]LogModuleManager: Shutting down and abandoning module Networking (176)
[2018.02.26-18.59.55:449][135]LogModuleManager: Shutting down and abandoning module Core (172)
[2018.02.26-18.59.55:449][135]LogModuleManager: Shutting down and abandoning module LevelSequence (168)
[2018.02.26-18.59.55:449][135]LogModuleManager: Shutting down and abandoning module DirectoryWatcher (166)
[2018.02.26-18.59.55:459][135]LogModuleManager: Shutting down and abandoning module KismetCompiler (164)
[2018.02.26-18.59.55:459][135]LogModuleManager: Shutting down and abandoning module MeshUtilities (162)
[2018.02.26-18.59.55:459][135]LogModuleManager: Shutting down and abandoning module MeshMergeUtilities (161)
[2018.02.26-18.59.55:459][135]LogModuleManager: Shutting down and abandoning module MeshReductionInterface (160)
[2018.02.26-18.59.55:459][135]LogModuleManager: Shutting down and abandoning module SimplygonSwarm (159)
[2018.02.26-18.59.55:459][135]LogModuleManager: Shutting down and abandoning module SimplygonMeshReduction (157)
[2018.02.26-18.59.55:459][135]LogModuleManager: Shutting down and abandoning module QuadricMeshReduction (155)
[2018.02.26-18.59.55:459][135]LogModuleManager: Shutting down and abandoning module MaterialBaking (151)
[2018.02.26-18.59.55:459][135]LogModuleManager: Shutting down and abandoning module DerivedDataCache (148)
[2018.02.26-18.59.55:494][135]LogDerivedDataCache: Shutdown
[2018.02.26-18.59.55:494][135]LogModuleManager: Shutting down and abandoning module TargetPlatform (146)
[2018.02.26-18.59.55:494][135]LogModuleManager: Shutting down and abandoning module VulkanShaderFormat (145)
[2018.02.26-18.59.55:494][135]LogModuleManager: Shutting down and abandoning module ShaderFormatVectorVM (143)
[2018.02.26-18.59.55:494][135]LogModuleManager: Shutting down and abandoning module ShaderFormatOpenGL (141)
[2018.02.26-18.59.55:494][135]LogModuleManager: Shutting down and abandoning module ShaderFormatD3D (139)
[2018.02.26-18.59.55:494][135]LogModuleManager: Shutting down and abandoning module MetalShaderFormat (137)
[2018.02.26-18.59.55:494][135]LogModuleManager: Shutting down and abandoning module TextureFormatUncompressed (135)
[2018.02.26-18.59.55:494][135]LogModuleManager: Shutting down and abandoning module TextureFormatPVR (133)
[2018.02.26-18.59.55:495][135]LogModuleManager: Shutting down and abandoning module TextureFormatDXT (131)
[2018.02.26-18.59.55:495][135]LogModuleManager: Shutting down and abandoning module TextureFormatIntelISPCTexComp (129)
[2018.02.26-18.59.55:495][135]LogModuleManager: Shutting down and abandoning module TextureFormatASTC (127)
[2018.02.26-18.59.55:495][135]LogModuleManager: Shutting down and abandoning module ImageWrapper (126)
[2018.02.26-18.59.55:495][135]LogModuleManager: Shutting down and abandoning module TextureFormatAndroid (123)
[2018.02.26-18.59.55:495][135]LogModuleManager: Shutting down and abandoning module AudioFormatOpus (121)
[2018.02.26-18.59.55:495][135]LogModuleManager: Shutting down and abandoning module AudioFormatOgg (119)
[2018.02.26-18.59.55:495][135]LogModuleManager: Shutting down and abandoning module AudioFormatADPCM (117)
[2018.02.26-18.59.55:495][135]LogModuleManager: Shutting down and abandoning module LinuxTargetPlatform (115)
[2018.02.26-18.59.55:495][135]LogModuleManager: Shutting down and abandoning module LinuxServerTargetPlatform (113)
[2018.02.26-18.59.55:495][135]LogModuleManager: Shutting down and abandoning module LinuxNoEditorTargetPlatform (111)
[2018.02.26-18.59.55:495][135]LogModuleManager: Shutting down and abandoning module LinuxClientTargetPlatform (109)
[2018.02.26-18.59.55:495][135]LogModuleManager: Shutting down and abandoning module TVOSTargetPlatform (107)
[2018.02.26-18.59.55:495][135]LogModuleManager: Shutting down and abandoning module Messaging (105)
[2018.02.26-18.59.55:495][135]LogModuleManager: Shutting down and abandoning module IOSTargetPlatform (103)
[2018.02.26-18.59.55:495][135]LogModuleManager: Shutting down and abandoning module HTML5TargetPlatform (101)
[2018.02.26-18.59.55:495][135]LogModuleManager: Shutting down and abandoning module AndroidTargetPlatform (99)
[2018.02.26-18.59.55:495][135]LogModuleManager: Shutting down and abandoning module Android_PVRTCTargetPlatform (97)
[2018.02.26-18.59.55:495][135]LogModuleManager: Shutting down and abandoning module Android_MultiTargetPlatform (95)
[2018.02.26-18.59.55:495][135]LogModuleManager: Shutting down and abandoning module Android_ETC2TargetPlatform (93)
[2018.02.26-18.59.55:495][135]LogModuleManager: Shutting down and abandoning module Android_ETC1TargetPlatform (91)
[2018.02.26-18.59.55:495][135]LogModuleManager: Shutting down and abandoning module Android_DXTTargetPlatform (89)
[2018.02.26-18.59.55:495][135]LogModuleManager: Shutting down and abandoning module Android_ATCTargetPlatform (87)
[2018.02.26-18.59.55:496][135]LogModuleManager: Shutting down and abandoning module Android_ASTCTargetPlatform (85)
[2018.02.26-18.59.55:496][135]LogModuleManager: Shutting down and abandoning module WindowsTargetPlatform (83)
[2018.02.26-18.59.55:496][135]LogModuleManager: Shutting down and abandoning module WindowsServerTargetPlatform (81)
[2018.02.26-18.59.55:496][135]LogModuleManager: Shutting down and abandoning module WindowsNoEditorTargetPlatform (79)
[2018.02.26-18.59.55:496][135]LogModuleManager: Shutting down and abandoning module WindowsClientTargetPlatform (77)
[2018.02.26-18.59.55:496][135]LogModuleManager: Shutting down and abandoning module MacTargetPlatform (75)
[2018.02.26-18.59.55:496][135]LogModuleManager: Shutting down and abandoning module MacServerTargetPlatform (73)
[2018.02.26-18.59.55:496][135]LogModuleManager: Shutting down and abandoning module MacNoEditorTargetPlatform (71)
[2018.02.26-18.59.55:496][135]LogModuleManager: Shutting down and abandoning module MacClientTargetPlatform (69)
[2018.02.26-18.59.55:496][135]LogModuleManager: Shutting down and abandoning module AllDesktopTargetPlatform (67)
[2018.02.26-18.59.55:496][135]LogModuleManager: Shutting down and abandoning module InputCore (64)
[2018.02.26-18.59.55:496][135]LogModuleManager: Shutting down and abandoning module Settings (62)
[2018.02.26-18.59.55:496][135]LogModuleManager: Shutting down and abandoning module PhysXCooking (60)
[2018.02.26-18.59.55:496][135]LogModuleManager: Shutting down and abandoning module SteamVR (58)
[2018.02.26-18.59.55:496][135]LogModuleManager: Shutting down and abandoning module OculusHMD (56)
[2018.02.26-18.59.55:496][135]LogModuleManager: Shutting down and abandoning module ExampleDeviceProfileSelector (54)
[2018.02.26-18.59.55:496][135]LogModuleManager: Shutting down and abandoning module AppleARKit (52)
[2018.02.26-18.59.55:496][135]LogModuleManager: Shutting down and abandoning module AugmentedReality (51)
[2018.02.26-18.59.55:496][135]LogModuleManager: Shutting down and abandoning module OnlineBlueprintSupport (48)
[2018.02.26-18.59.55:496][135]LogModuleManager: Shutting down and abandoning module OnlineSubsystem (44)
[2018.02.26-18.59.55:496][135]LogModuleManager: Shutting down and abandoning module XMPP (43)
[2018.02.26-18.59.55:496][135]LogModuleManager: Shutting down and abandoning module HTTP (41)
[2018.02.26-18.59.55:497][135]LogHttp: Display: Http module shutting down, but needs to wait on 1 outstanding Http requests:
[2018.02.26-18.59.55:497][135]LogHttp: Display: 	verb=[POST] url=[https://datarouter.ol.epicgames.com/datarouter/api/v1/public/data?SessionID=%7B69244304-477A-EAC4-4CAD-A69F830CE8CA%7D&AppID=UEEditor.Rocket.Release&AppVersion=4.18.3-3832480%2B%2B%2BUE4%2BRelease-4.18&UserID=064555c64373ce4930b817bb1d8fd157%7C43ab426c2f5c447c9d4986118f16aa55%7C1f6e2643-59b5-4cbe-9cf3-981f58497554&AppEnvironment=datacollector-binary&UploadType=eteventstream] status=Processing
[2018.02.26-18.59.55:526][135]LogModuleManager: Shutting down and abandoning module SSL (40)
[2018.02.26-18.59.55:529][135]LogModuleManager: Shutting down and abandoning module AnimationModifiers (36)
[2018.02.26-18.59.55:529][135]LogModuleManager: Shutting down and abandoning module PropertyEditor (35)
[2018.02.26-18.59.55:529][135]LogModuleManager: Shutting down and abandoning module AudioEditor (32)
[2018.02.26-18.59.55:529][135]LogModuleManager: Shutting down and abandoning module TextureCompressor (30)
[2018.02.26-18.59.55:529][135]LogModuleManager: Shutting down and abandoning module ShaderCore (28)
[2018.02.26-18.59.55:530][135]LogModuleManager: Shutting down and abandoning module Landscape (26)
[2018.02.26-18.59.55:530][135]LogModuleManager: Shutting down and abandoning module SlateRHIRenderer (24)
[2018.02.26-18.59.55:538][135]LogModuleManager: Shutting down and abandoning module OpenGLDrv (22)
[2018.02.26-18.59.55:538][135]LogModuleManager: Shutting down and abandoning module D3D11RHI (20)
[2018.02.26-18.59.55:538][135]LogModuleManager: Shutting down and abandoning module AnimGraphRuntime (18)
[2018.02.26-18.59.55:538][135]LogModuleManager: Shutting down and abandoning module Renderer (16)
[2018.02.26-18.59.55:538][135]LogModuleManager: Shutting down and abandoning module Engine (14)
[2018.02.26-18.59.55:538][135]LogModuleManager: Shutting down and abandoning module CoreUObject (12)
[2018.02.26-18.59.55:538][135]LogModuleManager: Shutting down and abandoning module NetworkFile (10)
[2018.02.26-18.59.55:539][135]LogModuleManager: Shutting down and abandoning module CookedIterativeFile (8)
[2018.02.26-18.59.55:539][135]LogModuleManager: Shutting down and abandoning module StreamingFile (6)
[2018.02.26-18.59.55:539][135]LogModuleManager: Shutting down and abandoning module SandboxFile (4)
[2018.02.26-18.59.55:539][135]LogModuleManager: Shutting down and abandoning module PakFile (2)
[2018.02.26-18.59.55:551][135]LogExit: Exiting.
[2018.02.26-18.59.55:576][135]Log file closed, 02/26/18 21:59:55
