Log file open, 02/26/18 15:16:58
LogWindows: Failed to load 'aqProf.dll' (GetLastError=126)
LogWindows: File 'aqProf.dll' does not exist
LogWindows: Failed to load 'VSPerf140.dll' (GetLastError=126)
LogWindows: File 'VSPerf140.dll' does not exist
LogWindows: Failed to load 'VtuneApi.dll' (GetLastError=126)
LogWindows: File 'VtuneApi.dll' does not exist
LogWindows: Failed to load 'VtuneApi32e.dll' (GetLastError=126)
LogWindows: File 'VtuneApi32e.dll' does not exist
LogInit: Display: Running engine for game: PapasP
LogPlatformFile: Not using cached read wrapper
LogInit: Display: RandInit(2085319073) SRandInit(2085319073).
LogInit: Read version file with build ID '3709383'
LogInit: Overriding engine version to CL 3832480, compatible CL 3709383
LogInit: Registered custom module enumerator with build ID '3709383'
LogTaskGraph: Started task graph with 5 named threads and 14 total threads with 3 sets of task threads.
LogStats: Stats thread started at 0.331140
LogD3D11RHI: Aftermath initialized
LogModuleManager: Display: Found up-to-date module file ../../../Engine/Plugins/2D/Paper2D/Binaries/Win64/UE4Editor-Paper2D.dll (API version 3709383).
LogModuleManager: Display: Found up-to-date module file ../../../Engine/Plugins/2D/Paper2D/Binaries/Win64/UE4Editor-Paper2DEditor.dll (API version 3709383).
LogModuleManager: Display: Found up-to-date module file ../../../Engine/Plugins/2D/Paper2D/Binaries/Win64/UE4Editor-PaperSpriteSheetImporter.dll (API version 3709383).
LogModuleManager: Display: Found up-to-date module file ../../../Engine/Plugins/2D/Paper2D/Binaries/Win64/UE4Editor-PaperTiledImporter.dll (API version 3709383).
LogModuleManager: Display: Found up-to-date module file ../../../Engine/Plugins/2D/Paper2D/Binaries/Win64/UE4Editor-SmartSnapping.dll (API version 3709383).
LogModuleManager: Display: Found up-to-date module file ../../../Engine/Plugins/Blendables/LightPropagationVolume/Binaries/Win64/UE4Editor-LightPropagationVolumeRuntime.dll (API version 3709383).
LogModuleManager: Display: Found up-to-date module file ../../../Engine/Plugins/Blendables/LightPropagationVolume/Binaries/Win64/UE4Editor-LightPropagationVolumeEditor.dll (API version 3709383).
LogModuleManager: Display: Found up-to-date module file ../../../Engine/Plugins/Developer/GitSourceControl/Binaries/Win64/UE4Editor-GitSourceControl.dll (API version 3709383).
LogModuleManager: Display: Found up-to-date module file ../../../Engine/Plugins/Developer/PerforceSourceControl/Binaries/Win64/UE4Editor-PerforceSourceControl.dll (API version 3709383).
LogModuleManager: Display: Found up-to-date module file ../../../Engine/Plugins/Developer/SubversionSourceControl/Binaries/Win64/UE4Editor-SubversionSourceControl.dll (API version 3709383).
LogModuleManager: Display: Found up-to-date module file ../../../Engine/Plugins/Developer/UObjectPlugin/Binaries/Win64/UE4Editor-UObjectPlugin.dll (API version 3709383).
LogModuleManager: Display: Found up-to-date module file ../../../Engine/Plugins/Developer/VisualStudioCodeSourceCodeAccess/Binaries/Win64/UE4Editor-VisualStudioCodeSourceCodeAccess.dll (API version 3709383).
LogModuleManager: Display: Found up-to-date module file ../../../Engine/Plugins/Developer/VisualStudioSourceCodeAccess/Binaries/Win64/UE4Editor-VisualStudioSourceCodeAccess.dll (API version 3709383).
LogModuleManager: Display: Found up-to-date module file ../../../Engine/Plugins/Editor/AssetManagerEditor/Binaries/Win64/UE4Editor-AssetManagerEditor.dll (API version 3709383).
LogModuleManager: Display: Found up-to-date module file ../../../Engine/Plugins/Editor/AudioCapture/Binaries/Win64/UE4Editor-AudioCapture.dll (API version 3709383).
LogModuleManager: Display: Found up-to-date module file ../../../Engine/Plugins/Editor/FacialAnimation/Binaries/Win64/UE4Editor-FacialAnimation.dll (API version 3709383).
LogModuleManager: Display: Found up-to-date module file ../../../Engine/Plugins/Editor/FacialAnimation/Binaries/Win64/UE4Editor-FacialAnimationEditor.dll (API version 3709383).
LogModuleManager: Display: Found up-to-date module file ../../../Engine/Plugins/Editor/GameplayTagsEditor/Binaries/Win64/UE4Editor-GameplayTagsEditor.dll (API version 3709383).
LogModuleManager: Display: Found up-to-date module file ../../../Engine/Plugins/Editor/MobileLauncherProfileWizard/Binaries/Win64/UE4Editor-MobileLauncherProfileWizard.dll (API version 3709383).
LogModuleManager: Display: Found up-to-date module file ../../../Engine/Plugins/Editor/PluginBrowser/Binaries/Win64/UE4Editor-PluginBrowser.dll (API version 3709383).
LogModuleManager: Display: Found up-to-date module file ../../../Engine/Plugins/Editor/SpeedTreeImporter/Binaries/Win64/UE4Editor-SpeedTreeImporter.dll (API version 3709383).
LogModuleManager: Display: Found up-to-date module file ../../../Engine/Plugins/Experimental/AlembicImporter/Binaries/Win64/UE4Editor-AlembicImporter.dll (API version 3709383).
LogModuleManager: Display: Found up-to-date module file ../../../Engine/Plugins/Experimental/AlembicImporter/Binaries/Win64/UE4Editor-AlembicLibrary.dll (API version 3709383).
LogModuleManager: Display: Found up-to-date module file ../../../Engine/Plugins/Experimental/CharacterAI/Binaries/Win64/UE4Editor-CharacterAI.dll (API version 3709383).
LogModuleManager: Display: Found up-to-date module file ../../../Engine/Plugins/Experimental/HTML5Networking/Binaries/Win64/UE4Editor-HTML5Networking.dll (API version 3709383).
LogModuleManager: Display: Found up-to-date module file ../../../Engine/Plugins/Media/AndroidMedia/Binaries/Win64/UE4Editor-AndroidMediaEditor.dll (API version 3709383).
LogModuleManager: Display: Found up-to-date module file ../../../Engine/Plugins/Media/AndroidMedia/Binaries/Win64/UE4Editor-AndroidMediaFactory.dll (API version 3709383).
LogModuleManager: Display: Found up-to-date module file ../../../Engine/Plugins/Media/AvfMedia/Binaries/Win64/UE4Editor-AvfMediaEditor.dll (API version 3709383).
LogModuleManager: Display: Found up-to-date module file ../../../Engine/Plugins/Media/AvfMedia/Binaries/Win64/UE4Editor-AvfMediaFactory.dll (API version 3709383).
LogModuleManager: Display: Found up-to-date module file ../../../Engine/Plugins/Media/AvfMedia/Binaries/Win64/UE4Editor-AvfMediaFactory.dll (API version 3709383).
LogModuleManager: Display: Found up-to-date module file ../../../Engine/Plugins/Media/ImgMedia/Binaries/Win64/UE4Editor-ImgMedia.dll (API version 3709383).
LogModuleManager: Display: Found up-to-date module file ../../../Engine/Plugins/Media/ImgMedia/Binaries/Win64/UE4Editor-ImgMediaEditor.dll (API version 3709383).
LogModuleManager: Display: Found up-to-date module file ../../../Engine/Plugins/Media/ImgMedia/Binaries/Win64/UE4Editor-ImgMediaFactory.dll (API version 3709383).
LogModuleManager: Display: Found up-to-date module file ../../../Engine/Plugins/Media/ImgMedia/Binaries/Win64/UE4Editor-ImgMediaFactory.dll (API version 3709383).
LogModuleManager: Display: Found up-to-date module file ../../../Engine/Plugins/Media/ImgMedia/Binaries/Win64/UE4Editor-OpenExrWrapper.dll (API version 3709383).
LogModuleManager: Display: Found up-to-date module file ../../../Engine/Plugins/Media/MediaCompositing/Binaries/Win64/UE4Editor-MediaCompositing.dll (API version 3709383).
LogModuleManager: Display: Found up-to-date module file ../../../Engine/Plugins/Media/MediaCompositing/Binaries/Win64/UE4Editor-MediaCompositingEditor.dll (API version 3709383).
LogModuleManager: Display: Found up-to-date module file ../../../Engine/Plugins/Media/MediaPlayerEditor/Binaries/Win64/UE4Editor-MediaPlayerEditor.dll (API version 3709383).
LogModuleManager: Display: Found up-to-date module file ../../../Engine/Plugins/Media/WmfMedia/Binaries/Win64/UE4Editor-WmfMedia.dll (API version 3709383).
LogModuleManager: Display: Found up-to-date module file ../../../Engine/Plugins/Media/WmfMedia/Binaries/Win64/UE4Editor-WmfMediaEditor.dll (API version 3709383).
LogModuleManager: Display: Found up-to-date module file ../../../Engine/Plugins/Media/WmfMedia/Binaries/Win64/UE4Editor-WmfMediaFactory.dll (API version 3709383).
LogModuleManager: Display: Found up-to-date module file ../../../Engine/Plugins/Media/WmfMedia/Binaries/Win64/UE4Editor-WmfMediaFactory.dll (API version 3709383).
LogModuleManager: Display: Found up-to-date module file ../../../Engine/Plugins/Messaging/TcpMessaging/Binaries/Win64/UE4Editor-TcpMessaging.dll (API version 3709383).
LogModuleManager: Display: Found up-to-date module file ../../../Engine/Plugins/Messaging/UdpMessaging/Binaries/Win64/UE4Editor-UdpMessaging.dll (API version 3709383).
LogModuleManager: Display: Found up-to-date module file ../../../Engine/Plugins/MovieScene/ActorSequence/Binaries/Win64/UE4Editor-ActorSequence.dll (API version 3709383).
LogModuleManager: Display: Found up-to-date module file ../../../Engine/Plugins/MovieScene/LevelSequenceEditor/Binaries/Win64/UE4Editor-LevelSequenceEditor.dll (API version 3709383).
LogModuleManager: Display: Found up-to-date module file ../../../Engine/Plugins/MovieScene/MatineeToLevelSequence/Binaries/Win64/UE4Editor-MatineeToLevelSequence.dll (API version 3709383).
LogModuleManager: Display: Found up-to-date module file ../../../Engine/Plugins/Online/OnlineSubsystem/Binaries/Win64/UE4Editor-OnlineSubsystem.dll (API version 3709383).
LogModuleManager: Display: Found up-to-date module file ../../../Engine/Plugins/Runtime/AndroidPermission/Binaries/Win64/UE4Editor-AndroidPermission.dll (API version 3709383).
LogModuleManager: Display: Found up-to-date module file ../../../Engine/Plugins/Online/OnlineSubsystemNull/Binaries/Win64/UE4Editor-OnlineSubsystemNull.dll (API version 3709383).
LogModuleManager: Display: Found up-to-date module file ../../../Engine/Plugins/Online/OnlineSubsystemUtils/Binaries/Win64/UE4Editor-OnlineSubsystemUtils.dll (API version 3709383).
LogModuleManager: Display: Found up-to-date module file ../../../Engine/Plugins/Online/OnlineSubsystemUtils/Binaries/Win64/UE4Editor-OnlineBlueprintSupport.dll (API version 3709383).
LogModuleManager: Display: Found up-to-date module file ../../../Engine/Plugins/Runtime/AndroidDeviceProfileSelector/Binaries/Win64/UE4Editor-AndroidDeviceProfileSelector.dll (API version 3709383).
LogModuleManager: Display: Found up-to-date module file ../../../Engine/Plugins/Runtime/AppleARKit/Binaries/Win64/UE4Editor-AppleARKit.dll (API version 3709383).
LogModuleManager: Display: Found up-to-date module file ../../../Engine/Plugins/Runtime/ArchVisCharacter/Binaries/Win64/UE4Editor-ArchVisCharacter.dll (API version 3709383).
LogModuleManager: Display: Found up-to-date module file ../../../Engine/Plugins/Runtime/CableComponent/Binaries/Win64/UE4Editor-CableComponent.dll (API version 3709383).
LogModuleManager: Display: Found up-to-date module file ../../../Engine/Plugins/Runtime/CustomMeshComponent/Binaries/Win64/UE4Editor-CustomMeshComponent.dll (API version 3709383).
LogModuleManager: Display: Found up-to-date module file ../../../Engine/Plugins/Runtime/ExampleDeviceProfileSelector/Binaries/Win64/UE4Editor-ExampleDeviceProfileSelector.dll (API version 3709383).
LogModuleManager: Display: Found up-to-date module file ../../../Engine/Plugins/Runtime/ImmediatePhysics/Binaries/Win64/UE4Editor-ImmediatePhysics.dll (API version 3709383).
LogModuleManager: Display: Found up-to-date module file ../../../Engine/Plugins/Runtime/ImmediatePhysics/Binaries/Win64/UE4Editor-ImmediatePhysicsEditor.dll (API version 3709383).
LogModuleManager: Display: Found up-to-date module file ../../../Engine/Plugins/Runtime/LocationServicesBPLibrary/Binaries/Win64/UE4Editor-LocationServicesBPLibrary.dll (API version 3709383).
LogModuleManager: Display: Found up-to-date module file ../../../Engine/Plugins/Runtime/MobilePatchingUtils/Binaries/Win64/UE4Editor-MobilePatchingUtils.dll (API version 3709383).
LogModuleManager: Display: Found up-to-date module file ../../../Engine/Plugins/Runtime/Oculus/OculusVR/Binaries/Win64/UE4Editor-OculusHMD.dll (API version 3709383).
LogModuleManager: Display: Found up-to-date module file ../../../Engine/Plugins/Runtime/Oculus/OculusVR/Binaries/Win64/UE4Editor-OculusInput.dll (API version 3709383).
LogModuleManager: Display: Found up-to-date module file ../../../Engine/Plugins/Runtime/Oculus/OculusVR/Binaries/Win64/UE4Editor-OculusEditor.dll (API version 3709383).
LogModuleManager: Display: Found up-to-date module file ../../../Engine/Plugins/Runtime/PhysXVehicles/Binaries/Win64/UE4Editor-PhysXVehicles.dll (API version 3709383).
LogModuleManager: Display: Found up-to-date module file ../../../Engine/Plugins/Runtime/PhysXVehicles/Binaries/Win64/UE4Editor-PhysXVehiclesEditor.dll (API version 3709383).
LogModuleManager: Display: Found up-to-date module file ../../../Engine/Plugins/Runtime/ProceduralMeshComponent/Binaries/Win64/UE4Editor-ProceduralMeshComponent.dll (API version 3709383).
LogModuleManager: Display: Found up-to-date module file ../../../Engine/Plugins/Runtime/ProceduralMeshComponent/Binaries/Win64/UE4Editor-ProceduralMeshComponentEditor.dll (API version 3709383).
LogModuleManager: Display: Found up-to-date module file ../../../Engine/Plugins/Runtime/RuntimePhysXCooking/Binaries/Win64/UE4Editor-RuntimePhysXCooking.dll (API version 3709383).
LogModuleManager: Display: Found up-to-date module file ../../../Engine/Plugins/Runtime/Steam/SteamVR/Binaries/Win64/UE4Editor-SteamVR.dll (API version 3709383).
LogModuleManager: Display: Found up-to-date module file ../../../Engine/Plugins/Runtime/Steam/SteamVR/Binaries/Win64/UE4Editor-SteamVRController.dll (API version 3709383).
LogModuleManager: Display: Found up-to-date module file ../../../Engine/Plugins/Runtime/WindowsMoviePlayer/Binaries/Win64/UE4Editor-WindowsMoviePlayer.dll (API version 3709383).
LogPluginManager: Mounting plugin Paper2D
LogPluginManager: Mounting plugin LightPropagationVolume
LogPluginManager: Mounting plugin CodeLiteSourceCodeAccess
LogPluginManager: Mounting plugin GitSourceControl
LogPluginManager: Mounting plugin KDevelopSourceCodeAccess
LogPluginManager: Mounting plugin NullSourceCodeAccess
LogPluginManager: Mounting plugin PerforceSourceControl
LogPluginManager: Mounting plugin SubversionSourceControl
LogPluginManager: Mounting plugin UObjectPlugin
LogPluginManager: Mounting plugin VisualStudioCodeSourceCodeAccess
LogPluginManager: Mounting plugin VisualStudioSourceCodeAccess
LogPluginManager: Mounting plugin XCodeSourceCodeAccess
LogPluginManager: Mounting plugin AssetManagerEditor
LogPluginManager: Mounting plugin AudioCapture
LogPluginManager: Mounting plugin FacialAnimation
LogPluginManager: Mounting plugin GameplayTagsEditor
LogPluginManager: Mounting plugin MobileLauncherProfileWizard
LogPluginManager: Mounting plugin PluginBrowser
LogPluginManager: Mounting plugin SpeedTreeImporter
LogPluginManager: Mounting plugin AlembicImporter
LogPluginManager: Mounting plugin CharacterAI
LogPluginManager: Mounting plugin HTML5Networking
LogPluginManager: Mounting plugin AndroidMedia
LogPluginManager: Mounting plugin AvfMedia
LogPluginManager: Mounting plugin ImgMedia
LogPluginManager: Mounting plugin MediaCompositing
LogPluginManager: Mounting plugin MediaPlayerEditor
LogPluginManager: Mounting plugin WmfMedia
LogPluginManager: Mounting plugin TcpMessaging
LogPluginManager: Mounting plugin UdpMessaging
LogPluginManager: Mounting plugin ActorSequence
LogPluginManager: Mounting plugin LevelSequenceEditor
LogPluginManager: Mounting plugin MatineeToLevelSequence
LogPluginManager: Mounting plugin OnlineSubsystemGooglePlay
LogPluginManager: Mounting plugin OnlineSubsystemIOS
LogPluginManager: Mounting plugin OnlineSubsystem
LogPluginManager: Mounting plugin OnlineSubsystemNull
LogPluginManager: Mounting plugin OnlineSubsystemUtils
LogPluginManager: Mounting plugin AndroidDeviceProfileSelector
LogPluginManager: Mounting plugin AndroidMoviePlayer
LogPluginManager: Mounting plugin AndroidPermission
LogPluginManager: Mounting plugin AppleARKit
LogPluginManager: Mounting plugin AppleMoviePlayer
LogPluginManager: Mounting plugin ArchVisCharacter
LogPluginManager: Mounting plugin CableComponent
LogPluginManager: Mounting plugin CustomMeshComponent
LogPluginManager: Mounting plugin ExampleDeviceProfileSelector
LogPluginManager: Mounting plugin GoogleCloudMessaging
LogPluginManager: Mounting plugin ImmediatePhysics
LogPluginManager: Mounting plugin IOSDeviceProfileSelector
LogPluginManager: Mounting plugin LinuxDeviceProfileSelector
LogPluginManager: Mounting plugin LocationServicesBPLibrary
LogPluginManager: Mounting plugin MobilePatchingUtils
LogPluginManager: Mounting plugin OculusVR
LogPluginManager: Plugin shader directory ../../../Engine/Plugins/Runtime/Oculus/OculusVR/Shaders found
LogPluginManager: Mapping shader source directory ../../../Engine/Plugins/Runtime/Oculus/OculusVR/Shaders to virtual directory /Plugin/OculusVR
LogPluginManager: Mounting plugin PhysXVehicles
LogPluginManager: Mounting plugin ProceduralMeshComponent
LogPluginManager: Mounting plugin RuntimePhysXCooking
LogPluginManager: Mounting plugin SteamVR
LogPluginManager: Mounting plugin WindowsMoviePlayer
LogInit: Using libcurl 7.47.1
LogInit:  - built for x86_64-pc-win32
LogInit:  - supports SSL with OpenSSL/1.0.2g
LogInit:  - supports HTTP deflate (compression) using libz 1.2.8
LogInit:  - other features:
LogInit:      CURL_VERSION_SSL
LogInit:      CURL_VERSION_LIBZ
LogInit:      CURL_VERSION_IPV6
LogInit:      CURL_VERSION_ASYNCHDNS
LogInit:      CURL_VERSION_LARGEFILE
LogInit:      CURL_VERSION_IDN
LogInit:  CurlRequestOptions (configurable via config and command line):
LogInit:  - bVerifyPeer = false  - Libcurl will NOT verify peer certificate
LogInit:  - bUseHttpProxy = false  - Libcurl will NOT use HTTP proxy
LogInit:  - bDontReuseConnections = false  - Libcurl will reuse connections
LogInit:  - CertBundlePath = nullptr  - Libcurl will use whatever was configured at build time.
LogInit: Build: ++UE4+Release-4.18-CL-3832480
LogInit: Engine Version: 4.18.3-3832480+++UE4+Release-4.18
LogInit: Compatible Engine Version: 4.18.0-3709383+++UE4+Release-4.18
LogInit: Net CL: 3709383
LogDevObjectVersion: Number of dev versions registered: 16
LogDevObjectVersion:   Dev-Blueprints (B0D832E4-1F89-4F0D-ACCF-7EB736FD4AA2): 10
LogDevObjectVersion:   Dev-Build (E1C64328-A22C-4D53-A36C-8E866417BD8C): 0
LogDevObjectVersion:   Dev-Core (375EC13C-06E4-48FB-B500-84F0262A717E): 2
LogDevObjectVersion:   Dev-Editor (E4B068ED-F494-42E9-A231-DA0B2E46BB41): 20
LogDevObjectVersion:   Dev-Framework (CFFC743F-43B0-4480-9391-14DF171D2073): 30
LogDevObjectVersion:   Dev-Mobile (B02B49B5-BB20-44E9-A304-32B752E40360): 0
LogDevObjectVersion:   Dev-Networking (A4E4105C-59A1-49B5-A7C5-40C4547EDFEE): 0
LogDevObjectVersion:   Dev-Online (39C831C9-5AE6-47DC-9A44-9C173E1C8E7C): 0
LogDevObjectVersion:   Dev-Physics (78F01B33-EBEA-4F98-B9B4-84EACCB95AA2): 0
LogDevObjectVersion:   Dev-Platform (6631380F-2D4D-43E0-8009-CF276956A95A): 0
LogDevObjectVersion:   Dev-Rendering (12F88B9F-8875-4AFC-A67C-D90C383ABD29): 20
LogDevObjectVersion:   Dev-Sequencer (7B5AE74C-D270-4C10-A958-57980B212A5A): 4
LogDevObjectVersion:   Dev-VR (D7296918-1DD6-4BDD-9DE2-64A83CC13884): 0
LogDevObjectVersion:   Dev-LoadTimes (C2A15278-BFE7-4AFE-6C17-90FF531DF755): 1
LogDevObjectVersion:   Private-Geometry (6EACA3D4-40EC-4CC1-B786-8BED09428FC5): 1
LogDevObjectVersion:   Dev-AnimPhys (29E575DD-E0A3-4627-9D10-D276232CDCEA): 12
LogInit: Compiled (64-bit): Jan 12 2018 02:04:55
LogInit: Compiled with Visual C++: 19.00.24215.01
LogInit: Build Configuration: Development
LogInit: Branch Name: ++UE4+Release-4.18
LogInit: Command line: -EpicPortal 
LogInit: Base directory: C:/Program Files/Epic Games/UE_4.18/Engine/Binaries/Win64/
LogInit: Installed Engine Build: 1
LogInit: Presizing for max 8388607 objects, including 0 objects not considered by GC, pre-allocating 0 bytes for permanent pool.
LogInit: Object subsystem initialized
[2018.02.26-12.17.01:754][  0]LogInit: Selected Device Profile: [Windows]
[2018.02.26-12.17.01:754][  0]LogInit: Applying CVar settings loaded from the selected device profile: [Windows]
[2018.02.26-12.17.01:792][  0]LogInit: Computer: VIKING78COMP
[2018.02.26-12.17.01:792][  0]LogInit: User: Viking78
[2018.02.26-12.17.01:792][  0]LogInit: CPU Page size=4096, Cores=4
[2018.02.26-12.17.01:792][  0]LogInit: High frequency timer resolution =3.215354 MHz
[2018.02.26-12.17.01:793][  0]LogMemory: Memory total: Physical=16.0GB (16GB approx)
[2018.02.26-12.17.01:793][  0]LogMemory: Platform Memory Stats for Windows
[2018.02.26-12.17.01:793][  0]LogMemory: Process Physical Memory: 275.07 MB used, 275.07 MB peak
[2018.02.26-12.17.01:793][  0]LogMemory: Process Virtual Memory: 271.68 MB used, 271.68 MB peak
[2018.02.26-12.17.01:793][  0]LogMemory: Physical Memory: 11404.02 MB used,  4943.70 MB free, 16347.72 MB total
[2018.02.26-12.17.01:793][  0]LogMemory: Virtual Memory: 679.12 MB used,  4943.70 MB free, 134217728.00 MB total
[2018.02.26-12.17.02:132][  0]LogInit: Using OS detected language (ru-RU).
[2018.02.26-12.17.02:132][  0]LogInit: Using OS detected locale (ru-RU).
[2018.02.26-12.17.02:301][  0]LogTextLocalizationManager: No localization for 'ru-RU' exists, so 'en' will be used for the language.
[2018.02.26-12.17.02:302][  0]LogTextLocalizationManager: No localization for 'ru-RU' exists, so 'en' will be used for the locale.
[2018.02.26-12.17.03:120][  0]LogInit: Setting process to per monitor DPI aware
[2018.02.26-12.17.07:297][  0]LogD3D11RHI: D3D11 adapters:
[2018.02.26-12.17.07:435][  0]LogD3D11RHI:    0. 'NVIDIA GeForce GTX 650 Ti' (Feature Level 11_0)
[2018.02.26-12.17.07:436][  0]LogD3D11RHI:       995/0/8173 MB DedicatedVideo/DedicatedSystem/SharedSystem, Outputs:2, VendorId:0x10de
[2018.02.26-12.17.07:444][  0]LogD3D11RHI:    1. 'Microsoft Basic Render Driver' (Feature Level 11_0)
[2018.02.26-12.17.07:445][  0]LogD3D11RHI:       0/0/8173 MB DedicatedVideo/DedicatedSystem/SharedSystem, Outputs:0, VendorId:0x1414
[2018.02.26-12.17.07:445][  0]LogD3D11RHI: Chosen D3D11 Adapter: 0
[2018.02.26-12.17.07:467][  0]LogD3D11RHI: Creating new Direct3DDevice
[2018.02.26-12.17.07:467][  0]LogD3D11RHI:     GPU DeviceId: 0x11c6 (for the marketing name, search the web for "GPU Device Id")
[2018.02.26-12.17.07:467][  0]LogWindows: EnumDisplayDevices:
[2018.02.26-12.17.07:467][  0]LogWindows:    0. 'NVIDIA GeForce GTX 650 Ti' (P:1 D:1)
[2018.02.26-12.17.07:467][  0]LogWindows:    1. 'NVIDIA GeForce GTX 650 Ti' (P:0 D:1)
[2018.02.26-12.17.07:467][  0]LogWindows:    2. 'NVIDIA GeForce GTX 650 Ti' (P:0 D:0)
[2018.02.26-12.17.07:468][  0]LogWindows:    3. 'NVIDIA GeForce GTX 650 Ti' (P:0 D:0)
[2018.02.26-12.17.07:468][  0]LogWindows: DebugString: GetVideoDriverDetailsInvalid PrimaryIsNotTheChoosenAdapter GetVideoDriverDetailsInvalid PrimaryIsNotTheChoosenAdapter GetVideoDriverDetailsInvalid PrimaryIsNotTheChoosenAdapter GetVideoDriverDetailsInvalid PrimaryIsNotTheChoosenAdapter FoundDriverCount:0 
[2018.02.26-12.17.07:468][  0]LogD3D11RHI:     Adapter Name: NVIDIA GeForce GTX 650 Ti
[2018.02.26-12.17.07:468][  0]LogD3D11RHI:   Driver Version: Unknown (internal:Unknown, unified:Unknown)
[2018.02.26-12.17.07:468][  0]LogD3D11RHI:      Driver Date: Unknown
[2018.02.26-12.17.07:468][  0]LogRHI: Texture pool is 696 MB (70% of 995 MB)
[2018.02.26-12.17.07:526][  0]LogD3D11RHI: Async texture creation enabled
[2018.02.26-12.17.07:540][  0]LogD3D11RHI: GPU Timing Frequency: 1000.000000 (Debug: 2 0)
[2018.02.26-12.17.07:597][  0]LogShaderCompilers: Guid format shader working directory is -17 characters bigger than the processId version (../../../../../../Users/Viking78/Documents/Unreal Projects/PapasP/Intermediate/Shaders/WorkingDirectory/30436/).
[2018.02.26-12.17.07:597][  0]LogShaderCompilers: Cleaned the shader compiler working directory 'C:/Users/Viking78/AppData/Local/Temp/UnrealShaderWorkingDir/A48211F64C4B78F35331DF9084C47B96/'.
[2018.02.26-12.17.07:597][  0]LogShaderCompilers: Display: Using Local Shader Compiler.
[2018.02.26-12.17.10:565][  0]LogTemp: Display: Loaded TP AllDesktopTargetPlatform
[2018.02.26-12.17.10:667][  0]LogTemp: Display: Loaded TP MacClientTargetPlatform
[2018.02.26-12.17.10:766][  0]LogTemp: Display: Loaded TP MacNoEditorTargetPlatform
[2018.02.26-12.17.10:864][  0]LogTemp: Display: Loaded TP MacServerTargetPlatform
[2018.02.26-12.17.10:980][  0]LogTemp: Display: Loaded TP MacTargetPlatform
[2018.02.26-12.17.11:080][  0]LogTemp: Display: Loaded TP WindowsClientTargetPlatform
[2018.02.26-12.17.11:185][  0]LogTemp: Display: Loaded TP WindowsNoEditorTargetPlatform
[2018.02.26-12.17.11:286][  0]LogTemp: Display: Loaded TP WindowsServerTargetPlatform
[2018.02.26-12.17.11:370][  0]LogTemp: Display: Loaded TP WindowsTargetPlatform
[2018.02.26-12.17.11:467][  0]LogTemp: Display: Loaded TP Android_ASTCTargetPlatform
[2018.02.26-12.17.11:561][  0]LogTemp: Display: Loaded TP Android_ATCTargetPlatform
[2018.02.26-12.17.11:666][  0]LogTemp: Display: Loaded TP Android_DXTTargetPlatform
[2018.02.26-12.17.11:770][  0]LogTemp: Display: Loaded TP Android_ETC1TargetPlatform
[2018.02.26-12.17.11:871][  0]LogTemp: Display: Loaded TP Android_ETC2TargetPlatform
[2018.02.26-12.17.12:094][  0]LogTemp: Display: Loaded TP Android_MultiTargetPlatform
[2018.02.26-12.17.12:094][  0]LogTemp: Display: Loaded TP Android_PVRTCTargetPlatform
[2018.02.26-12.17.12:201][  0]LogTemp: Display: Loaded TP AndroidTargetPlatform
[2018.02.26-12.17.12:278][  0]LogTemp: Display: Loaded TP HTML5TargetPlatform
[2018.02.26-12.17.12:462][  0]LogTemp: Display: Loaded TP IOSTargetPlatform
[2018.02.26-12.17.12:512][  0]LogTemp: Display: Loaded TP TVOSTargetPlatform
[2018.02.26-12.17.12:609][  0]LogTemp: Display: Loaded TP LinuxClientTargetPlatform
[2018.02.26-12.17.12:709][  0]LogTemp: Display: Loaded TP LinuxNoEditorTargetPlatform
[2018.02.26-12.17.12:815][  0]LogTemp: Display: Loaded TP LinuxServerTargetPlatform
[2018.02.26-12.17.12:944][  0]LogTemp: Display: Loaded TP LinuxTargetPlatform
[2018.02.26-12.17.12:944][  0]LogTargetPlatformManager: Display: Building Assets For Windows
[2018.02.26-12.17.13:866][  0]LogDerivedDataCache: Display: Max Cache Size: 512 MB
[2018.02.26-12.17.14:172][  0]LogDerivedDataCache: Loaded boot cache 0.31s 74MB C:/Users/Viking78/AppData/Local/UnrealEngine/4.18/DerivedDataCache/Boot.ddc.
[2018.02.26-12.17.14:172][  0]LogDerivedDataCache: Display: Loaded Boot cache: C:/Users/Viking78/AppData/Local/UnrealEngine/4.18/DerivedDataCache/Boot.ddc
[2018.02.26-12.17.14:172][  0]LogDerivedDataCache: FDerivedDataBackendGraph:  Pak pak cache file ../../../../../../Users/Viking78/Documents/Unreal Projects/PapasP/DerivedDataCache/DDC.ddp not found, will not use a pak cache.
[2018.02.26-12.17.14:172][  0]LogDerivedDataCache: Unable to find inner node Pak for hierarchical cache Hierarchy.
[2018.02.26-12.17.14:172][  0]LogDerivedDataCache: FDerivedDataBackendGraph:  CompressedPak pak cache file ../../../../../../Users/Viking78/Documents/Unreal Projects/PapasP/DerivedDataCache/Compressed.ddp not found, will not use a pak cache.
[2018.02.26-12.17.14:172][  0]LogDerivedDataCache: Unable to find inner node CompressedPak for hierarchical cache Hierarchy.
[2018.02.26-12.17.14:194][  0]LogDerivedDataCache: Display: Pak cache opened for reading ../../../Engine/DerivedDataCache/Compressed.ddp.
[2018.02.26-12.17.14:207][  0]LogDerivedDataCache: Using Local data cache path C:/Users/Viking78/AppData/Local/UnrealEngine/Common/DerivedDataCache: Writable
[2018.02.26-12.17.14:225][  0]LogMaterial: Verifying Global Shaders for PCD3D_SM5
[2018.02.26-12.17.14:226][  0]LogSlate: Using Freetype 2.6.0
[2018.02.26-12.17.14:260][  0]LogSlate: SlateFontCache - WITH_FREETYPE: 1, WITH_HARFBUZZ: 1
[2018.02.26-12.17.14:260][  0]LogSlate: SlateFontCache - WITH_FREETYPE: 1, WITH_HARFBUZZ: 1
[2018.02.26-12.17.16:796][  0]LogInit: Selected Device Profile: [Windows]
[2018.02.26-12.17.17:839][  0]LogSimplygon: Simplygon DLL not present - disabling.
[2018.02.26-12.17.17:946][  0]LogMeshReduction: Using SimplygonSwarm for distributed automatic mesh merging
[2018.02.26-12.17.17:946][  0]LogMeshReduction: Using QuadricMeshReduction for automatic static mesh reduction
[2018.02.26-12.17.17:946][  0]LogMeshReduction: No automatic skeletal mesh reduction module available
[2018.02.26-12.17.17:946][  0]LogMeshReduction: No automatic mesh merging module available
[2018.02.26-12.17.17:946][  0]LogMeshMerging: No automatic mesh merging module available
[2018.02.26-12.17.18:011][  0]LogNetVersion: PapasP , NetCL: 3709383, EngineNetVer: 2, GameNetVer: 0 (Checksum: 3060946917)
[2018.02.26-12.17.18:340][  0]LogAssetRegistry: FAssetRegistry took 0.0299 seconds to start up
[2018.02.26-12.17.19:318][  0]LogPackageLocalizationCache: Processed 7 localized package path(s) for 1 prioritized culture(s) in 0.080115 seconds
[2018.02.26-12.17.19:330][  0]LogUObjectArray: 35870 objects as part of root set at end of initial load.
[2018.02.26-12.17.19:330][  0]LogUObjectAllocator: 7363704 out of 0 bytes used by permanent object pool.
[2018.02.26-12.17.19:330][  0]LogUObjectArray: CloseDisregardForGC: 0/0 objects in disregard for GC pool
[2018.02.26-12.17.19:463][  0]LogInit: WinSock: version 1.1 (2.2), MaxSocks=32767, MaxUdp=65467
[2018.02.26-12.17.58:645][  0]LogTcpMessaging: Initializing TcpMessaging bridge
[2018.02.26-12.17.58:884][  0]LogUdpMessaging: Initializing bridge on interface 0.0.0.0:0 to multicast group 230.0.0.1:6666.
[2018.02.26-12.18.03:241][  0]LogMaterial: Uniform references updated for custom material expression Custom.
[2018.02.26-12.18.04:402][  0]SourceControl: Source control is disabled
[2018.02.26-12.18.04:402][  0]SourceControl: Source control is disabled
[2018.02.26-12.18.04:552][  0]SourceControl: Source control is disabled
[2018.02.26-12.18.04:677][  0]SourceControl: Source control is disabled
[2018.02.26-12.18.06:880][  0]LogAndroidPermission: UAndroidPermissionCallbackProxy::GetInstance
[2018.02.26-12.18.07:592][  0]LogOcInput: OculusInput pre-init called
[2018.02.26-12.18.08:331][  0]LogEngine: Initializing Engine...
[2018.02.26-12.18.08:334][  0]LogHMD: Failed to initialize OpenVR with code 110
[2018.02.26-12.18.08:393][  0]LogMaterial: Missing cached shader map for material MAT_LevelColorationLitLightmapUV, compiling. Is special engine material.
[2018.02.26-12.18.09:725][  0]LogMaterial: Missing cached shader map for material ShadedLevelColorationLitMaterial, compiling. Is special engine material.
[2018.02.26-12.18.11:158][  0]LogMaterial: Missing cached shader map for material ShadedLevelColorationUnlitMateri, compiling. Is special engine material.
[2018.02.26-12.18.11:618][  0]LogMaterial: Missing cached shader map for material VertexColorMaterial, compiling. 
[2018.02.26-12.18.11:866][  0]LogMaterial: Missing cached shader map for material VertexColorViewMode_ColorOnly, compiling. 
[2018.02.26-12.18.11:918][  0]LogMaterial: Missing cached shader map for material VertexColorViewMode_AlphaAsColor, compiling. 
[2018.02.26-12.18.11:949][  0]LogMaterial: Missing cached shader map for material VertexColorViewMode_RedOnly, compiling. 
[2018.02.26-12.18.11:981][  0]LogMaterial: Missing cached shader map for material VertexColorViewMode_GreenOnly, compiling. 
[2018.02.26-12.18.12:028][  0]LogMaterial: Missing cached shader map for material VertexColorViewMode_BlueOnly, compiling. 
[2018.02.26-12.18.12:083][  0]LogMaterial: Missing cached shader map for material RemoveSurfaceMaterial, compiling. 
[2018.02.26-12.18.12:105][  0]LogMaterial: Missing cached shader map for material DebugMeshMaterial, compiling. 
[2018.02.26-12.18.12:145][  0]LogMaterial: Missing cached shader map for material M_InvalidLightmapSettings, compiling. 
[2018.02.26-12.18.12:275][  0]LogMaterial: Missing cached shader map for material GizmoMaterial, compiling. 
[2018.02.26-12.18.12:312][  0]LogMaterial: Missing cached shader map for material PhAT_JointLimitMaterial, compiling. 
[2018.02.26-12.18.12:370][  0]LogMaterial: Missing cached shader map for material GeomMaterial, compiling. 
[2018.02.26-12.18.12:418][  0]LogMaterial: Missing cached shader map for material EditorBrushMaterial, compiling. 
[2018.02.26-12.18.12:452][  0]LogMaterial: Missing cached shader map for material BoneWeightMaterial, compiling. 
[2018.02.26-12.18.12:665][  0]LogMaterial: Missing cached shader map for material ClothMaterial, compiling. 
[2018.02.26-12.18.12:695][  0]LogMaterial: Missing cached shader map for material ClothMaterial_WF, compiling. 
[2018.02.26-12.18.12:746][  0]LogMaterial: Missing cached shader map for material DebugEditorMaterial, compiling. 
[2018.02.26-12.18.12:779][  0]LogMaterial: Missing cached shader map for material PreviewShadowIndicatorMaterial, compiling. 
[2018.02.26-12.18.13:125][  0]LogStats: UGameplayTagsManager::ConstructGameplayTagTree: Construct from data asset -  0.000 s
[2018.02.26-12.18.13:125][  0]LogStats: UGameplayTagsManager::ConstructGameplayTagTree: GameplayTagTreeChangedEvent.Broadcast -  0.000 s
[2018.02.26-12.18.13:547][  0]LogAIModule: Creating AISystem for world Untitled
[2018.02.26-12.18.13:563][  0]LogInit: XAudio2 using 'Наушники (Устройство с поддержкой High Definition Audio)' : 2 channels at 48 kHz using 16 bits per sample (channel mask 0x3)
[2018.02.26-12.18.13:588][  0]LogInit: FAudioDevice initialized.
[2018.02.26-12.18.13:961][  0]LogDerivedDataCache: Saved boot cache 0.37s 74MB C:/Users/Viking78/AppData/Local/UnrealEngine/4.18/DerivedDataCache/Boot.ddc.
[2018.02.26-12.18.13:985][  0]LogInit: Texture streaming: Enabled
[2018.02.26-12.18.14:311][  0]LogEngineSessionManager: EngineSessionManager initialized
[2018.02.26-12.18.14:666][  0]LogInit: Transaction tracking system initialized
[2018.02.26-12.18.15:646][  0]BlueprintLog: New page: Editor Load
[2018.02.26-12.18.18:680][  0]LocalizationService: Localization service is disabled
[2018.02.26-12.18.21:134][  0]LogConsoleResponse: Display: 
[2018.02.26-12.18.21:247][  0]LogMaterial: Missing cached shader map for material Cross_Mat, compiling. 
[2018.02.26-12.18.21:293][  0]LogMaterial: Missing cached shader map for material PhAT_BoneSelectedMaterial, compiling. 
[2018.02.26-12.18.21:330][  0]LogMaterial: Missing cached shader map for material PhAT_ElemSelectedMaterial, compiling. 
[2018.02.26-12.18.21:364][  0]LogMaterial: Missing cached shader map for material PhAT_NoCollisionMaterial, compiling. 
[2018.02.26-12.18.21:401][  0]LogMaterial: Missing cached shader map for material PhAT_UnselectedMaterial, compiling. 
[2018.02.26-12.18.21:461][  0]LogMaterial: Missing cached shader map for material Tick_Mat, compiling. 
[2018.02.26-12.18.21:525][  0]LogMaterial: Missing cached shader map for material WidgetGridVertexColorMaterial_Ma, compiling. 
[2018.02.26-12.18.21:580][  0]LogMaterial: Missing cached shader map for material WidgetMaterial, compiling. 
[2018.02.26-12.18.21:621][  0]LogMaterial: Missing cached shader map for material WidgetMaterial_Current, compiling. 
[2018.02.26-12.18.21:674][  0]LogMaterial: Missing cached shader map for material WidgetMaterial_X, compiling. 
[2018.02.26-12.18.21:717][  0]LogMaterial: Missing cached shader map for material WidgetMaterial_Y, compiling. 
[2018.02.26-12.18.21:779][  0]LogMaterial: Missing cached shader map for material WidgetMaterial_Z, compiling. 
[2018.02.26-12.18.21:823][  0]LogMaterial: Missing cached shader map for material WidgetVertexColorMaterial, compiling. 
[2018.02.26-12.18.21:984][  0]LogMaterial: Missing cached shader map for material LevelGridMaterial, compiling. 
[2018.02.26-12.18.22:215][  0]LogMaterial: Missing cached shader map for material BlinkingCaret, compiling. 
[2018.02.26-12.18.22:439][  0]LogMaterial: Missing cached shader map for material M_StreamingPause, compiling. 
[2018.02.26-12.18.22:493][  0]LogCook: Display: Max memory allowance for cook 16384mb min free memory 0mb
[2018.02.26-12.18.22:493][  0]LogCook: Display: Mobile HDR setting 1
[2018.02.26-12.18.22:493][  0]LogGameplayTags: Display: UGameplayTagsManager::DoneAddingNativeTags. DelegateIsBound: 0
[2018.02.26-12.18.22:713][  0]LogFileCache: Scanning file cache for directory 'C:/Users/Viking78/Documents/Unreal Projects/PapasP/Content/' took 0.02s
[2018.02.26-12.18.26:875][  0]SourceControl: Source control is disabled
[2018.02.26-12.18.26:875][  0]Cmd: MAP LOAD FILE="../../../../../../Users/Viking78/Documents/Unreal Projects/PapasP/Content/FirstPersonBP/Maps/FirstPersonExampleMap.umap" TEMPLATE=0 SHOWPROGRESS=1 FEATURELEVEL=3
[2018.02.26-12.18.26:876][  0]LightingResults: New page: Lighting Build
[2018.02.26-12.18.27:262][  0]MapCheck: New page: Map Check
[2018.02.26-12.18.27:262][  0]LightingResults: New page: Lighting Build
[2018.02.26-12.18.33:866][  0]LogTexture: Display: Building textures: HQ_Lightmap0_2 (AutoDXT, 1024X1024)
[2018.02.26-12.18.33:866][  0]LogStaticMesh: Building static mesh Box_Brush_StaticMesh...
[2018.02.26-12.18.33:903][  0]LogTexture: Display: Building textures: HQ_Lightmap1_1 (AutoDXT, 2048X2048)
[2018.02.26-12.18.33:903][  0]LogStaticMesh: Built static mesh [0.04s] /Game/Geometry/NewFolder/Box_Brush_StaticMesh.Box_Brush_StaticMesh
[2018.02.26-12.18.34:147][  0]LogMaterial: Missing cached shader map for material M_Sky_Panning_Clouds2, compiling. 
[2018.02.26-12.18.34:320][  0]LogStaticMesh: Building static mesh Spher07_AM132_050_Collapsed...
[2018.02.26-12.18.36:466][  0]LogTexture: Display: Building textures: HQ_Lightmap1_3 (AutoDXT, 64X64)
[2018.02.26-12.18.36:466][  0]LogTexture: Display: Building textures: HQ_Lightmap1_4 (AutoDXT, 64X64)
[2018.02.26-12.18.36:466][  0]LogTexture: Display: Building textures: HQ_Lightmap1_5 (AutoDXT, 64X64)
[2018.02.26-12.18.36:466][  0]LogTexture: Display: Building textures: HQ_Lightmap1_6 (AutoDXT, 64X64)
[2018.02.26-12.18.36:466][  0]LogTexture: Display: Building textures: LQ_Lightmap_0_2 (DXT1, 1024X1024)
[2018.02.26-12.18.36:466][  0]LogTexture: Display: Building textures: LQ_Lightmap_1_1 (DXT1, 2048X2048)
[2018.02.26-12.18.36:466][  0]LogTexture: Display: Building textures: LQ_Lightmap_1_3 (DXT1, 64X64)
[2018.02.26-12.18.36:466][  0]LogTexture: Display: Building textures: LQ_Lightmap_1_4 (DXT1, 64X64)
[2018.02.26-12.18.36:466][  0]LogTexture: Display: Building textures: LQ_Lightmap_1_5 (DXT1, 64X64)
[2018.02.26-12.18.36:466][  0]LogTexture: Display: Building textures: LQ_Lightmap_1_6 (DXT1, 64X64)
[2018.02.26-12.18.36:466][  0]LogTexture: Display: Building textures: SkyOcclusion0_2 (AutoDXT, 1024X512)
[2018.02.26-12.18.36:466][  0]LogStaticMesh: Built static mesh [2.15s] /Game/Geometry/Spher07_AM132_050_Collapsed.Spher07_AM132_050_Collapsed
[2018.02.26-12.18.36:685][  0]LogTexture: Display: Building textures: SkyOcclusion1_1 (AutoDXT, 2048X1024)
[2018.02.26-12.18.36:685][  0]LogStaticMesh: Building static mesh Spher07_archmodels_110_002_obj_133...
[2018.02.26-12.18.40:989][  0]LogTexture: Display: Building textures: SkyOcclusion1_3 (AutoDXT, 64X32)
[2018.02.26-12.18.40:989][  0]LogTexture: Display: Building textures: SkyOcclusion1_4 (AutoDXT, 64X32)
[2018.02.26-12.18.40:989][  0]LogTexture: Display: Building textures: SkyOcclusion1_5 (AutoDXT, 64X32)
[2018.02.26-12.18.40:989][  0]LogTexture: Display: Building textures: SkyOcclusion1_6 (AutoDXT, 64X32)
[2018.02.26-12.18.40:989][  0]LogTexture: Display: Building textures: ShadowMapTexture2D_0 (G8, 1024X1024)
[2018.02.26-12.18.40:989][  0]LogTexture: Display: Building textures: ShadowMapTexture2D_1 (BGRA8, 256X512)
[2018.02.26-12.18.40:989][  0]LogTexture: Display: Building textures: ShadowMapTexture2D_13 (G8, 32X32)
[2018.02.26-12.18.40:989][  0]LogTexture: Display: Building textures: ShadowMapTexture2D_2 (BGRA8, 1024X256)
[2018.02.26-12.18.40:991][  0]LogTexture: Display: Building textures: ShadowMapTexture2D_3 (G8, 32X32)
[2018.02.26-12.18.40:991][  0]LogTexture: Display: Building textures: ShadowMapTexture2D_4 (G8, 32X32)
[2018.02.26-12.18.40:991][  0]LogTexture: Display: Building textures: ShadowMapTexture2D_5 (G8, 32X32)
[2018.02.26-12.18.40:991][  0]LogStaticMesh: Built static mesh [4.30s] /Game/Geometry/Spher07_archmodels_110_002_obj_133.Spher07_archmodels_110_002_obj_133
[2018.02.26-12.18.41:431][  0]LogStaticMesh: Building static mesh Spher07_archmodels_110_002_obj_137...
[2018.02.26-12.18.48:499][  0]LogStaticMesh: Built static mesh [7.07s] /Game/Geometry/Spher07_archmodels_110_002_obj_137.Spher07_archmodels_110_002_obj_137
[2018.02.26-12.18.54:992][  0]LogStaticMesh: Building static mesh Spher07_archmodels_110_002_obj_160...
[2018.02.26-12.19.03:000][  0]LogStaticMesh: Built static mesh [8.01s] /Game/Geometry/Spher07_archmodels_110_002_obj_160.Spher07_archmodels_110_002_obj_160
[2018.02.26-12.19.05:151][  0]LogStaticMesh: Building static mesh Spher07_archmodels_110_002_obj_164...
[2018.02.26-12.19.05:434][  0]LogStaticMesh: Built static mesh [0.28s] /Game/Geometry/Spher07_archmodels_110_002_obj_164.Spher07_archmodels_110_002_obj_164
[2018.02.26-12.19.05:461][  0]LogStaticMesh: Building static mesh Spher07_archmodels_110_002_obj_170...
[2018.02.26-12.19.06:810][  0]LogStaticMesh: Built static mesh [1.35s] /Game/Geometry/Spher07_archmodels_110_002_obj_170.Spher07_archmodels_110_002_obj_170
[2018.02.26-12.19.07:032][  0]LogStaticMesh: Building static mesh Spher07_archmodels_110_002_obj_176...
[2018.02.26-12.19.07:492][  0]LogStaticMesh: Built static mesh [0.46s] /Game/Geometry/Spher07_archmodels_110_002_obj_176.Spher07_archmodels_110_002_obj_176
[2018.02.26-12.19.07:568][  0]LogStaticMesh: Building static mesh Spher07_archmodels_110_002_obj_178...
[2018.02.26-12.19.08:449][  0]LogStaticMesh: Built static mesh [0.88s] /Game/Geometry/Spher07_archmodels_110_002_obj_178.Spher07_archmodels_110_002_obj_178
[2018.02.26-12.19.08:576][  0]LogStaticMesh: Building static mesh Spher07_archmodels_110_002_obj_196...
[2018.02.26-12.19.09:038][  0]LogStaticMesh: Built static mesh [0.46s] /Game/Geometry/Spher07_archmodels_110_002_obj_196.Spher07_archmodels_110_002_obj_196
[2018.02.26-12.19.09:100][  0]LogStaticMesh: Building static mesh Spher07_Books...
[2018.02.26-12.19.10:347][  0]LogStaticMesh: Built static mesh [1.25s] /Game/Geometry/Spher07_Books.Spher07_Books
[2018.02.26-12.19.10:609][  0]LogStaticMesh: Building static mesh Spher07_Box001...
[2018.02.26-12.19.10:612][  0]LogStaticMesh: Built static mesh [0.00s] /Game/Geometry/Spher07_Box001.Spher07_Box001
[2018.02.26-12.19.10:646][  0]LogStaticMesh: Building static mesh Spher07_Box002...
[2018.02.26-12.19.10:649][  0]LogStaticMesh: Built static mesh [0.00s] /Game/Geometry/Spher07_Box002.Spher07_Box002
[2018.02.26-12.19.10:650][  0]LogStaticMesh: Building static mesh Spher07_Box003...
[2018.02.26-12.19.10:653][  0]LogStaticMesh: Built static mesh [0.00s] /Game/Geometry/Spher07_Box003.Spher07_Box003
[2018.02.26-12.19.10:654][  0]LogStaticMesh: Building static mesh Spher07_Box004...
[2018.02.26-12.19.10:658][  0]LogStaticMesh: Built static mesh [0.00s] /Game/Geometry/Spher07_Box004.Spher07_Box004
[2018.02.26-12.19.10:660][  0]LogStaticMesh: Building static mesh Spher07_Box005...
[2018.02.26-12.19.10:663][  0]LogStaticMesh: Built static mesh [0.00s] /Game/Geometry/Spher07_Box005.Spher07_Box005
[2018.02.26-12.19.10:664][  0]LogStaticMesh: Building static mesh Spher07_Box006...
[2018.02.26-12.19.10:669][  0]LogStaticMesh: Built static mesh [0.01s] /Game/Geometry/Spher07_Box006.Spher07_Box006
[2018.02.26-12.19.10:670][  0]LogStaticMesh: Building static mesh Spher07_Box007...
[2018.02.26-12.19.10:674][  0]LogStaticMesh: Built static mesh [0.00s] /Game/Geometry/Spher07_Box007.Spher07_Box007
[2018.02.26-12.19.10:676][  0]LogStaticMesh: Building static mesh Spher07_Box008...
[2018.02.26-12.19.10:733][  0]LogStaticMesh: Built static mesh [0.06s] /Game/Geometry/Spher07_Box008.Spher07_Box008
[2018.02.26-12.19.10:734][  0]LogStaticMesh: Building static mesh Spher07_Box009...
[2018.02.26-12.19.10:737][  0]LogStaticMesh: Built static mesh [0.00s] /Game/Geometry/Spher07_Box009.Spher07_Box009
[2018.02.26-12.19.10:812][  0]LogStaticMesh: Building static mesh Spher07_Box010...
[2018.02.26-12.19.10:816][  0]LogStaticMesh: Built static mesh [0.00s] /Game/Geometry/Spher07_Box010.Spher07_Box010
[2018.02.26-12.19.10:818][  0]LogStaticMesh: Building static mesh Spher07_Box013...
[2018.02.26-12.19.10:821][  0]LogStaticMesh: Built static mesh [0.00s] /Game/Geometry/Spher07_Box013.Spher07_Box013
[2018.02.26-12.19.10:823][  0]LogStaticMesh: Building static mesh Spher07_Box014...
[2018.02.26-12.19.10:826][  0]LogStaticMesh: Built static mesh [0.00s] /Game/Geometry/Spher07_Box014.Spher07_Box014
[2018.02.26-12.19.10:827][  0]LogStaticMesh: Building static mesh Spher07_Box015...
[2018.02.26-12.19.10:830][  0]LogStaticMesh: Built static mesh [0.00s] /Game/Geometry/Spher07_Box015.Spher07_Box015
[2018.02.26-12.19.10:831][  0]LogStaticMesh: Building static mesh Spher07_Box016...
[2018.02.26-12.19.10:834][  0]LogStaticMesh: Built static mesh [0.00s] /Game/Geometry/Spher07_Box016.Spher07_Box016
[2018.02.26-12.19.10:835][  0]LogStaticMesh: Building static mesh Spher07_Box017...
[2018.02.26-12.19.10:838][  0]LogStaticMesh: Built static mesh [0.00s] /Game/Geometry/Spher07_Box017.Spher07_Box017
[2018.02.26-12.19.10:839][  0]LogStaticMesh: Building static mesh Spher07_Box018...
[2018.02.26-12.19.10:842][  0]LogStaticMesh: Built static mesh [0.00s] /Game/Geometry/Spher07_Box018.Spher07_Box018
[2018.02.26-12.19.10:844][  0]LogStaticMesh: Building static mesh Spher07_Box019...
[2018.02.26-12.19.10:848][  0]LogStaticMesh: Built static mesh [0.00s] /Game/Geometry/Spher07_Box019.Spher07_Box019
[2018.02.26-12.19.10:851][  0]LogStaticMesh: Building static mesh Spher07_Box020...
[2018.02.26-12.19.10:854][  0]LogStaticMesh: Built static mesh [0.00s] /Game/Geometry/Spher07_Box020.Spher07_Box020
[2018.02.26-12.19.10:898][  0]LogStaticMesh: Building static mesh Spher07_Box021...
[2018.02.26-12.19.10:901][  0]LogStaticMesh: Built static mesh [0.00s] /Game/Geometry/Spher07_Box021.Spher07_Box021
[2018.02.26-12.19.10:901][  0]LogStaticMesh: Building static mesh Spher07_Box022...
[2018.02.26-12.19.10:904][  0]LogStaticMesh: Built static mesh [0.00s] /Game/Geometry/Spher07_Box022.Spher07_Box022
[2018.02.26-12.19.10:904][  0]LogStaticMesh: Building static mesh Spher07_Box023...
[2018.02.26-12.19.10:911][  0]LogStaticMesh: Built static mesh [0.01s] /Game/Geometry/Spher07_Box023.Spher07_Box023
[2018.02.26-12.19.10:912][  0]LogStaticMesh: Building static mesh Spher07_Box024...
[2018.02.26-12.19.10:914][  0]LogStaticMesh: Built static mesh [0.00s] /Game/Geometry/Spher07_Box024.Spher07_Box024
[2018.02.26-12.19.10:916][  0]LogStaticMesh: Building static mesh Spher07_GeoSphere004...
[2018.02.26-12.19.11:027][  0]LogStaticMesh: Built static mesh [0.11s] /Game/Geometry/Spher07_GeoSphere004.Spher07_GeoSphere004
[2018.02.26-12.19.11:036][  0]LogStaticMesh: Building static mesh Spher07_Line001...
[2018.02.26-12.19.11:094][  0]LogStaticMesh: Built static mesh [0.06s] /Game/Geometry/Spher07_Line001.Spher07_Line001
[2018.02.26-12.19.11:098][  0]LogStaticMesh: Building static mesh Spher07_Line002...
[2018.02.26-12.19.11:102][  0]LogStaticMesh: Built static mesh [0.00s] /Game/Geometry/Spher07_Line002.Spher07_Line002
[2018.02.26-12.19.11:103][  0]LogStaticMesh: Building static mesh Spher07_Line003...
[2018.02.26-12.19.11:111][  0]LogStaticMesh: Built static mesh [0.01s] /Game/Geometry/Spher07_Line003.Spher07_Line003
[2018.02.26-12.19.11:113][  0]LogStaticMesh: Building static mesh Spher07_Line004...
[2018.02.26-12.19.11:119][  0]LogStaticMesh: Built static mesh [0.01s] /Game/Geometry/Spher07_Line004.Spher07_Line004
[2018.02.26-12.19.11:119][  0]LogStaticMesh: Building static mesh Spher07_Line005...
[2018.02.26-12.19.11:126][  0]LogStaticMesh: Built static mesh [0.01s] /Game/Geometry/Spher07_Line005.Spher07_Line005
[2018.02.26-12.19.11:129][  0]LogStaticMesh: Building static mesh Spher07_LTypeStair001...
[2018.02.26-12.19.11:182][  0]LogStaticMesh: Built static mesh [0.05s] /Game/Geometry/Spher07_LTypeStair001.Spher07_LTypeStair001
[2018.02.26-12.19.11:183][  0]LogStaticMesh: Building static mesh Spher07_Object001...
[2018.02.26-12.19.11:195][  0]LogStaticMesh: Built static mesh [0.01s] /Game/Geometry/Spher07_Object001.Spher07_Object001
[2018.02.26-12.19.11:196][  0]LogStaticMesh: Building static mesh Spher07_Object002...
[2018.02.26-12.19.11:200][  0]LogStaticMesh: Built static mesh [0.00s] /Game/Geometry/Spher07_Object002.Spher07_Object002
[2018.02.26-12.19.11:200][  0]LogStaticMesh: Building static mesh Spher07_Object003...
[2018.02.26-12.19.11:203][  0]LogStaticMesh: Built static mesh [0.00s] /Game/Geometry/Spher07_Object003.Spher07_Object003
[2018.02.26-12.19.11:204][  0]LogStaticMesh: Building static mesh Spher07_Object004...
[2018.02.26-12.19.11:208][  0]LogStaticMesh: Built static mesh [0.00s] /Game/Geometry/Spher07_Object004.Spher07_Object004
[2018.02.26-12.19.11:209][  0]LogStaticMesh: Building static mesh Spher07_Object005...
[2018.02.26-12.19.11:213][  0]LogStaticMesh: Built static mesh [0.00s] /Game/Geometry/Spher07_Object005.Spher07_Object005
[2018.02.26-12.19.11:214][  0]LogStaticMesh: Building static mesh Spher07_Object006...
[2018.02.26-12.19.11:217][  0]LogStaticMesh: Built static mesh [0.00s] /Game/Geometry/Spher07_Object006.Spher07_Object006
[2018.02.26-12.19.11:218][  0]LogStaticMesh: Building static mesh Spher07_Object007...
[2018.02.26-12.19.11:303][  0]LogStaticMesh: Built static mesh [0.08s] /Game/Geometry/Spher07_Object007.Spher07_Object007
[2018.02.26-12.19.11:304][  0]LogStaticMesh: Building static mesh Spher07_Object008...
[2018.02.26-12.19.11:312][  0]LogStaticMesh: Built static mesh [0.01s] /Game/Geometry/Spher07_Object008.Spher07_Object008
[2018.02.26-12.19.11:314][  0]LogStaticMesh: Building static mesh Spher07_Object009...
[2018.02.26-12.19.11:330][  0]LogStaticMesh: Built static mesh [0.02s] /Game/Geometry/Spher07_Object009.Spher07_Object009
[2018.02.26-12.19.11:375][  0]LogStaticMesh: Building static mesh Spher07_RP_Man_Luke_0090_100K...
[2018.02.26-12.19.19:364][  0]LogStaticMesh: Built static mesh [7.99s] /Game/Geometry/Spher07_RP_Man_Luke_0090_100K.Spher07_RP_Man_Luke_0090_100K
[2018.02.26-12.19.20:145][  0]LogStaticMesh: Building static mesh Spher07_RP_Man_Tyrone_0334_100k...
[2018.02.26-12.19.24:695][  0]LogStaticMesh: Built static mesh [4.55s] /Game/Geometry/Spher07_RP_Man_Tyrone_0334_100k.Spher07_RP_Man_Tyrone_0334_100k
[2018.02.26-12.19.25:681][  0]LogStaticMesh: Building static mesh Spher07_RP_Wom_Petra_0113_100k001...
[2018.02.26-12.19.29:652][  0]LogStaticMesh: Built static mesh [3.97s] /Game/Geometry/Spher07_RP_Wom_Petra_0113_100k001.Spher07_RP_Wom_Petra_0113_100k001
[2018.02.26-12.19.30:531][  0]LogStaticMesh: Building static mesh Spher07_RP_Wom_Petra_0113_100k...
[2018.02.26-12.19.34:995][  0]LogStaticMesh: Built static mesh [4.46s] /Game/Geometry/Spher07_RP_Wom_Petra_0113_100k.Spher07_RP_Wom_Petra_0113_100k
[2018.02.26-12.19.37:240][  0]LogStaticMesh: Building static mesh Spher07_RP_Wom_Petra_0113_100k_Zylinder001...
[2018.02.26-12.19.37:568][  0]LogStaticMesh: Built static mesh [0.33s] /Game/Geometry/Spher07_RP_Wom_Petra_0113_100k_Zylinder001.Spher07_RP_Wom_Petra_0113_100k_Zylinder001
[2018.02.26-12.19.37:585][  0]LogStaticMesh: Building static mesh Spher07_RP_Wom_Petra_0113_100k_Zylinder...
[2018.02.26-12.19.37:837][  0]LogStaticMesh: Built static mesh [0.25s] /Game/Geometry/Spher07_RP_Wom_Petra_0113_100k_Zylinder.Spher07_RP_Wom_Petra_0113_100k_Zylinder
[2018.02.26-12.19.37:843][  0]LogStaticMesh: Building static mesh Spher07_table...
[2018.02.26-12.19.39:385][  0]LogStaticMesh: Built static mesh [1.54s] /Game/Geometry/Spher07_table.Spher07_table
[2018.02.26-12.19.39:834][  0]LogMaterial: Missing cached shader map for material M_Vehicle_Sedan, compiling. 
[2018.02.26-12.19.40:148][  0]LogMaterial: Missing cached shader map for material AntiAliasedTextMaterialTranslucent, compiling. 
[2018.02.26-12.19.40:394][  0]LogMaterial: Missing cached shader map for material BaseMaterial, compiling. 
[2018.02.26-12.19.40:566][  0]LogMaterial: Missing cached shader map for material CubeMaterial, compiling. 
[2018.02.26-12.19.40:745][  0]LogMaterial: Missing cached shader map for material M_Vehicle_Sedan, compiling. 
[2018.02.26-12.19.40:907][  0]LogAIModule: Creating AISystem for world FirstPersonExampleMap
[2018.02.26-12.19.41:271][  0]LogEditorServer: Finished looking for orphan Actors (0.000 secs)
[2018.02.26-12.20.03:518][  0]Cmd: MAP CHECKDEP NOCLEARLOG
[2018.02.26-12.20.03:702][  0]MapCheck: Map check complete: 0 Error(s), 0 Warning(s), took 183.72ms to complete.
[2018.02.26-12.20.03:702][  0]LogFileHelpers: Loading map 'FirstPersonExampleMap' took 96.827
[2018.02.26-12.20.03:972][  0]LogWindowsTextInputMethodSystem: Display: IME system now deactivated.
[2018.02.26-12.20.04:466][  0]LogCollectionManager: Loaded 0 collections in 0.002297 seconds
[2018.02.26-12.20.04:646][  0]LogFileCache: Scanning file cache for directory 'C:/Users/Viking78/Documents/Unreal Projects/PapasP/Saved/Collections/' took 0.01s
[2018.02.26-12.20.04:646][  0]LogFileCache: Scanning file cache for directory 'C:/Users/Viking78/Documents/Unreal Projects/PapasP/Content/Developers/Viking78/Collections/' took 0.01s
[2018.02.26-12.20.04:646][  0]LogFileCache: Scanning file cache for directory 'C:/Users/Viking78/Documents/Unreal Projects/PapasP/Content/Collections/' took 0.01s
[2018.02.26-12.20.04:646][  0]LogCollectionManager: Rebuilt the GUID cache for 0 collections in 0.000001 seconds
[2018.02.26-12.20.04:678][  0]LogContentBrowser: Native class hierarchy populated in 0.0316 seconds. Added 2363 classes and 519 folders.
[2018.02.26-12.20.04:867][  0]LogContentBrowser: Native class hierarchy updated for 'WidgetCarousel' in 0.0003 seconds. Added 0 classes and 0 folders.
[2018.02.26-12.20.06:144][  0]LogContentBrowser: Native class hierarchy updated for 'AddContentDialog' in 0.0003 seconds. Added 0 classes and 0 folders.
[2018.02.26-12.20.06:319][  0]LogContentBrowser: Native class hierarchy updated for 'SceneOutliner' in 0.0003 seconds. Added 1 classes and 2 folders.
[2018.02.26-12.20.06:469][  0]LogSlate: Took 0.081762 seconds to synchronously load lazily loaded font '../../../Engine/Content/Slate/Fonts/Roboto-Regular.ttf' (155K)
[2018.02.26-12.20.06:533][  0]LogSlate: Took 0.061963 seconds to synchronously load lazily loaded font '../../../Engine/Content/Slate/Fonts/Roboto-Bold.ttf' (160K)
[2018.02.26-12.20.06:552][  0]LogSlate: Took 0.013241 seconds to synchronously load lazily loaded font '../../../Engine/Content/Editor/Slate/Fonts/FontAwesome.ttf' (139K)
[2018.02.26-12.20.06:783][  0]LogMaterial: Missing cached shader map for material LevelGridMaterial2, compiling. 
[2018.02.26-12.20.06:978][  0]LogRenderer: Reallocating scene render targets to support 1208x580 Format 9 NumSamples 1 (Frame:1).
[2018.02.26-12.20.13:846][  0]LogContentBrowser: Native class hierarchy updated for 'HierarchicalLODOutliner' in 0.0003 seconds. Added 1 classes and 2 folders.
[2018.02.26-12.20.13:847][  0]LogLoad: (Engine Initialization) Total time: 199.55 seconds
[2018.02.26-12.20.13:847][  0]LogLoad: (Engine Initialization) Total Blueprint compile time: 0.00 seconds
[2018.02.26-12.20.13:847][  0]LogExternalProfiler: No external profilers were discovered.  External profiling features will not be available.
[2018.02.26-12.20.14:344][  0]LogContentStreaming: Texture pool size now 800 MB
[2018.02.26-12.20.15:979][  0]LogSlate: Took 0.000497 seconds to synchronously load lazily loaded font '../../../Engine/Content/Slate/Fonts/Roboto-Light.ttf' (159K)
[2018.02.26-12.20.22:497][  2]LogSlate: Took 0.000276 seconds to synchronously load lazily loaded font '../../../Engine/Content/Slate/Fonts/Roboto-Light.ttf' (159K)
[2018.02.26-12.20.22:916][  3]LogAssetRegistry: Asset discovery search completed in 184.6001 seconds
[2018.02.26-12.20.22:918][  3]LogCollectionManager: Rebuilt the object cache for 0 collections in 0.000000 seconds (found 0 objects)
[2018.02.26-12.20.22:918][  3]LogCollectionManager: Fixed up redirectors for 0 collections in 0.000070 seconds (updated 0 objects)
[2018.02.26-12.23.43:721][714]LogMaterial: Missing cached shader map for material LayerVisMaterial, compiling. 
[2018.02.26-12.23.43:756][714]LogMaterial: Missing cached shader map for material LayerVisMaterial, compiling. 
[2018.02.26-12.23.43:815][714]LogMaterial: Missing cached shader map for material SelectBrushMaterial, compiling. 
[2018.02.26-12.23.43:832][714]LogMaterial: Missing cached shader map for material SelectBrushMaterial, compiling. 
[2018.02.26-12.23.43:890][714]LogMaterial: Missing cached shader map for material SelectBrushMaterial, compiling. 
[2018.02.26-12.23.43:908][714]LogMaterial: Missing cached shader map for material SelectBrushMaterial, compiling. 
[2018.02.26-12.23.43:958][714]LogMaterial: Missing cached shader map for material MaskBrushMaterial, compiling. 
[2018.02.26-12.23.43:976][714]LogMaterial: Missing cached shader map for material MaskBrushMaterial, compiling. 
[2018.02.26-12.23.43:997][714]LogMaterial: Missing cached shader map for material MaskBrushMaterial, compiling. 
[2018.02.26-12.23.44:040][714]LogMaterial: Missing cached shader map for material LandscapeLayerUsageMaterial, compiling. 
[2018.02.26-12.23.44:051][714]LogMaterial: Missing cached shader map for material LandscapeLayerUsageMaterial, compiling. 
[2018.02.26-12.23.44:154][714]LogMaterial: Missing cached shader map for material MirrorPlaneMaterial, compiling. 
[2018.02.26-12.23.44:253][714]LogMaterial: Missing cached shader map for material CircleBrushMaterial, compiling. 
[2018.02.26-12.23.44:269][714]LogMaterial: Missing cached shader map for material CircleBrushMaterial, compiling. 
[2018.02.26-12.23.44:284][714]LogMaterial: Missing cached shader map for material CircleBrushMaterial, compiling. 
[2018.02.26-12.23.44:341][714]LogMaterial: Missing cached shader map for material CircleBrushMaterial, compiling. 
[2018.02.26-12.23.44:406][714]LogMaterial: Missing cached shader map for material CircleBrushMaterial, compiling. 
[2018.02.26-12.23.44:424][714]LogMaterial: Missing cached shader map for material CircleBrushMaterial, compiling. 
[2018.02.26-12.23.44:471][714]LogMaterial: Missing cached shader map for material CircleBrushMaterial, compiling. 
[2018.02.26-12.23.44:488][714]LogMaterial: Missing cached shader map for material CircleBrushMaterial, compiling. 
[2018.02.26-12.23.44:543][714]LogMaterial: Missing cached shader map for material AlphaBrushMaterial, compiling. 
[2018.02.26-12.23.44:563][714]LogMaterial: Missing cached shader map for material AlphaBrushMaterial, compiling. 
[2018.02.26-12.23.44:615][714]LogMaterial: Missing cached shader map for material CircleBrushMaterial, compiling. 
[2018.02.26-12.23.44:633][714]LogMaterial: Missing cached shader map for material CircleBrushMaterial, compiling. 
[2018.02.26-12.23.44:695][714]LogMaterial: Missing cached shader map for material MaskBrushMaterial, compiling. 
[2018.02.26-12.23.44:714][714]LogMaterial: Missing cached shader map for material MaskBrushMaterial, compiling. 
[2018.02.26-12.23.44:792][714]LogTexture: Display: Building textures: Texture2D_2 (G8, 128X128)
[2018.02.26-12.23.47:136][836]LogTexture: Display: Building textures: Texture2D_3 (G8, 128X128)
[2018.02.26-12.24.01:514][658]LogMaterial: Missing cached shader map for material FoliageBrushSphereMaterial, compiling. 
[2018.02.26-12.24.38:870][613]LogActorComponent: UnregisterComponent: (/Engine/Transient.SphereBrushComponent) Not registered. Aborting.
[2018.02.26-12.24.52:623][477]Cmd: TRANSACTION UNDO
[2018.02.26-12.24.52:623][477]LogEditorTransaction: Undo Modifier [Edit]
[2018.02.26-12.24.53:782][536]Cmd: TRANSACTION UNDO
[2018.02.26-12.24.53:782][536]LogEditorTransaction: Undo Select Brush Surface
[2018.02.26-12.24.58:247][774]Cmd: TRANSACTION UNDO
[2018.02.26-12.24.58:247][774]LogEditorTransaction: Undo Move Actors
[2018.02.26-12.24.58:266][774]LogGeometryMode: Warning: Unable to find 1 Vertex(s) in new BSP
[2018.02.26-12.24.58:267][774]LogGeometryMode: Warning: Unable to resolve CylinderBrush Brush in new BSP, see above
[2018.02.26-12.24.58:267][774]LogGeometryMode: Warning: Unable to find all previously selected geometry data, resetting selection
[2018.02.26-12.24.58:795][796]Cmd: TRANSACTION UNDO
[2018.02.26-12.24.58:795][796]LogEditorTransaction: Undo Modifier [Edit]
[2018.02.26-12.24.59:470][831]Cmd: TRANSACTION UNDO
[2018.02.26-12.24.59:470][831]LogEditorTransaction: Undo Select Brush Surface
[2018.02.26-12.26.57:390][261]Cmd: MODE GRID=0
[2018.02.26-12.26.59:587][269]Cmd: MODE GRID=1
[2018.02.26-12.26.59:639][269]Cmd: MODE GRID=0
[2018.02.26-12.27.13:737][ 90]LogEditorViewport: Clicking on Actor (context menu): BP_Sky_Sphere_C (SkyShereBlueprint4)
[2018.02.26-12.27.57:252][523]LogTemp: Repeating last play command: Selected Viewport
[2018.02.26-12.28.24:396][523]LogBlueprintUserMessages: Early PlayInEditor Detection: Level '/Game/FirstPersonBP/Maps/FirstPersonExampleMap.FirstPersonExampleMap:PersistentLevel' has LevelScriptBlueprint '/Game/FirstPersonBP/Maps/FirstPersonExampleMap.FirstPersonExampleMap:PersistentLevel.FirstPersonExampleMap' with GeneratedClass '/Game/FirstPersonBP/Maps/FirstPersonExampleMap.FirstPersonExampleMap_C' with ClassGeneratedBy '/Game/FirstPersonBP/Maps/FirstPersonExampleMap.FirstPersonExampleMap:PersistentLevel.FirstPersonExampleMap'
[2018.02.26-12.28.24:407][523]LogPlayLevel: PlayLevel: No blueprints needed recompiling
[2018.02.26-12.28.24:536][523]PIE: New page: PIE session: FirstPersonExampleMap (Feb 26, 2018, 6:28:24 PM)
[2018.02.26-12.28.24:545][523]LogPlayLevel: Creating play world package: /Game/FirstPersonBP/Maps/UEDPIE_0_FirstPersonExampleMap
[2018.02.26-12.28.24:706][523]LogPlayLevel: PIE: StaticDuplicateObject took: (0.161151s)
[2018.02.26-12.28.24:707][523]LogAIModule: Creating AISystem for world FirstPersonExampleMap
[2018.02.26-12.28.24:722][523]LogPlayLevel: PIE: World Init took: (0.015920s)
[2018.02.26-12.28.24:737][523]LogPlayLevel: PIE: Created PIE world by copying editor world from /Game/FirstPersonBP/Maps/FirstPersonExampleMap.FirstPersonExampleMap to /Game/FirstPersonBP/Maps/UEDPIE_0_FirstPersonExampleMap.FirstPersonExampleMap (0.191939s)
[2018.02.26-12.28.24:827][523]LogInit: XAudio2 using 'Наушники (Устройство с поддержкой High Definition Audio)' : 2 channels at 48 kHz using 16 bits per sample (channel mask 0x3)
[2018.02.26-12.28.24:837][523]LogInit: FAudioDevice initialized.
[2018.02.26-12.28.24:900][523]LogLoad: Game class is 'FirstPersonGameMode_C'
[2018.02.26-12.28.25:087][523]LogWorld: Bringing World /Game/FirstPersonBP/Maps/UEDPIE_0_FirstPersonExampleMap.FirstPersonExampleMap up for play (max tick rate 3) at 2018.02.26-15.28.25
[2018.02.26-12.28.25:227][523]LogWorld: Bringing up level for play took: 0.209757
[2018.02.26-12.28.25:465][523]LogContentBrowser: Native class hierarchy updated for 'MovieSceneCapture' in 0.0005 seconds. Added 11 classes and 0 folders.
[2018.02.26-12.28.25:486][523]PIE: Play in editor start time for /Game/FirstPersonBP/Maps/UEDPIE_0_FirstPersonExampleMap 1.595
[2018.02.26-12.28.25:487][523]LogBlueprintUserMessages: Late PlayInEditor Detection: Level '/Game/FirstPersonBP/Maps/FirstPersonExampleMap.FirstPersonExampleMap:PersistentLevel' has LevelScriptBlueprint '/Game/FirstPersonBP/Maps/FirstPersonExampleMap.FirstPersonExampleMap:PersistentLevel.FirstPersonExampleMap' with GeneratedClass '/Game/FirstPersonBP/Maps/FirstPersonExampleMap.FirstPersonExampleMap_C' with ClassGeneratedBy '/Game/FirstPersonBP/Maps/FirstPersonExampleMap.FirstPersonExampleMap:PersistentLevel.FirstPersonExampleMap'
[2018.02.26-12.29.05:316][105]LogBlueprintUserMessages: Early EndPlayMap Detection: Level '/Game/FirstPersonBP/Maps/FirstPersonExampleMap.FirstPersonExampleMap:PersistentLevel' has LevelScriptBlueprint '/Game/FirstPersonBP/Maps/FirstPersonExampleMap.FirstPersonExampleMap:PersistentLevel.FirstPersonExampleMap' with GeneratedClass '/Game/FirstPersonBP/Maps/FirstPersonExampleMap.FirstPersonExampleMap_C' with ClassGeneratedBy '/Game/FirstPersonBP/Maps/FirstPersonExampleMap.FirstPersonExampleMap:PersistentLevel.FirstPersonExampleMap'
[2018.02.26-12.29.05:476][105]LogBlueprintUserMessages: Late EndPlayMap Detection: Level '/Game/FirstPersonBP/Maps/FirstPersonExampleMap.FirstPersonExampleMap:PersistentLevel' has LevelScriptBlueprint '/Game/FirstPersonBP/Maps/FirstPersonExampleMap.FirstPersonExampleMap:PersistentLevel.FirstPersonExampleMap' with GeneratedClass '/Game/FirstPersonBP/Maps/FirstPersonExampleMap.FirstPersonExampleMap_C' with ClassGeneratedBy '/Game/FirstPersonBP/Maps/FirstPersonExampleMap.FirstPersonExampleMap:PersistentLevel.FirstPersonExampleMap'
[2018.02.26-12.30.12:194][331]LogEditorViewport: Clicking on Actor (LMB): BP_Sky_Sphere_C (SkyShereBlueprint4)
[2018.02.26-12.30.32:025][335]LogEditorViewport: Clicking on Actor (LMB): StaticMeshActor (EditorCube10)
[2018.02.26-12.30.35:656][547]LogEditorViewport: Clicking on Actor (LMB): StaticMeshActor (EditorCube9)
[2018.02.26-12.30.37:721][670]LogEditorViewport: Clicking on Actor (LMB): StaticMeshActor (EditorCube14)
[2018.02.26-12.31.14:325][576]LogEditorViewport: Clicking on Actor (LMB): StaticMeshActor (EditorCube14)
[2018.02.26-12.31.15:573][618]LogEditorViewport: Clicking on Actor (LMB): StaticMeshActor (EditorCube12)
[2018.02.26-12.31.26:992][182]LogEditorViewport: Clicking on Actor (LMB): BP_Sky_Sphere_C (SkyShereBlueprint4)
[2018.02.26-12.31.27:649][218]LogEditorViewport: Clicking on Actor (LMB): BP_Sky_Sphere_C (SkyShereBlueprint4)
[2018.02.26-12.31.43:398][539]LogSlate: Took 0.000407 seconds to synchronously load lazily loaded font '../../../Engine/Content/Slate/Fonts/Roboto-Light.ttf' (159K)
[2018.02.26-12.31.45:086][539]LogSavePackage: Save=1252.85ms
[2018.02.26-12.31.45:086][539]LogSavePackage: Moving '../../../../../../Users/Viking78/Documents/Unreal Projects/PapasP/Saved/FirstPersonExampleMapB7DE2AE040076041ED124FBF78F3B612.tmp' to '../../../../../../Users/Viking78/Documents/Unreal Projects/PapasP/Content/FirstPersonBP/Maps/FirstPersonExampleMap.umap'
[2018.02.26-12.31.45:115][539]LogSavePackage: Display: Finished SavePackage ../../../../../../Users/Viking78/Documents/Unreal Projects/PapasP/Content/FirstPersonBP/Maps/FirstPersonExampleMap.umap
[2018.02.26-12.31.45:216][539]LogSlate: Took 0.000376 seconds to synchronously load lazily loaded font '../../../Engine/Content/Slate/Fonts/Roboto-Regular.ttf' (155K)
[2018.02.26-12.31.45:223][539]LogFileHelpers: Saving map 'FirstPersonExampleMap' took 1.783
[2018.02.26-12.31.45:988][540]Cmd: QUIT_EDITOR
[2018.02.26-12.31.46:700][540]LogWindowsTextInputMethodSystem: Display: IME system now deactivated.
[2018.02.26-12.31.46:764][540]LogExit: Preparing to exit.
[2018.02.26-12.31.47:314][540]LogDirectoryWatcher: A directory notification for 'C:/Users/Viking78/Documents/Unreal Projects/PapasP/Content/' was aborted.
[2018.02.26-12.31.47:352][540]LogExit: Editor shut down
[2018.02.26-12.31.47:373][540]LogExit: Transaction tracking system shut down
[2018.02.26-12.31.47:582][540]LogDirectoryWatcher: A directory notification for '../../../Engine/Content/' was aborted.
[2018.02.26-12.31.47:582][540]LogDirectoryWatcher: A directory notification for '../../../../../../Users/Viking78/Documents/Unreal Projects/PapasP/Content/' was aborted.
[2018.02.26-12.31.47:583][540]LogDirectoryWatcher: A directory notification for '../../../Engine/Plugins/2D/Paper2D/Content/' was aborted.
[2018.02.26-12.31.47:583][540]LogDirectoryWatcher: A directory notification for '../../../Engine/Plugins/Media/MediaCompositing/Content/' was aborted.
[2018.02.26-12.31.47:583][540]LogDirectoryWatcher: A directory notification for '../../../Engine/Plugins/Runtime/AppleARKit/Content/' was aborted.
[2018.02.26-12.31.47:583][540]LogDirectoryWatcher: A directory notification for '../../../Engine/Plugins/Runtime/Oculus/OculusVR/Content/' was aborted.
[2018.02.26-12.31.47:583][540]LogDirectoryWatcher: A directory notification for '../../../Engine/Plugins/Runtime/Steam/SteamVR/Content/' was aborted.
[2018.02.26-12.31.47:789][540]LogExit: Object subsystem successfully closed.
[2018.02.26-12.31.47:822][540]LogD3D11RHI: Shutdown
[2018.02.26-12.31.47:822][540]LogD3D11RHI: CleanupD3DDevice
[2018.02.26-12.31.47:834][540]LogD3D11RHI: ~FD3D11DynamicRHI
[2018.02.26-12.31.47:862][540]LogModuleManager: Shutting down and abandoning module MovieSceneCapture (550)
[2018.02.26-12.31.48:009][540]LogModuleManager: Shutting down and abandoning module HierarchicalLODOutliner (548)
[2018.02.26-12.31.48:009][540]LogModuleManager: Shutting down and abandoning module SceneOutliner (546)
[2018.02.26-12.31.48:009][540]LogModuleManager: Shutting down and abandoning module AddContentDialog (544)
[2018.02.26-12.31.48:009][540]LogDirectoryWatcher: A directory notification for 'C:/Program Files/Epic Games/UE_4.18/FeaturePacks/' was aborted.
[2018.02.26-12.31.48:011][540]LogModuleManager: Shutting down and abandoning module WidgetCarousel (543)
[2018.02.26-12.31.48:012][540]LogModuleManager: Shutting down and abandoning module EditorWidgets (540)
[2018.02.26-12.31.48:012][540]LogModuleManager: Shutting down and abandoning module CollectionManager (538)
[2018.02.26-12.31.48:012][540]LogDirectoryWatcher: A directory notification for 'C:/Users/Viking78/Documents/Unreal Projects/PapasP/Content/Collections/' was aborted.
[2018.02.26-12.31.48:012][540]LogDirectoryWatcher: A directory notification for 'C:/Users/Viking78/Documents/Unreal Projects/PapasP/Content/Developers/Viking78/Collections/' was aborted.
[2018.02.26-12.31.48:012][540]LogDirectoryWatcher: A directory notification for 'C:/Users/Viking78/Documents/Unreal Projects/PapasP/Saved/Collections/' was aborted.
[2018.02.26-12.31.48:012][540]LogModuleManager: Shutting down and abandoning module StatsViewer (536)
[2018.02.26-12.31.48:012][540]LogModuleManager: Shutting down and abandoning module FoliageEdit (534)
[2018.02.26-12.31.48:012][540]LogModuleManager: Shutting down and abandoning module LandscapeEditor (532)
[2018.02.26-12.31.48:012][540]LogModuleManager: Shutting down and abandoning module MeshPaintMode (530)
[2018.02.26-12.31.48:012][540]LogModuleManager: Shutting down and abandoning module SceneDepthPickerMode (528)
[2018.02.26-12.31.48:012][540]LogModuleManager: Shutting down and abandoning module ActorPickerMode (526)
[2018.02.26-12.31.48:012][540]LogModuleManager: Shutting down and abandoning module GeometryMode (524)
[2018.02.26-12.31.48:012][540]LogModuleManager: Shutting down and abandoning module TextureAlignMode (522)
[2018.02.26-12.31.48:012][540]LogModuleManager: Shutting down and abandoning module BspMode (520)
[2018.02.26-12.31.48:012][540]LogModuleManager: Shutting down and abandoning module PIEPreviewDeviceProfileSelector (518)
[2018.02.26-12.31.48:012][540]LogModuleManager: Shutting down and abandoning module HardwareSurvey (516)
[2018.02.26-12.31.48:012][540]LogModuleManager: Shutting down and abandoning module SequenceRecorderSections (514)
[2018.02.26-12.31.48:012][540]LogModuleManager: Shutting down and abandoning module AutomationWorker (512)
[2018.02.26-12.31.48:012][540]LogModuleManager: Shutting down and abandoning module MatineeToLevelSequence (510)
[2018.02.26-12.31.48:012][540]LogModuleManager: Shutting down and abandoning module LevelSequenceEditor (508)
[2018.02.26-12.31.48:012][540]LogModuleManager: Shutting down and abandoning module PlacementMode (507)
[2018.02.26-12.31.48:013][540]LogModuleManager: Shutting down and abandoning module WmfMediaFactory (504)
[2018.02.26-12.31.48:013][540]LogModuleManager: Shutting down and abandoning module WmfMediaEditor (502)
[2018.02.26-12.31.48:013][540]LogModuleManager: Shutting down and abandoning module OpenExrWrapper (500)
[2018.02.26-12.31.48:013][540]LogModuleManager: Shutting down and abandoning module ImgMediaFactory (498)
[2018.02.26-12.31.48:013][540]LogModuleManager: Shutting down and abandoning module ImgMediaEditor (496)
[2018.02.26-12.31.48:013][540]LogModuleManager: Shutting down and abandoning module AvfMediaFactory (494)
[2018.02.26-12.31.48:013][540]LogModuleManager: Shutting down and abandoning module AvfMediaEditor (492)
[2018.02.26-12.31.48:013][540]LogModuleManager: Shutting down and abandoning module AndroidMediaFactory (490)
[2018.02.26-12.31.48:013][540]LogModuleManager: Shutting down and abandoning module AndroidMediaEditor (488)
[2018.02.26-12.31.48:013][540]LogModuleManager: Shutting down and abandoning module CharacterAI (486)
[2018.02.26-12.31.48:013][540]LogModuleManager: Shutting down and abandoning module AudioCapture (484)
[2018.02.26-12.31.48:013][540]LogModuleManager: Shutting down and abandoning module SequenceRecorder (483)
[2018.02.26-12.31.48:013][540]LogModuleManager: Shutting down and abandoning module SmartSnapping (480)
[2018.02.26-12.31.48:013][540]LogModuleManager: Shutting down and abandoning module SessionServices (478)
[2018.02.26-12.31.48:013][540]LogModuleManager: Shutting down and abandoning module ViewportSnapping (476)
[2018.02.26-12.31.48:013][540]LogModuleManager: Shutting down and abandoning module ViewportInteraction (474)
[2018.02.26-12.31.48:013][540]LogModuleManager: Shutting down and abandoning module ClothPainter (472)
[2018.02.26-12.31.48:013][540]LogModuleManager: Shutting down and abandoning module SkeletalMeshEditor (471)
[2018.02.26-12.31.48:013][540]LogModuleManager: Shutting down and abandoning module LogVisualizer (468)
[2018.02.26-12.31.48:013][540]LogModuleManager: Shutting down and abandoning module IntroTutorials (466)
[2018.02.26-12.31.48:014][540]LogModuleManager: Shutting down and abandoning module GameProjectGeneration (465)
[2018.02.26-12.31.48:014][540]LogModuleManager: Shutting down and abandoning module IOSPlatformEditor (462)
[2018.02.26-12.31.48:014][540]LogModuleManager: Shutting down and abandoning module HTML5PlatformEditor (460)
[2018.02.26-12.31.48:014][540]LogModuleManager: Shutting down and abandoning module AndroidPlatformEditor (458)
[2018.02.26-12.31.48:014][540]LogModuleManager: Shutting down and abandoning module AndroidDeviceDetection (457)
[2018.02.26-12.31.48:293][540]LogModuleManager: Shutting down and abandoning module WindowsPlatformEditor (454)
[2018.02.26-12.31.48:294][540]LogModuleManager: Shutting down and abandoning module IOSRuntimeSettings (452)
[2018.02.26-12.31.48:295][540]LogModuleManager: Shutting down and abandoning module AndroidRuntimeSettings (450)
[2018.02.26-12.31.48:295][540]LogModuleManager: Shutting down and abandoning module InputBindingEditor (448)
[2018.02.26-12.31.48:295][540]LogModuleManager: Shutting down and abandoning module MergeActors (446)
[2018.02.26-12.31.48:295][540]LogModuleManager: Shutting down and abandoning module SizeMap (444)
[2018.02.26-12.31.48:295][540]LogModuleManager: Shutting down and abandoning module TreeMap (442)
[2018.02.26-12.31.48:295][540]LogModuleManager: Shutting down and abandoning module ReferenceViewer (440)
[2018.02.26-12.31.48:295][540]LogModuleManager: Shutting down and abandoning module LocalizationDashboard (438)
[2018.02.26-12.31.48:295][540]LogModuleManager: Shutting down and abandoning module LocalizationService (437)
[2018.02.26-12.31.48:295][540]LogModuleManager: Shutting down and abandoning module HardwareTargeting (434)
[2018.02.26-12.31.48:295][540]LogModuleManager: Shutting down and abandoning module DeviceProfileEditor (432)
[2018.02.26-12.31.48:295][540]LogModuleManager: Shutting down and abandoning module UndoHistory (430)
[2018.02.26-12.31.48:295][540]LogModuleManager: Shutting down and abandoning module XmlParser (428)
[2018.02.26-12.31.48:295][540]LogModuleManager: Shutting down and abandoning module Blutility (426)
[2018.02.26-12.31.48:295][540]LogModuleManager: Shutting down and abandoning module ProjectSettingsViewer (424)
[2018.02.26-12.31.48:295][540]LogModuleManager: Shutting down and abandoning module ProjectTargetPlatformEditor (423)
[2018.02.26-12.31.48:295][540]LogModuleManager: Shutting down and abandoning module EditorSettingsViewer (420)
[2018.02.26-12.31.48:296][540]LogModuleManager: Shutting down and abandoning module SettingsEditor (418)
[2018.02.26-12.31.48:296][540]LogModuleManager: Shutting down and abandoning module ProjectLauncher (416)
[2018.02.26-12.31.48:296][540]LogModuleManager: Shutting down and abandoning module SessionFrontend (414)
[2018.02.26-12.31.48:296][540]LogModuleManager: Shutting down and abandoning module ProfilerClient (412)
[2018.02.26-12.31.48:296][540]LogModuleManager: Shutting down and abandoning module DeviceManager (410)
[2018.02.26-12.31.48:296][540]LogModuleManager: Shutting down and abandoning module TargetDeviceServices (409)
[2018.02.26-12.31.48:349][540]LogModuleManager: Shutting down and abandoning module AutomationController (406)
[2018.02.26-12.31.48:349][540]LogModuleManager: Shutting down and abandoning module AutomationWindow (404)
[2018.02.26-12.31.48:350][540]LogModuleManager: Shutting down and abandoning module Layers (402)
[2018.02.26-12.31.48:350][540]LogModuleManager: Shutting down and abandoning module ComponentVisualizers (400)
[2018.02.26-12.31.48:350][540]LogModuleManager: Shutting down and abandoning module DetailCustomizations (398)
[2018.02.26-12.31.48:350][540]LogModuleManager: Shutting down and abandoning module PackagesDialog (396)
[2018.02.26-12.31.48:351][540]LogModuleManager: Shutting down and abandoning module Persona (394)
[2018.02.26-12.31.48:351][540]LogModuleManager: Shutting down and abandoning module AdvancedPreviewScene (393)
[2018.02.26-12.31.48:351][540]LogModuleManager: Shutting down and abandoning module AnimGraph (391)
[2018.02.26-12.31.48:351][540]LogModuleManager: Shutting down and abandoning module Kismet (388)
[2018.02.26-12.31.48:352][540]LogModuleManager: Shutting down and abandoning module ClassViewer (386)
[2018.02.26-12.31.48:352][540]LogModuleManager: Shutting down and abandoning module Toolbox (384)
[2018.02.26-12.31.48:352][540]LogModuleManager: Shutting down and abandoning module ModuleUI (382)
[2018.02.26-12.31.48:352][540]LogModuleManager: Shutting down and abandoning module MovieSceneTools (380)
[2018.02.26-12.31.48:352][540]LogModuleManager: Shutting down and abandoning module OutputLog (378)
[2018.02.26-12.31.48:352][540]LogModuleManager: Shutting down and abandoning module GammaUI (376)
[2018.02.26-12.31.48:352][540]LogModuleManager: Shutting down and abandoning module Documentation (374)
[2018.02.26-12.31.48:352][540]LogModuleManager: Shutting down and abandoning module MovieSceneTracks (372)
[2018.02.26-12.31.48:352][540]LogModuleManager: Shutting down and abandoning module MovieScene (370)
[2018.02.26-12.31.48:352][540]LogModuleManager: Shutting down and abandoning module StreamingPauseRendering (368)
[2018.02.26-12.31.48:352][540]LogModuleManager: Shutting down and abandoning module LauncherPlatform (366)
[2018.02.26-12.31.48:352][540]LogModuleManager: Shutting down and abandoning module AnalyticsET (364)
[2018.02.26-12.31.48:352][540]LogModuleManager: Shutting down and abandoning module PortalServices (362)
[2018.02.26-12.31.48:352][540]LogModuleManager: Shutting down and abandoning module PortalRpc (360)
[2018.02.26-12.31.48:352][540]LogModuleManager: Shutting down and abandoning module MessagingRpc (358)
[2018.02.26-12.31.48:352][540]LogModuleManager: Shutting down and abandoning module AIModule (356)
[2018.02.26-12.31.48:352][540]LogModuleManager: Shutting down and abandoning module GameplayDebugger (355)
[2018.02.26-12.31.48:352][540]LogModuleManager: Shutting down and abandoning module AITestSuite (353)
[2018.02.26-12.31.48:352][540]LogModuleManager: Shutting down and abandoning module DesktopPlatform (350)
[2018.02.26-12.31.48:352][540]LogModuleManager: Shutting down and abandoning module ProfilerService (348)
[2018.02.26-12.31.48:412][540]LogModuleManager: Shutting down and abandoning module TaskGraph (346)
[2018.02.26-12.31.48:413][540]LogModuleManager: Shutting down and abandoning module SteamVRController (344)
[2018.02.26-12.31.48:413][540]LogModuleManager: Shutting down and abandoning module ProceduralMeshComponentEditor (342)
[2018.02.26-12.31.48:413][540]LogModuleManager: Shutting down and abandoning module ProceduralMeshComponent (340)
[2018.02.26-12.31.48:413][540]LogModuleManager: Shutting down and abandoning module OculusInput (338)
[2018.02.26-12.31.48:413][540]LogModuleManager: Shutting down and abandoning module MobilePatchingUtils (336)
[2018.02.26-12.31.48:413][540]LogModuleManager: Shutting down and abandoning module CustomMeshComponent (334)
[2018.02.26-12.31.48:413][540]LogModuleManager: Shutting down and abandoning module CableComponent (332)
[2018.02.26-12.31.48:413][540]LogModuleManager: Shutting down and abandoning module ArchVisCharacter (330)
[2018.02.26-12.31.48:413][540]LogModuleManager: Shutting down and abandoning module AndroidPermission (328)
[2018.02.26-12.31.48:413][540]LogModuleManager: Shutting down and abandoning module ActorSequence (324)
[2018.02.26-12.31.48:413][540]LogModuleManager: Shutting down and abandoning module MediaPlayerEditor (322)
[2018.02.26-12.31.48:413][540]LogModuleManager: Shutting down and abandoning module MediaCompositingEditor (320)
[2018.02.26-12.31.48:413][540]LogModuleManager: Shutting down and abandoning module MediaCompositing (318)
[2018.02.26-12.31.48:413][540]LogModuleManager: Shutting down and abandoning module HTML5Networking (316)
[2018.02.26-12.31.48:413][540]LogModuleManager: Shutting down and abandoning module AlembicImporter (314)
[2018.02.26-12.31.48:413][540]LogModuleManager: Shutting down and abandoning module AlembicLibrary (313)
[2018.02.26-12.31.48:413][540]LogModuleManager: Shutting down and abandoning module GeometryCache (312)
[2018.02.26-12.31.48:413][540]LogModuleManager: Shutting down and abandoning module GeometryCacheEd (311)
[2018.02.26-12.31.48:413][540]LogModuleManager: Shutting down and abandoning module SpeedTreeImporter (306)
[2018.02.26-12.31.48:413][540]LogModuleManager: Shutting down and abandoning module PluginBrowser (304)
[2018.02.26-12.31.48:413][540]LogModuleManager: Shutting down and abandoning module MobileLauncherProfileWizard (302)
[2018.02.26-12.31.48:413][540]LogModuleManager: Shutting down and abandoning module VisualStudioSourceCodeAccess (300)
[2018.02.26-12.31.48:413][540]LogModuleManager: Shutting down and abandoning module VisualStudioCodeSourceCodeAccess (298)
[2018.02.26-12.31.48:414][540]LogModuleManager: Shutting down and abandoning module UObjectPlugin (296)
[2018.02.26-12.31.48:414][540]LogModuleManager: Shutting down and abandoning module SubversionSourceControl (294)
[2018.02.26-12.31.48:414][540]LogModuleManager: Shutting down and abandoning module PerforceSourceControl (292)
[2018.02.26-12.31.48:414][540]LogModuleManager: Shutting down and abandoning module GitSourceControl (290)
[2018.02.26-12.31.48:416][540]LogModuleManager: Shutting down and abandoning module SourceControl (289)
[2018.02.26-12.31.48:416][540]LogModuleManager: Shutting down and abandoning module LightPropagationVolumeEditor (286)
[2018.02.26-12.31.48:416][540]LogModuleManager: Shutting down and abandoning module PaperTiledImporter (284)
[2018.02.26-12.31.48:416][540]LogModuleManager: Shutting down and abandoning module PaperSpriteSheetImporter (282)
[2018.02.26-12.31.48:416][540]LogModuleManager: Shutting down and abandoning module Paper2DEditor (280)
[2018.02.26-12.31.48:416][540]LogModuleManager: Shutting down and abandoning module MeshPaint (279)
[2018.02.26-12.31.48:416][540]LogModuleManager: Shutting down and abandoning module LevelEditor (277)
[2018.02.26-12.31.48:418][540]LogModuleManager: Shutting down and abandoning module PixelInspectorModule (276)
[2018.02.26-12.31.48:418][540]LogModuleManager: Shutting down and abandoning module MainFrame (274)
[2018.02.26-12.31.48:418][540]LogModuleManager: Shutting down and abandoning module HotReload (273)
[2018.02.26-12.31.48:419][540]LogModuleManager: Shutting down and abandoning module RuntimePhysXCooking (268)
[2018.02.26-12.31.48:419][540]LogModuleManager: Shutting down and abandoning module PhysXVehiclesEditor (266)
[2018.02.26-12.31.48:419][540]LogModuleManager: Shutting down and abandoning module PhysXVehicles (264)
[2018.02.26-12.31.48:419][540]LogModuleManager: Shutting down and abandoning module OculusEditor (262)
[2018.02.26-12.31.48:419][540]LogModuleManager: Shutting down and abandoning module LocationServicesBPLibrary (260)
[2018.02.26-12.31.48:419][540]LogModuleManager: Shutting down and abandoning module ImmediatePhysicsEditor (258)
[2018.02.26-12.31.48:419][540]LogModuleManager: Shutting down and abandoning module ImmediatePhysics (256)
[2018.02.26-12.31.48:419][540]LogModuleManager: Shutting down and abandoning module UdpMessaging (254)
[2018.02.26-12.31.48:520][540]LogModuleManager: Shutting down and abandoning module TcpMessaging (252)
[2018.02.26-12.31.48:621][540]LogModuleManager: Shutting down and abandoning module GameplayTagsEditor (250)
[2018.02.26-12.31.48:621][540]LogModuleManager: Shutting down and abandoning module FacialAnimationEditor (248)
[2018.02.26-12.31.48:621][540]LogModuleManager: Shutting down and abandoning module FacialAnimation (246)
[2018.02.26-12.31.48:621][540]LogModuleManager: Shutting down and abandoning module AssetManagerEditor (244)
[2018.02.26-12.31.48:621][540]LogModuleManager: Shutting down and abandoning module GraphEditor (243)
[2018.02.26-12.31.48:621][540]LogModuleManager: Shutting down and abandoning module ContentBrowser (241)
[2018.02.26-12.31.48:622][540]LogModuleManager: Shutting down and abandoning module LightPropagationVolumeRuntime (238)
[2018.02.26-12.31.48:622][540]LogModuleManager: Shutting down and abandoning module Paper2D (236)
[2018.02.26-12.31.48:622][540]LogModuleManager: Shutting down and abandoning module WindowsMoviePlayer (234)
[2018.02.26-12.31.48:623][540]LogModuleManager: Shutting down and abandoning module WmfMedia (232)
[2018.02.26-12.31.48:626][540]LogModuleManager: Shutting down and abandoning module ImgMedia (230)
[2018.02.26-12.31.48:626][540]LogModuleManager: Shutting down and abandoning module PacketHandler (228)
[2018.02.26-12.31.48:626][540]LogModuleManager: Shutting down and abandoning module ClothingSystemEditor (226)
[2018.02.26-12.31.48:626][540]LogModuleManager: Shutting down and abandoning module ClothingSystemRuntime (224)
[2018.02.26-12.31.48:626][540]LogModuleManager: Shutting down and abandoning module MediaAssets (222)
[2018.02.26-12.31.48:626][540]LogModuleManager: Shutting down and abandoning module Media (221)
[2018.02.26-12.31.48:632][540]LogModuleManager: Shutting down and abandoning module Overlay (218)
[2018.02.26-12.31.48:632][540]LogModuleManager: Shutting down and abandoning module OverlayEditor (217)
[2018.02.26-12.31.48:632][540]LogModuleManager: Shutting down and abandoning module VREditor (214)
[2018.02.26-12.31.48:632][540]LogModuleManager: Shutting down and abandoning module StringTableEditor (212)
[2018.02.26-12.31.48:632][540]LogModuleManager: Shutting down and abandoning module GameplayTasksEditor (210)
[2018.02.26-12.31.48:632][540]LogModuleManager: Shutting down and abandoning module BehaviorTreeEditor (208)
[2018.02.26-12.31.48:632][540]LogModuleManager: Shutting down and abandoning module FunctionalTesting (206)
[2018.02.26-12.31.48:632][540]LogModuleManager: Shutting down and abandoning module CollisionAnalyzer (204)
[2018.02.26-12.31.48:633][540]LogModuleManager: Shutting down and abandoning module WorkspaceMenuStructure (203)
[2018.02.26-12.31.48:633][540]LogModuleManager: Shutting down and abandoning module UMG (200)
[2018.02.26-12.31.48:633][540]LogModuleManager: Shutting down and abandoning module UMGEditor (199)
[2018.02.26-12.31.48:633][540]LogModuleManager: Shutting down and abandoning module Sequencer (198)
[2018.02.26-12.31.48:633][540]LogModuleManager: Shutting down and abandoning module MessageLog (195)
[2018.02.26-12.31.48:633][540]LogModuleManager: Shutting down and abandoning module SlateReflector (190)
[2018.02.26-12.31.48:633][540]LogModuleManager: Shutting down and abandoning module Slate (188)
[2018.02.26-12.31.48:633][540]LogModuleManager: Shutting down and abandoning module EditorStyle (186)
[2018.02.26-12.31.48:636][540]LogModuleManager: Shutting down and abandoning module MRMesh (184)
[2018.02.26-12.31.48:636][540]LogModuleManager: Shutting down and abandoning module SourceCodeAccess (182)
[2018.02.26-12.31.48:636][540]LogModuleManager: Shutting down and abandoning module HeadMountedDisplay (180)
[2018.02.26-12.31.48:636][540]LogModuleManager: Shutting down and abandoning module XAudio2 (178)
[2018.02.26-12.31.48:636][540]LogModuleManager: Shutting down and abandoning module Networking (176)
[2018.02.26-12.31.48:636][540]LogModuleManager: Shutting down and abandoning module Core (172)
[2018.02.26-12.31.48:636][540]LogModuleManager: Shutting down and abandoning module LevelSequence (168)
[2018.02.26-12.31.48:636][540]LogModuleManager: Shutting down and abandoning module DirectoryWatcher (166)
[2018.02.26-12.31.48:637][540]LogModuleManager: Shutting down and abandoning module KismetCompiler (164)
[2018.02.26-12.31.48:638][540]LogModuleManager: Shutting down and abandoning module MeshUtilities (162)
[2018.02.26-12.31.48:638][540]LogModuleManager: Shutting down and abandoning module MeshMergeUtilities (161)
[2018.02.26-12.31.48:638][540]LogModuleManager: Shutting down and abandoning module MeshReductionInterface (160)
[2018.02.26-12.31.48:638][540]LogModuleManager: Shutting down and abandoning module SimplygonSwarm (159)
[2018.02.26-12.31.48:638][540]LogModuleManager: Shutting down and abandoning module SimplygonMeshReduction (157)
[2018.02.26-12.31.48:638][540]LogModuleManager: Shutting down and abandoning module QuadricMeshReduction (155)
[2018.02.26-12.31.48:638][540]LogModuleManager: Shutting down and abandoning module MaterialBaking (151)
[2018.02.26-12.31.48:638][540]LogModuleManager: Shutting down and abandoning module DerivedDataCache (148)
[2018.02.26-12.31.48:665][540]LogDerivedDataCache: Shutdown
[2018.02.26-12.31.48:665][540]LogModuleManager: Shutting down and abandoning module TargetPlatform (146)
[2018.02.26-12.31.48:665][540]LogModuleManager: Shutting down and abandoning module VulkanShaderFormat (145)
[2018.02.26-12.31.48:665][540]LogModuleManager: Shutting down and abandoning module ShaderFormatVectorVM (143)
[2018.02.26-12.31.48:665][540]LogModuleManager: Shutting down and abandoning module ShaderFormatOpenGL (141)
[2018.02.26-12.31.48:665][540]LogModuleManager: Shutting down and abandoning module ShaderFormatD3D (139)
[2018.02.26-12.31.48:665][540]LogModuleManager: Shutting down and abandoning module MetalShaderFormat (137)
[2018.02.26-12.31.48:665][540]LogModuleManager: Shutting down and abandoning module TextureFormatUncompressed (135)
[2018.02.26-12.31.48:665][540]LogModuleManager: Shutting down and abandoning module TextureFormatPVR (133)
[2018.02.26-12.31.48:665][540]LogModuleManager: Shutting down and abandoning module TextureFormatDXT (131)
[2018.02.26-12.31.48:665][540]LogModuleManager: Shutting down and abandoning module TextureFormatIntelISPCTexComp (129)
[2018.02.26-12.31.48:665][540]LogModuleManager: Shutting down and abandoning module TextureFormatASTC (127)
[2018.02.26-12.31.48:665][540]LogModuleManager: Shutting down and abandoning module ImageWrapper (126)
[2018.02.26-12.31.48:665][540]LogModuleManager: Shutting down and abandoning module TextureFormatAndroid (123)
[2018.02.26-12.31.48:665][540]LogModuleManager: Shutting down and abandoning module AudioFormatOpus (121)
[2018.02.26-12.31.48:665][540]LogModuleManager: Shutting down and abandoning module AudioFormatOgg (119)
[2018.02.26-12.31.48:665][540]LogModuleManager: Shutting down and abandoning module AudioFormatADPCM (117)
[2018.02.26-12.31.48:665][540]LogModuleManager: Shutting down and abandoning module LinuxTargetPlatform (115)
[2018.02.26-12.31.48:665][540]LogModuleManager: Shutting down and abandoning module LinuxServerTargetPlatform (113)
[2018.02.26-12.31.48:665][540]LogModuleManager: Shutting down and abandoning module LinuxNoEditorTargetPlatform (111)
[2018.02.26-12.31.48:665][540]LogModuleManager: Shutting down and abandoning module LinuxClientTargetPlatform (109)
[2018.02.26-12.31.48:665][540]LogModuleManager: Shutting down and abandoning module TVOSTargetPlatform (107)
[2018.02.26-12.31.48:665][540]LogModuleManager: Shutting down and abandoning module Messaging (105)
[2018.02.26-12.31.48:666][540]LogModuleManager: Shutting down and abandoning module IOSTargetPlatform (103)
[2018.02.26-12.31.48:666][540]LogModuleManager: Shutting down and abandoning module HTML5TargetPlatform (101)
[2018.02.26-12.31.48:666][540]LogModuleManager: Shutting down and abandoning module AndroidTargetPlatform (99)
[2018.02.26-12.31.48:666][540]LogModuleManager: Shutting down and abandoning module Android_PVRTCTargetPlatform (97)
[2018.02.26-12.31.48:666][540]LogModuleManager: Shutting down and abandoning module Android_MultiTargetPlatform (95)
[2018.02.26-12.31.48:666][540]LogModuleManager: Shutting down and abandoning module Android_ETC2TargetPlatform (93)
[2018.02.26-12.31.48:666][540]LogModuleManager: Shutting down and abandoning module Android_ETC1TargetPlatform (91)
[2018.02.26-12.31.48:666][540]LogModuleManager: Shutting down and abandoning module Android_DXTTargetPlatform (89)
[2018.02.26-12.31.48:666][540]LogModuleManager: Shutting down and abandoning module Android_ATCTargetPlatform (87)
[2018.02.26-12.31.48:666][540]LogModuleManager: Shutting down and abandoning module Android_ASTCTargetPlatform (85)
[2018.02.26-12.31.48:666][540]LogModuleManager: Shutting down and abandoning module WindowsTargetPlatform (83)
[2018.02.26-12.31.48:666][540]LogModuleManager: Shutting down and abandoning module WindowsServerTargetPlatform (81)
[2018.02.26-12.31.48:666][540]LogModuleManager: Shutting down and abandoning module WindowsNoEditorTargetPlatform (79)
[2018.02.26-12.31.48:666][540]LogModuleManager: Shutting down and abandoning module WindowsClientTargetPlatform (77)
[2018.02.26-12.31.48:666][540]LogModuleManager: Shutting down and abandoning module MacTargetPlatform (75)
[2018.02.26-12.31.48:666][540]LogModuleManager: Shutting down and abandoning module MacServerTargetPlatform (73)
[2018.02.26-12.31.48:666][540]LogModuleManager: Shutting down and abandoning module MacNoEditorTargetPlatform (71)
[2018.02.26-12.31.48:666][540]LogModuleManager: Shutting down and abandoning module MacClientTargetPlatform (69)
[2018.02.26-12.31.48:666][540]LogModuleManager: Shutting down and abandoning module AllDesktopTargetPlatform (67)
[2018.02.26-12.31.48:666][540]LogModuleManager: Shutting down and abandoning module InputCore (64)
[2018.02.26-12.31.48:666][540]LogModuleManager: Shutting down and abandoning module Settings (62)
[2018.02.26-12.31.48:666][540]LogModuleManager: Shutting down and abandoning module PhysXCooking (60)
[2018.02.26-12.31.48:666][540]LogModuleManager: Shutting down and abandoning module SteamVR (58)
[2018.02.26-12.31.48:666][540]LogModuleManager: Shutting down and abandoning module OculusHMD (56)
[2018.02.26-12.31.48:666][540]LogModuleManager: Shutting down and abandoning module ExampleDeviceProfileSelector (54)
[2018.02.26-12.31.48:666][540]LogModuleManager: Shutting down and abandoning module AppleARKit (52)
[2018.02.26-12.31.48:667][540]LogModuleManager: Shutting down and abandoning module AugmentedReality (51)
[2018.02.26-12.31.48:667][540]LogModuleManager: Shutting down and abandoning module OnlineBlueprintSupport (48)
[2018.02.26-12.31.48:667][540]LogModuleManager: Shutting down and abandoning module OnlineSubsystem (44)
[2018.02.26-12.31.48:667][540]LogModuleManager: Shutting down and abandoning module XMPP (43)
[2018.02.26-12.31.48:667][540]LogModuleManager: Shutting down and abandoning module HTTP (41)
[2018.02.26-12.31.48:667][540]LogHttp: Display: Http module shutting down, but needs to wait on 1 outstanding Http requests:
[2018.02.26-12.31.48:667][540]LogHttp: Display: 	verb=[POST] url=[https://datarouter.ol.epicgames.com/datarouter/api/v1/public/data?SessionID=%7BFB5EFD9B-4490-47B2-B433-979885D36072%7D&AppID=UEEditor.Rocket.Release&AppVersion=4.18.3-3832480%2B%2B%2BUE4%2BRelease-4.18&UserID=064555c64373ce4930b817bb1d8fd157%7C43ab426c2f5c447c9d4986118f16aa55%7C1f6e2643-59b5-4cbe-9cf3-981f58497554&AppEnvironment=datacollector-binary&UploadType=eteventstream] status=Processing
[2018.02.26-12.31.48:687][540]LogModuleManager: Shutting down and abandoning module SSL (40)
[2018.02.26-12.31.48:688][540]LogModuleManager: Shutting down and abandoning module AnimationModifiers (36)
[2018.02.26-12.31.48:688][540]LogModuleManager: Shutting down and abandoning module PropertyEditor (35)
[2018.02.26-12.31.48:688][540]LogModuleManager: Shutting down and abandoning module AudioEditor (32)
[2018.02.26-12.31.48:688][540]LogModuleManager: Shutting down and abandoning module TextureCompressor (30)
[2018.02.26-12.31.48:688][540]LogModuleManager: Shutting down and abandoning module ShaderCore (28)
[2018.02.26-12.31.48:688][540]LogModuleManager: Shutting down and abandoning module Landscape (26)
[2018.02.26-12.31.48:688][540]LogModuleManager: Shutting down and abandoning module SlateRHIRenderer (24)
[2018.02.26-12.31.48:690][540]LogModuleManager: Shutting down and abandoning module OpenGLDrv (22)
[2018.02.26-12.31.48:690][540]LogModuleManager: Shutting down and abandoning module D3D11RHI (20)
[2018.02.26-12.31.48:690][540]LogModuleManager: Shutting down and abandoning module AnimGraphRuntime (18)
[2018.02.26-12.31.48:690][540]LogModuleManager: Shutting down and abandoning module Renderer (16)
[2018.02.26-12.31.48:690][540]LogModuleManager: Shutting down and abandoning module Engine (14)
[2018.02.26-12.31.48:690][540]LogModuleManager: Shutting down and abandoning module CoreUObject (12)
[2018.02.26-12.31.48:690][540]LogModuleManager: Shutting down and abandoning module NetworkFile (10)
[2018.02.26-12.31.48:690][540]LogModuleManager: Shutting down and abandoning module CookedIterativeFile (8)
[2018.02.26-12.31.48:690][540]LogModuleManager: Shutting down and abandoning module StreamingFile (6)
[2018.02.26-12.31.48:690][540]LogModuleManager: Shutting down and abandoning module SandboxFile (4)
[2018.02.26-12.31.48:690][540]LogModuleManager: Shutting down and abandoning module PakFile (2)
[2018.02.26-12.31.48:693][540]LogExit: Exiting.
[2018.02.26-12.31.48:707][540]Log file closed, 02/26/18 15:31:48
